#
# There is insufficient memory for the Java Runtime Environment to continue.
# Native memory allocation (mmap) failed to map 126877696 bytes for G1 virtual space
# Possible reasons:
#   The system is out of physical RAM or swap space
#   The process is running with CompressedOops enabled, and the Java Heap may be blocking the growth of the native heap
# Possible solutions:
#   Reduce memory load on the system
#   Increase physical memory or swap space
#   Check if swap backing store is full
#   Decrease Java heap size (-Xmx/-Xms)
#   Decrease number of Java threads
#   Decrease Java thread stack sizes (-Xss)
#   Set larger code cache with -XX:ReservedCodeCacheSize=
#   JVM is running with Unscaled Compressed Oops mode in which the Java heap is
#     placed in the first 4GB address space. The Java Heap base address is the
#     maximum limit for the native heap growth. Please use -XX:HeapBaseMinAddress
#     to set the Java Heap base and to place the Java Heap above 4GB virtual address.
# This output file may be truncated or incomplete.
#
#  Out of Memory Error (os_windows.cpp:3541), pid=6172, tid=26912
#
# JRE version: OpenJDK Runtime Environment Temurin-17.0.4.1+1 (17.0.4.1+1) (build 17.0.4.1+1)
# Java VM: OpenJDK 64-Bit Server VM Temurin-17.0.4.1+1 (17.0.4.1+1, mixed mode, emulated-client, tiered, compressed oops, compressed class ptrs, g1 gc, windows-amd64)
# No core dump will be written. Minidumps are not enabled by default on client versions of Windows
#

---------------  S U M M A R Y ------------

Command Line: -Dsts.lsp.client=vscode -Dsts.log.file=/dev/null -XX:TieredStopAtLevel=1 -Xlog:jni+resolve=off -Dspring.config.location=file:c:\Users\giiio\.vscode\extensions\pivotal.vscode-spring-boot-1.40.0\language-server\BOOT-INF\classes\application.properties org.springframework.ide.vscode.boot.app.BootLanguageServerBootApp

Host: Intel(R) Core(TM) i3-10110U CPU @ 2.10GHz, 4 cores, 7G,  Windows 11 , 64 bit Build 22621 (10.0.22621.755)
Time: Tue Nov 22 03:56:16 2022 SA Pacific Standard Time elapsed time: 3.323854 seconds (0d 0h 0m 3s)

---------------  T H R E A D  ---------------

Current thread (0x000001fc58bf1850):  VMThread "VM Thread" [stack: 0x000000b2c4500000,0x000000b2c4600000] [id=26912]

Stack: [0x000000b2c4500000,0x000000b2c4600000]
Native frames: (J=compiled Java code, j=interpreted, Vv=VM code, C=native code)
V  [jvm.dll+0x67731a]
V  [jvm.dll+0x832284]
V  [jvm.dll+0x833a2e]
V  [jvm.dll+0x834093]
V  [jvm.dll+0x245775]
V  [jvm.dll+0x674209]
V  [jvm.dll+0x668a92]
V  [jvm.dll+0x30471b]
V  [jvm.dll+0x30bc66]
V  [jvm.dll+0x35ba9e]
V  [jvm.dll+0x35bccf]
V  [jvm.dll+0x2db5b8]
V  [jvm.dll+0x2d986c]
V  [jvm.dll+0x2d8e3c]
V  [jvm.dll+0x31d0c1]
V  [jvm.dll+0x83853b]
V  [jvm.dll+0x839274]
V  [jvm.dll+0x83978c]
V  [jvm.dll+0x839b64]
V  [jvm.dll+0x839c30]
V  [jvm.dll+0x7e240a]
V  [jvm.dll+0x6761a5]
C  [ucrtbase.dll+0x29363]
C  [KERNEL32.DLL+0x1244d]
C  [ntdll.dll+0x5dfb8]

VM_Operation (0x000000b2c5cfe390): G1TryInitiateConcMark, mode: safepoint, requested by thread 0x000001fc5b5ae030


---------------  P R O C E S S  ---------------

Threads class SMR info:
_java_thread_list=0x000001fc5ba0b800, length=30, elements={
0x000001fc58bf62f0, 0x000001fc58bf6ea0, 0x000001fc58bfa3a0, 0x000001fc58bfad50,
0x000001fc58bfb700, 0x000001fc58bfc0b0, 0x000001fc5944ed70, 0x000001fc594620e0,
0x000001fc58b8f0e0, 0x000001fc5966eb30, 0x000001fc596711c0, 0x000001fc59fe62c0,
0x000001fc5b20b170, 0x000001fc5b3e19e0, 0x000001fc5b444910, 0x000001fc4a1e4260,
0x000001fc5b4dd850, 0x000001fc5b55a560, 0x000001fc5b55b030, 0x000001fc5b5ae030,
0x000001fc5b650390, 0x000001fc5b5e59a0, 0x000001fc5b664690, 0x000001fc5b664b60,
0x000001fc5b665030, 0x000001fc5b666890, 0x000001fc5b667bd0, 0x000001fc5b668a40,
0x000001fc5b668570, 0x000001fc5b667700
}

Java Threads: ( => current thread )
  0x000001fc58bf62f0 JavaThread "Reference Handler" daemon [_thread_blocked, id=25848, stack(0x000000b2c4600000,0x000000b2c4700000)]
  0x000001fc58bf6ea0 JavaThread "Finalizer" daemon [_thread_blocked, id=26320, stack(0x000000b2c4700000,0x000000b2c4800000)]
  0x000001fc58bfa3a0 JavaThread "Signal Dispatcher" daemon [_thread_blocked, id=12396, stack(0x000000b2c4800000,0x000000b2c4900000)]
  0x000001fc58bfad50 JavaThread "Attach Listener" daemon [_thread_blocked, id=15900, stack(0x000000b2c4900000,0x000000b2c4a00000)]
  0x000001fc58bfb700 JavaThread "Service Thread" daemon [_thread_blocked, id=20368, stack(0x000000b2c4a00000,0x000000b2c4b00000)]
  0x000001fc58bfc0b0 JavaThread "Monitor Deflation Thread" daemon [_thread_blocked, id=8580, stack(0x000000b2c4b00000,0x000000b2c4c00000)]
  0x000001fc5944ed70 JavaThread "C1 CompilerThread0" daemon [_thread_blocked, id=13796, stack(0x000000b2c4c00000,0x000000b2c4d00000)]
  0x000001fc594620e0 JavaThread "Sweeper thread" daemon [_thread_blocked, id=30784, stack(0x000000b2c4d00000,0x000000b2c4e00000)]
  0x000001fc58b8f0e0 JavaThread "C1 CompilerThread1" daemon [_thread_blocked, id=13616, stack(0x000000b2c4e00000,0x000000b2c4f00000)]
  0x000001fc5966eb30 JavaThread "Notification Thread" daemon [_thread_blocked, id=25732, stack(0x000000b2c4f00000,0x000000b2c5000000)]
  0x000001fc596711c0 JavaThread "Common-Cleaner" daemon [_thread_blocked, id=7460, stack(0x000000b2c5100000,0x000000b2c5200000)]
  0x000001fc59fe62c0 JavaThread "C1 CompilerThread2" daemon [_thread_blocked, id=8028, stack(0x000000b2c5400000,0x000000b2c5500000)]
  0x000001fc5b20b170 JavaThread "boundedElastic-evictor-1" daemon [_thread_blocked, id=16300, stack(0x000000b2c5600000,0x000000b2c5700000)]
  0x000001fc5b3e19e0 JavaThread "pool-9-thread-1" [_thread_blocked, id=31488, stack(0x000000b2c5700000,0x000000b2c5800000)]
  0x000001fc5b444910 JavaThread "LanguageServerApp-lifecycle" [_thread_blocked, id=30732, stack(0x000000b2c5800000,0x000000b2c5900000)]
  0x000001fc4a1e4260 JavaThread "DestroyJavaVM" [_thread_blocked, id=1504, stack(0x000000b2c3f00000,0x000000b2c4000000)]
  0x000001fc5b4dd850 JavaThread "pool-10-thread-1" [_thread_in_native, id=21240, stack(0x000000b2c5900000,0x000000b2c5a00000)]
  0x000001fc5b55a560 JavaThread "Simple-Language-Server main thread" daemon [_thread_blocked, id=21068, stack(0x000000b2c5a00000,0x000000b2c5b00000)]
  0x000001fc5b55b030 JavaThread "ForkJoinPool.commonPool-worker-1" daemon [_thread_blocked, id=1952, stack(0x000000b2c5b00000,0x000000b2c5c00000)]
  0x000001fc5b5ae030 JavaThread "ClassGraph-worker-0" daemon [_thread_blocked, id=6408, stack(0x000000b2c5c00000,0x000000b2c5d00000)]
  0x000001fc5b650390 JavaThread "ClassGraph-worker-1" daemon [_thread_blocked, id=13976, stack(0x000000b2c5d00000,0x000000b2c5e00000)]
  0x000001fc5b5e59a0 JavaThread "ClassGraph-worker-2" daemon [_thread_blocked, id=10284, stack(0x000000b2c5e00000,0x000000b2c5f00000)]
  0x000001fc5b664690 JavaThread "ClassGraph-worker-3" daemon [_thread_blocked, id=8804, stack(0x000000b2c5f00000,0x000000b2c6000000)]
  0x000001fc5b664b60 JavaThread "ClassGraph-worker-4" daemon [_thread_blocked, id=27400, stack(0x000000b2c6000000,0x000000b2c6100000)]
  0x000001fc5b665030 JavaThread "ClassGraph-worker-5" daemon [_thread_blocked, id=10632, stack(0x000000b2c6100000,0x000000b2c6200000)]
  0x000001fc5b666890 JavaThread "ClassGraph-worker-6" daemon [_thread_blocked, id=4716, stack(0x000000b2c6200000,0x000000b2c6300000)]
  0x000001fc5b667bd0 JavaThread "ClassGraph-worker-7" daemon [_thread_blocked, id=25572, stack(0x000000b2c6300000,0x000000b2c6400000)]
  0x000001fc5b668a40 JavaThread "parallel-1" daemon [_thread_blocked, id=13856, stack(0x000000b2c6400000,0x000000b2c6500000)]
  0x000001fc5b668570 JavaThread "pool-5-thread-1" [_thread_blocked, id=20156, stack(0x000000b2c6600000,0x000000b2c6700000)]
  0x000001fc5b667700 JavaThread "parallel-2" daemon [_thread_blocked, id=14976, stack(0x000000b2c6700000,0x000000b2c6800000)]

Other Threads:
=>0x000001fc58bf1850 VMThread "VM Thread" [stack: 0x000000b2c4500000,0x000000b2c4600000] [id=26912]
  0x000001fc4a254c10 WatcherThread [stack: 0x000000b2c5000000,0x000000b2c5100000] [id=23828]
  0x000001fc4a23b160 GCTaskThread "GC Thread#0" [stack: 0x000000b2c4000000,0x000000b2c4100000] [id=27060]
  0x000001fc59e85630 GCTaskThread "GC Thread#1" [stack: 0x000000b2c5200000,0x000000b2c5300000] [id=27228]
  0x000001fc59f85fe0 GCTaskThread "GC Thread#2" [stack: 0x000000b2c5300000,0x000000b2c5400000] [id=24348]
  0x000001fc5a097a70 GCTaskThread "GC Thread#3" [stack: 0x000000b2c5500000,0x000000b2c5600000] [id=31716]
  0x000001fc4a24c4a0 ConcurrentGCThread "G1 Main Marker" [stack: 0x000000b2c4100000,0x000000b2c4200000] [id=4056]
  0x000001fc4a24dec0 ConcurrentGCThread "G1 Conc#0" [stack: 0x000000b2c4200000,0x000000b2c4300000] [id=6196]
  0x000001fc4a2ae540 ConcurrentGCThread "G1 Refine#0" [stack: 0x000000b2c4300000,0x000000b2c4400000] [id=16748]
  0x000001fc5afbc660 ConcurrentGCThread "G1 Refine#1" [stack: 0x000000b2c6500000,0x000000b2c6600000] [id=3084]
  0x000001fc58a59170 ConcurrentGCThread "G1 Service" [stack: 0x000000b2c4400000,0x000000b2c4500000] [id=29200]

Threads with active compile tasks:

VM state: at safepoint (normal execution)

VM Mutex/Monitor currently owned by a thread:  ([mutex/lock_event])
[0x000001fc4a048990] Threads_lock - owner thread: 0x000001fc58bf1850
[0x000001fc4a1d5270] Heap_lock - owner thread: 0x000001fc5b5ae030

Heap address: 0x0000000082800000, size: 2008 MB, Compressed Oops mode: 32-bit

CDS archive(s) not mapped
Compressed class space mapped at: 0x0000000100000000-0x0000000140000000, reserved size: 1073741824
Narrow klass base: 0x0000000000000000, Narrow klass shift: 3, Narrow klass range: 0x140000000

GC Precious Log:
 CPUs: 4 total, 4 available
 Memory: 8025M
 Large Page Support: Disabled
 NUMA Support: Disabled
 Compressed Oops: Enabled (32-bit)
 Heap Region Size: 1M
 Heap Min Capacity: 8M
 Heap Initial Capacity: 126M
 Heap Max Capacity: 2008M
 Pre-touch: Disabled
 Parallel Workers: 4
 Concurrent Workers: 1
 Concurrent Refinement Workers: 4
 Periodic GC: Disabled

Heap:
 garbage-first heap   total 129024K, used 52549K [0x0000000082800000, 0x0000000100000000)
  region size 1024K, 3 young (3072K), 3 survivors (3072K)
 Metaspace       used 38574K, committed 38976K, reserved 1089536K
  class space    used 4866K, committed 5056K, reserved 1048576K

Heap Regions: E=young(eden), S=young(survivor), O=old, HS=humongous(starts), HC=humongous(continues), CS=collection set, F=free, OA=open archive, CA=closed archive, TAMS=top-at-mark-start (previous, next)
|   0|0x0000000082800000, 0x0000000082900000, 0x0000000082900000|100%| O|  |TAMS 0x0000000082900000, 0x0000000082900000| Untracked 
|   1|0x0000000082900000, 0x0000000082a00000, 0x0000000082a00000|100%| O|  |TAMS 0x0000000082a00000, 0x0000000082a00000| Untracked 
|   2|0x0000000082a00000, 0x0000000082b00000, 0x0000000082b00000|100%| O|  |TAMS 0x0000000082b00000, 0x0000000082b00000| Untracked 
|   3|0x0000000082b00000, 0x0000000082c00000, 0x0000000082c00000|100%| O|  |TAMS 0x0000000082c00000, 0x0000000082c00000| Untracked 
|   4|0x0000000082c00000, 0x0000000082d00000, 0x0000000082d00000|100%| O|  |TAMS 0x0000000082d00000, 0x0000000082d00000| Untracked 
|   5|0x0000000082d00000, 0x0000000082e00000, 0x0000000082e00000|100%| O|  |TAMS 0x0000000082e00000, 0x0000000082e00000| Untracked 
|   6|0x0000000082e00000, 0x0000000082f00000, 0x0000000082f00000|100%| O|  |TAMS 0x0000000082f00000, 0x0000000082f00000| Untracked 
|   7|0x0000000082f00000, 0x0000000083000000, 0x0000000083000000|100%| O|  |TAMS 0x0000000082fc4400, 0x0000000083000000| Untracked 
|   8|0x0000000083000000, 0x0000000083100000, 0x0000000083100000|100%| O|  |TAMS 0x0000000083100000, 0x0000000083100000| Untracked 
|   9|0x0000000083100000, 0x0000000083200000, 0x0000000083200000|100%| O|  |TAMS 0x0000000083100000, 0x0000000083200000| Untracked 
|  10|0x0000000083200000, 0x0000000083300000, 0x0000000083300000|100%| O|  |TAMS 0x0000000083300000, 0x0000000083300000| Untracked 
|  11|0x0000000083300000, 0x0000000083400000, 0x0000000083400000|100%| O|  |TAMS 0x0000000083400000, 0x0000000083400000| Untracked 
|  12|0x0000000083400000, 0x0000000083500000, 0x0000000083500000|100%| O|  |TAMS 0x0000000083400000, 0x0000000083500000| Untracked 
|  13|0x0000000083500000, 0x0000000083600000, 0x0000000083600000|100%| O|  |TAMS 0x0000000083500000, 0x0000000083600000| Untracked 
|  14|0x0000000083600000, 0x0000000083700000, 0x0000000083700000|100%| O|  |TAMS 0x0000000083600000, 0x0000000083700000| Untracked 
|  15|0x0000000083700000, 0x0000000083800000, 0x0000000083800000|100%| O|  |TAMS 0x0000000083700000, 0x0000000083800000| Untracked 
|  16|0x0000000083800000, 0x0000000083900000, 0x0000000083900000|100%| O|  |TAMS 0x0000000083800000, 0x0000000083900000| Untracked 
|  17|0x0000000083900000, 0x0000000083a00000, 0x0000000083a00000|100%| O|  |TAMS 0x0000000083900000, 0x0000000083a00000| Untracked 
|  18|0x0000000083a00000, 0x0000000083b00000, 0x0000000083b00000|100%| O|  |TAMS 0x0000000083b00000, 0x0000000083b00000| Untracked 
|  19|0x0000000083b00000, 0x0000000083c00000, 0x0000000083c00000|100%| O|  |TAMS 0x0000000083c00000, 0x0000000083c00000| Untracked 
|  20|0x0000000083c00000, 0x0000000083d00000, 0x0000000083d00000|100%| O|  |TAMS 0x0000000083c00000, 0x0000000083d00000| Untracked 
|  21|0x0000000083d00000, 0x0000000083e00000, 0x0000000083e00000|100%| O|  |TAMS 0x0000000083d00000, 0x0000000083e00000| Untracked 
|  22|0x0000000083e00000, 0x0000000083f00000, 0x0000000083f00000|100%| O|  |TAMS 0x0000000083e00000, 0x0000000083f00000| Untracked 
|  23|0x0000000083f00000, 0x0000000084000000, 0x0000000084000000|100%| O|  |TAMS 0x0000000083f00000, 0x0000000084000000| Untracked 
|  24|0x0000000084000000, 0x0000000084100000, 0x0000000084100000|100%| O|  |TAMS 0x0000000084000000, 0x0000000084100000| Untracked 
|  25|0x0000000084100000, 0x0000000084200000, 0x0000000084200000|100%| O|  |TAMS 0x0000000084100000, 0x0000000084200000| Untracked 
|  26|0x0000000084200000, 0x0000000084300000, 0x0000000084300000|100%| O|  |TAMS 0x0000000084200000, 0x0000000084300000| Untracked 
|  27|0x0000000084300000, 0x0000000084400000, 0x0000000084400000|100%| O|  |TAMS 0x0000000084300000, 0x0000000084400000| Untracked 
|  28|0x0000000084400000, 0x0000000084500000, 0x0000000084500000|100%| O|  |TAMS 0x0000000084400000, 0x0000000084500000| Untracked 
|  29|0x0000000084500000, 0x0000000084600000, 0x0000000084600000|100%| O|  |TAMS 0x0000000084500000, 0x0000000084600000| Untracked 
|  30|0x0000000084600000, 0x0000000084700000, 0x0000000084700000|100%| O|  |TAMS 0x0000000084600000, 0x0000000084700000| Untracked 
|  31|0x0000000084700000, 0x0000000084800000, 0x0000000084800000|100%| O|  |TAMS 0x0000000084700000, 0x0000000084800000| Untracked 
|  32|0x0000000084800000, 0x0000000084900000, 0x0000000084900000|100%| O|  |TAMS 0x0000000084800000, 0x0000000084900000| Untracked 
|  33|0x0000000084900000, 0x0000000084a00000, 0x0000000084a00000|100%| O|  |TAMS 0x0000000084900000, 0x0000000084a00000| Untracked 
|  34|0x0000000084a00000, 0x0000000084b00000, 0x0000000084b00000|100%| O|  |TAMS 0x0000000084a00000, 0x0000000084b00000| Untracked 
|  35|0x0000000084b00000, 0x0000000084c00000, 0x0000000084c00000|100%| O|  |TAMS 0x0000000084b00000, 0x0000000084c00000| Untracked 
|  36|0x0000000084c00000, 0x0000000084d00000, 0x0000000084d00000|100%| O|  |TAMS 0x0000000084c00000, 0x0000000084d00000| Untracked 
|  37|0x0000000084d00000, 0x0000000084e00000, 0x0000000084e00000|100%| O|  |TAMS 0x0000000084d00000, 0x0000000084e00000| Untracked 
|  38|0x0000000084e00000, 0x0000000084f00000, 0x0000000084f00000|100%| O|  |TAMS 0x0000000084e00000, 0x0000000084f00000| Untracked 
|  39|0x0000000084f00000, 0x0000000085000000, 0x0000000085000000|100%| O|  |TAMS 0x0000000084f00000, 0x0000000085000000| Untracked 
|  40|0x0000000085000000, 0x0000000085100000, 0x0000000085100000|100%| O|  |TAMS 0x0000000085000000, 0x0000000085100000| Untracked 
|  41|0x0000000085100000, 0x0000000085200000, 0x0000000085200000|100%| O|  |TAMS 0x0000000085100000, 0x0000000085200000| Untracked 
|  42|0x0000000085200000, 0x0000000085300000, 0x0000000085300000|100%| O|  |TAMS 0x0000000085200000, 0x0000000085300000| Untracked 
|  43|0x0000000085300000, 0x0000000085400000, 0x0000000085400000|100%| O|  |TAMS 0x0000000085300000, 0x000000008535f800| Untracked 
|  44|0x0000000085400000, 0x0000000085500000, 0x0000000085500000|100%| O|  |TAMS 0x0000000085400000, 0x0000000085400000| Untracked 
|  45|0x0000000085500000, 0x0000000085600000, 0x0000000085600000|100%| O|  |TAMS 0x0000000085500000, 0x0000000085500000| Untracked 
|  46|0x0000000085600000, 0x0000000085700000, 0x0000000085700000|100%| O|  |TAMS 0x0000000085600000, 0x0000000085600000| Untracked 
|  47|0x0000000085700000, 0x0000000085800000, 0x0000000085800000|100%| O|  |TAMS 0x0000000085700000, 0x0000000085700000| Untracked 
|  48|0x0000000085800000, 0x0000000085856200, 0x0000000085900000| 33%| O|  |TAMS 0x0000000085800000, 0x0000000085800000| Untracked 
|  49|0x0000000085900000, 0x0000000085900000, 0x0000000085a00000|  0%| F|  |TAMS 0x0000000085900000, 0x0000000085900000| Untracked 
|  50|0x0000000085a00000, 0x0000000085a00000, 0x0000000085b00000|  0%| F|  |TAMS 0x0000000085a00000, 0x0000000085a00000| Untracked 
|  51|0x0000000085b00000, 0x0000000085b00000, 0x0000000085c00000|  0%| F|  |TAMS 0x0000000085b00000, 0x0000000085b00000| Untracked 
|  52|0x0000000085c00000, 0x0000000085c00000, 0x0000000085d00000|  0%| F|  |TAMS 0x0000000085c00000, 0x0000000085c00000| Untracked 
|  53|0x0000000085d00000, 0x0000000085d00000, 0x0000000085e00000|  0%| F|  |TAMS 0x0000000085d00000, 0x0000000085d00000| Untracked 
|  54|0x0000000085e00000, 0x0000000085e00000, 0x0000000085f00000|  0%| F|  |TAMS 0x0000000085e00000, 0x0000000085e00000| Untracked 
|  55|0x0000000085f00000, 0x0000000085f00000, 0x0000000086000000|  0%| F|  |TAMS 0x0000000085f00000, 0x0000000085f00000| Untracked 
|  56|0x0000000086000000, 0x0000000086000000, 0x0000000086100000|  0%| F|  |TAMS 0x0000000086000000, 0x0000000086000000| Untracked 
|  57|0x0000000086100000, 0x0000000086100000, 0x0000000086200000|  0%| F|  |TAMS 0x0000000086100000, 0x0000000086100000| Untracked 
|  58|0x0000000086200000, 0x0000000086200000, 0x0000000086300000|  0%| F|  |TAMS 0x0000000086200000, 0x0000000086200000| Untracked 
|  59|0x0000000086300000, 0x0000000086300000, 0x0000000086400000|  0%| F|  |TAMS 0x0000000086300000, 0x0000000086300000| Untracked 
|  60|0x0000000086400000, 0x0000000086400000, 0x0000000086500000|  0%| F|  |TAMS 0x0000000086400000, 0x0000000086400000| Untracked 
|  61|0x0000000086500000, 0x0000000086500000, 0x0000000086600000|  0%| F|  |TAMS 0x0000000086500000, 0x0000000086500000| Untracked 
|  62|0x0000000086600000, 0x0000000086600000, 0x0000000086700000|  0%| F|  |TAMS 0x0000000086600000, 0x0000000086600000| Untracked 
|  63|0x0000000086700000, 0x0000000086700000, 0x0000000086800000|  0%| F|  |TAMS 0x0000000086700000, 0x0000000086700000| Untracked 
|  64|0x0000000086800000, 0x0000000086800000, 0x0000000086900000|  0%| F|  |TAMS 0x0000000086800000, 0x0000000086800000| Untracked 
|  65|0x0000000086900000, 0x0000000086900000, 0x0000000086a00000|  0%| F|  |TAMS 0x0000000086900000, 0x0000000086900000| Untracked 
|  66|0x0000000086a00000, 0x0000000086a00000, 0x0000000086b00000|  0%| F|  |TAMS 0x0000000086a00000, 0x0000000086a00000| Untracked 
|  67|0x0000000086b00000, 0x0000000086b00000, 0x0000000086c00000|  0%| F|  |TAMS 0x0000000086b00000, 0x0000000086b00000| Untracked 
|  68|0x0000000086c00000, 0x0000000086c00000, 0x0000000086d00000|  0%| F|  |TAMS 0x0000000086c00000, 0x0000000086c00000| Untracked 
|  69|0x0000000086d00000, 0x0000000086d00000, 0x0000000086e00000|  0%| F|  |TAMS 0x0000000086d00000, 0x0000000086d00000| Untracked 
|  70|0x0000000086e00000, 0x0000000086e00000, 0x0000000086f00000|  0%| F|  |TAMS 0x0000000086e00000, 0x0000000086e00000| Untracked 
|  71|0x0000000086f00000, 0x0000000086f00000, 0x0000000087000000|  0%| F|  |TAMS 0x0000000086f00000, 0x0000000086f00000| Untracked 
|  72|0x0000000087000000, 0x0000000087000000, 0x0000000087100000|  0%| F|  |TAMS 0x0000000087000000, 0x0000000087000000| Untracked 
|  73|0x0000000087100000, 0x0000000087100000, 0x0000000087200000|  0%| F|  |TAMS 0x0000000087100000, 0x0000000087100000| Untracked 
|  74|0x0000000087200000, 0x0000000087200000, 0x0000000087300000|  0%| F|  |TAMS 0x0000000087200000, 0x0000000087200000| Untracked 
|  75|0x0000000087300000, 0x00000000873fb2c0, 0x0000000087400000| 98%| S|CS|TAMS 0x0000000087300000, 0x0000000087300000| Complete 
|  76|0x0000000087400000, 0x0000000087500000, 0x0000000087500000|100%| S|CS|TAMS 0x0000000087400000, 0x0000000087400000| Complete 
|  77|0x0000000087500000, 0x0000000087600000, 0x0000000087600000|100%| S|CS|TAMS 0x0000000087500000, 0x0000000087500000| Complete 
|  78|0x0000000087600000, 0x0000000087600000, 0x0000000087700000|  0%| F|  |TAMS 0x0000000087600000, 0x0000000087600000| Untracked 
|  79|0x0000000087700000, 0x0000000087700000, 0x0000000087800000|  0%| F|  |TAMS 0x0000000087700000, 0x0000000087700000| Untracked 
|  80|0x0000000087800000, 0x0000000087800000, 0x0000000087900000|  0%| F|  |TAMS 0x0000000087800000, 0x0000000087800000| Untracked 
|  81|0x0000000087900000, 0x0000000087900000, 0x0000000087a00000|  0%| F|  |TAMS 0x0000000087900000, 0x0000000087900000| Untracked 
|  82|0x0000000087a00000, 0x0000000087a00000, 0x0000000087b00000|  0%| F|  |TAMS 0x0000000087a00000, 0x0000000087a00000| Untracked 
|  83|0x0000000087b00000, 0x0000000087b00000, 0x0000000087c00000|  0%| F|  |TAMS 0x0000000087b00000, 0x0000000087b00000| Untracked 
|  84|0x0000000087c00000, 0x0000000087c00000, 0x0000000087d00000|  0%| F|  |TAMS 0x0000000087c00000, 0x0000000087c00000| Untracked 
|  85|0x0000000087d00000, 0x0000000087d00000, 0x0000000087e00000|  0%| F|  |TAMS 0x0000000087d00000, 0x0000000087d00000| Untracked 
|  86|0x0000000087e00000, 0x0000000087e00000, 0x0000000087f00000|  0%| F|  |TAMS 0x0000000087e00000, 0x0000000087e00000| Untracked 
|  87|0x0000000087f00000, 0x0000000087f00000, 0x0000000088000000|  0%| F|  |TAMS 0x0000000087f00000, 0x0000000087f00000| Untracked 
|  88|0x0000000088000000, 0x0000000088000000, 0x0000000088100000|  0%| F|  |TAMS 0x0000000088000000, 0x0000000088000000| Untracked 
|  89|0x0000000088100000, 0x0000000088100000, 0x0000000088200000|  0%| F|  |TAMS 0x0000000088100000, 0x0000000088100000| Untracked 
|  90|0x0000000088200000, 0x0000000088200000, 0x0000000088300000|  0%| F|  |TAMS 0x0000000088200000, 0x0000000088200000| Untracked 
|  91|0x0000000088300000, 0x0000000088300000, 0x0000000088400000|  0%| F|  |TAMS 0x0000000088300000, 0x0000000088300000| Untracked 
|  92|0x0000000088400000, 0x0000000088400000, 0x0000000088500000|  0%| F|  |TAMS 0x0000000088400000, 0x0000000088400000| Untracked 
|  93|0x0000000088500000, 0x0000000088500000, 0x0000000088600000|  0%| F|  |TAMS 0x0000000088500000, 0x0000000088500000| Untracked 
|  94|0x0000000088600000, 0x0000000088600000, 0x0000000088700000|  0%| F|  |TAMS 0x0000000088600000, 0x0000000088600000| Untracked 
|  95|0x0000000088700000, 0x0000000088700000, 0x0000000088800000|  0%| F|  |TAMS 0x0000000088700000, 0x0000000088700000| Untracked 
|  96|0x0000000088800000, 0x0000000088800000, 0x0000000088900000|  0%| F|  |TAMS 0x0000000088800000, 0x0000000088800000| Untracked 
|  97|0x0000000088900000, 0x0000000088900000, 0x0000000088a00000|  0%| F|  |TAMS 0x0000000088900000, 0x0000000088900000| Untracked 
|  98|0x0000000088a00000, 0x0000000088a00000, 0x0000000088b00000|  0%| F|  |TAMS 0x0000000088a00000, 0x0000000088a00000| Untracked 
|  99|0x0000000088b00000, 0x0000000088b00000, 0x0000000088c00000|  0%| F|  |TAMS 0x0000000088b00000, 0x0000000088b00000| Untracked 
| 100|0x0000000088c00000, 0x0000000088c00000, 0x0000000088d00000|  0%| F|  |TAMS 0x0000000088c00000, 0x0000000088c00000| Untracked 
| 101|0x0000000088d00000, 0x0000000088d00000, 0x0000000088e00000|  0%| F|  |TAMS 0x0000000088d00000, 0x0000000088d00000| Untracked 
| 102|0x0000000088e00000, 0x0000000088e00000, 0x0000000088f00000|  0%| F|  |TAMS 0x0000000088e00000, 0x0000000088e00000| Untracked 
| 103|0x0000000088f00000, 0x0000000088f00000, 0x0000000089000000|  0%| F|  |TAMS 0x0000000088f00000, 0x0000000088f00000| Untracked 
| 104|0x0000000089000000, 0x0000000089000000, 0x0000000089100000|  0%| F|  |TAMS 0x0000000089000000, 0x0000000089000000| Untracked 
| 105|0x0000000089100000, 0x0000000089100000, 0x0000000089200000|  0%| F|  |TAMS 0x0000000089100000, 0x0000000089100000| Untracked 
| 106|0x0000000089200000, 0x0000000089200000, 0x0000000089300000|  0%| F|  |TAMS 0x0000000089200000, 0x0000000089200000| Untracked 
| 107|0x0000000089300000, 0x0000000089300000, 0x0000000089400000|  0%| F|  |TAMS 0x0000000089300000, 0x0000000089300000| Untracked 
| 108|0x0000000089400000, 0x0000000089400000, 0x0000000089500000|  0%| F|  |TAMS 0x0000000089400000, 0x0000000089400000| Untracked 
| 109|0x0000000089500000, 0x0000000089500000, 0x0000000089600000|  0%| F|  |TAMS 0x0000000089500000, 0x0000000089500000| Untracked 
| 110|0x0000000089600000, 0x0000000089600000, 0x0000000089700000|  0%| F|  |TAMS 0x0000000089600000, 0x0000000089600000| Untracked 
| 111|0x0000000089700000, 0x0000000089700000, 0x0000000089800000|  0%| F|  |TAMS 0x0000000089700000, 0x0000000089700000| Untracked 
| 112|0x0000000089800000, 0x0000000089800000, 0x0000000089900000|  0%| F|  |TAMS 0x0000000089800000, 0x0000000089800000| Untracked 
| 113|0x0000000089900000, 0x0000000089900000, 0x0000000089a00000|  0%| F|  |TAMS 0x0000000089900000, 0x0000000089900000| Untracked 
| 114|0x0000000089a00000, 0x0000000089a00000, 0x0000000089b00000|  0%| F|  |TAMS 0x0000000089a00000, 0x0000000089a00000| Untracked 
| 115|0x0000000089b00000, 0x0000000089b00000, 0x0000000089c00000|  0%| F|  |TAMS 0x0000000089b00000, 0x0000000089b00000| Untracked 
| 116|0x0000000089c00000, 0x0000000089c00000, 0x0000000089d00000|  0%| F|  |TAMS 0x0000000089c00000, 0x0000000089c00000| Untracked 
| 117|0x0000000089d00000, 0x0000000089d00000, 0x0000000089e00000|  0%| F|  |TAMS 0x0000000089d00000, 0x0000000089d00000| Untracked 
| 118|0x0000000089e00000, 0x0000000089e00000, 0x0000000089f00000|  0%| F|  |TAMS 0x0000000089e00000, 0x0000000089e00000| Untracked 
| 119|0x0000000089f00000, 0x0000000089f00000, 0x000000008a000000|  0%| F|  |TAMS 0x0000000089f00000, 0x0000000089f00000| Untracked 
| 120|0x000000008a000000, 0x000000008a000000, 0x000000008a100000|  0%| F|  |TAMS 0x000000008a000000, 0x000000008a000000| Untracked 
| 121|0x000000008a100000, 0x000000008a100000, 0x000000008a200000|  0%| F|  |TAMS 0x000000008a100000, 0x000000008a100000| Untracked 
| 122|0x000000008a200000, 0x000000008a200000, 0x000000008a300000|  0%| F|  |TAMS 0x000000008a200000, 0x000000008a200000| Untracked 
| 123|0x000000008a300000, 0x000000008a300000, 0x000000008a400000|  0%| F|  |TAMS 0x000000008a300000, 0x000000008a300000| Untracked 
| 124|0x000000008a400000, 0x000000008a400000, 0x000000008a500000|  0%| F|  |TAMS 0x000000008a400000, 0x000000008a400000| Untracked 
| 125|0x000000008a500000, 0x000000008a500000, 0x000000008a600000|  0%| F|  |TAMS 0x000000008a500000, 0x000000008a500000| Untracked 

Card table byte_map: [0x000001fc51ed0000,0x000001fc522c0000] _byte_map_base: 0x000001fc51abc000

Marking Bits (Prev, Next): (CMBitMap*) 0x000001fc4a23b770, (CMBitMap*) 0x000001fc4a23b7b0
 Prev Bits: [0x000001fc526b0000, 0x000001fc54610000)
 Next Bits: [0x000001fc54610000, 0x000001fc56570000)

Polling page: 0x000001fc4e620000

Metaspace:

Usage:
  Non-class:     32.92 MB used.
      Class:      4.75 MB used.
       Both:     37.67 MB used.

Virtual space:
  Non-class space:       40.00 MB reserved,      33.12 MB ( 83%) committed,  5 nodes.
      Class space:        1.00 GB reserved,       4.94 MB ( <1%) committed,  1 nodes.
             Both:        1.04 GB reserved,      38.06 MB (  4%) committed. 

Chunk freelists:
   Non-Class:  1.95 MB
       Class:  3.09 MB
        Both:  5.04 MB

MaxMetaspaceSize: unlimited
CompressedClassSpaceSize: 1.00 GB
Initial GC threshold: 21.00 MB
Current GC threshold: 59.31 MB
CDS: off
MetaspaceReclaimPolicy: balanced
 - commit_granule_bytes: 65536.
 - commit_granule_words: 8192.
 - virtual_space_node_default_size: 1048576.
 - enlarge_chunks_in_place: 1.
 - new_chunks_are_fully_committed: 0.
 - uncommit_free_chunks: 1.
 - use_allocation_guard: 0.
 - handle_deallocations: 1.


Internal statistics:

num_allocs_failed_limit: 6.
num_arena_births: 380.
num_arena_deaths: 0.
num_vsnodes_births: 6.
num_vsnodes_deaths: 0.
num_space_committed: 609.
num_space_uncommitted: 0.
num_chunks_returned_to_freelist: 6.
num_chunks_taken_from_freelist: 1511.
num_chunk_merges: 6.
num_chunk_splits: 1033.
num_chunks_enlarged: 806.
num_purges: 0.
num_inconsistent_stats: 0.

CodeCache: size=49152Kb used=8665Kb max_used=8665Kb free=40486Kb
 bounds [0x000001fc4e640000, 0x000001fc4eec0000, 0x000001fc51640000]
 total_blobs=4407 nmethods=3875 adapters=457
 compilation: enabled
              stopped_count=0, restarted_count=0
 full_count=0

Compilation events (20 events):
Event: 3.292 Thread 0x000001fc5944ed70 3856       1       com.google.common.collect.AbstractIndexedListIterator::hasNext (17 bytes)
Event: 3.292 Thread 0x000001fc5944ed70 nmethod 3856 0x000001fc4eeaf790 code [0x000001fc4eeaf920, 0x000001fc4eeaf9f8]
Event: 3.293 Thread 0x000001fc5944ed70 3857       1       java.net.URI::hash (33 bytes)
Event: 3.293 Thread 0x000001fc5944ed70 nmethod 3857 0x000001fc4eeafa90 code [0x000001fc4eeafc60, 0x000001fc4eeafe38]
Event: 3.293 Thread 0x000001fc5944ed70 3858       1       java.util.ImmutableCollections$AbstractImmutableList::<init> (5 bytes)
Event: 3.293 Thread 0x000001fc5944ed70 nmethod 3858 0x000001fc4eeaff90 code [0x000001fc4eeb0120, 0x000001fc4eeb01d8]
Event: 3.295 Thread 0x000001fc58b8f0e0 3864       1       java.lang.invoke.LambdaFormBuffer::indexOf (33 bytes)
Event: 3.295 Thread 0x000001fc5944ed70 3865       1       java.util.Arrays::fill (28 bytes)
Event: 3.295 Thread 0x000001fc58b8f0e0 nmethod 3864 0x000001fc4eeb1a90 code [0x000001fc4eeb1c40, 0x000001fc4eeb1db8]
Event: 3.295 Thread 0x000001fc5944ed70 nmethod 3865 0x000001fc4eeb1e90 code [0x000001fc4eeb2040, 0x000001fc4eeb2228]
Event: 3.302 Thread 0x000001fc58b8f0e0 3871       1       java.lang.invoke.MethodHandleNatives::refKindIsGetter (32 bytes)
Event: 3.302 Thread 0x000001fc58b8f0e0 nmethod 3871 0x000001fc4eeb3890 code [0x000001fc4eeb3a20, 0x000001fc4eeb3ad8]
Event: 3.304 Thread 0x000001fc58b8f0e0 3872       1       java.lang.invoke.MethodHandle::bindTo (19 bytes)
Event: 3.304 Thread 0x000001fc59fe62c0 3873       1       java.lang.invoke.MethodType::leadingReferenceParameter (31 bytes)
Event: 3.304 Thread 0x000001fc5944ed70 3874       1       java.lang.invoke.MethodHandle::bindArgumentL (10 bytes)
Event: 3.305 Thread 0x000001fc59fe62c0 nmethod 3873 0x000001fc4eeb3b90 code [0x000001fc4eeb3d40, 0x000001fc4eeb3ee8]
Event: 3.305 Thread 0x000001fc5944ed70 nmethod 3874 0x000001fc4eeb4010 code [0x000001fc4eeb41c0, 0x000001fc4eeb43e8]
Event: 3.305 Thread 0x000001fc58b8f0e0 nmethod 3872 0x000001fc4eeb4590 code [0x000001fc4eeb4760, 0x000001fc4eeb4a38]
Event: 3.313 Thread 0x000001fc58b8f0e0 3875       1       io.github.classgraph.ClasspathElement::maskClassfiles (191 bytes)
Event: 3.314 Thread 0x000001fc58b8f0e0 nmethod 3875 0x000001fc4eeb4c10 code [0x000001fc4eeb4f60, 0x000001fc4eeb5da8]

GC Heap History (20 events):
Event: 1.245 GC heap after
{Heap after GC invocations=4 (full 0):
 garbage-first heap   total 129024K, used 11413K [0x0000000082800000, 0x0000000100000000)
  region size 1024K, 4 young (4096K), 4 survivors (4096K)
 Metaspace       used 21331K, committed 21504K, reserved 1073152K
  class space    used 2594K, committed 2688K, reserved 1048576K
}
Event: 1.554 GC heap before
{Heap before GC invocations=5 (full 0):
 garbage-first heap   total 48128K, used 34965K [0x0000000082800000, 0x0000000100000000)
  region size 1024K, 29 young (29696K), 4 survivors (4096K)
 Metaspace       used 25290K, committed 25536K, reserved 1073152K
  class space    used 3096K, committed 3264K, reserved 1048576K
}
Event: 1.560 GC heap after
{Heap after GC invocations=6 (full 0):
 garbage-first heap   total 48128K, used 12895K [0x0000000082800000, 0x0000000100000000)
  region size 1024K, 6 young (6144K), 6 survivors (6144K)
 Metaspace       used 25290K, committed 25536K, reserved 1073152K
  class space    used 3096K, committed 3264K, reserved 1048576K
}
Event: 1.581 GC heap before
{Heap before GC invocations=6 (full 0):
 garbage-first heap   total 48128K, used 13919K [0x0000000082800000, 0x0000000100000000)
  region size 1024K, 7 young (7168K), 6 survivors (6144K)
 Metaspace       used 25489K, committed 25728K, reserved 1073152K
  class space    used 3122K, committed 3264K, reserved 1048576K
}
Event: 1.589 GC heap after
{Heap after GC invocations=7 (full 0):
 garbage-first heap   total 48128K, used 13459K [0x0000000082800000, 0x0000000100000000)
  region size 1024K, 1 young (1024K), 1 survivors (1024K)
 Metaspace       used 25489K, committed 25728K, reserved 1073152K
  class space    used 3122K, committed 3264K, reserved 1048576K
}
Event: 2.059 GC heap before
{Heap before GC invocations=7 (full 0):
 garbage-first heap   total 48128K, used 30867K [0x0000000082800000, 0x0000000100000000)
  region size 1024K, 19 young (19456K), 1 survivors (1024K)
 Metaspace       used 28395K, committed 28736K, reserved 1081344K
  class space    used 3548K, committed 3712K, reserved 1048576K
}
Event: 2.063 GC heap after
{Heap after GC invocations=8 (full 0):
 garbage-first heap   total 93184K, used 14679K [0x0000000082800000, 0x0000000100000000)
  region size 1024K, 3 young (3072K), 3 survivors (3072K)
 Metaspace       used 28395K, committed 28736K, reserved 1081344K
  class space    used 3548K, committed 3712K, reserved 1048576K
}
Event: 2.743 GC heap before
{Heap before GC invocations=8 (full 0):
 garbage-first heap   total 93184K, used 66903K [0x0000000082800000, 0x0000000100000000)
  region size 1024K, 54 young (55296K), 3 survivors (3072K)
 Metaspace       used 35066K, committed 35392K, reserved 1081344K
  class space    used 4531K, committed 4672K, reserved 1048576K
}
Event: 2.750 GC heap after
{Heap after GC invocations=9 (full 0):
 garbage-first heap   total 93184K, used 21265K [0x0000000082800000, 0x0000000100000000)
  region size 1024K, 7 young (7168K), 7 survivors (7168K)
 Metaspace       used 35066K, committed 35392K, reserved 1081344K
  class space    used 4531K, committed 4672K, reserved 1048576K
}
Event: 2.911 GC heap before
{Heap before GC invocations=9 (full 0):
 garbage-first heap   total 93184K, used 56081K [0x0000000082800000, 0x0000000100000000)
  region size 1024K, 43 young (44032K), 7 survivors (7168K)
 Metaspace       used 35960K, committed 36288K, reserved 1081344K
  class space    used 4615K, committed 4736K, reserved 1048576K
}
Event: 2.919 GC heap after
{Heap after GC invocations=10 (full 0):
 garbage-first heap   total 93184K, used 27844K [0x0000000082800000, 0x0000000100000000)
  region size 1024K, 7 young (7168K), 7 survivors (7168K)
 Metaspace       used 35960K, committed 36288K, reserved 1081344K
  class space    used 4615K, committed 4736K, reserved 1048576K
}
Event: 3.009 GC heap before
{Heap before GC invocations=11 (full 0):
 garbage-first heap   total 93184K, used 64708K [0x0000000082800000, 0x0000000100000000)
  region size 1024K, 44 young (45056K), 7 survivors (7168K)
 Metaspace       used 36684K, committed 37056K, reserved 1081344K
  class space    used 4690K, committed 4864K, reserved 1048576K
}
Event: 3.016 GC heap after
{Heap after GC invocations=12 (full 0):
 garbage-first heap   total 93184K, used 34055K [0x0000000082800000, 0x0000000100000000)
  region size 1024K, 6 young (6144K), 6 survivors (6144K)
 Metaspace       used 36684K, committed 37056K, reserved 1081344K
  class space    used 4690K, committed 4864K, reserved 1048576K
}
Event: 3.019 GC heap before
{Heap before GC invocations=12 (full 0):
 garbage-first heap   total 93184K, used 35079K [0x0000000082800000, 0x0000000100000000)
  region size 1024K, 7 young (7168K), 6 survivors (6144K)
 Metaspace       used 36727K, committed 37120K, reserved 1081344K
  class space    used 4691K, committed 4864K, reserved 1048576K
}
Event: 3.024 GC heap after
{Heap after GC invocations=13 (full 0):
 garbage-first heap   total 93184K, used 34816K [0x0000000082800000, 0x0000000100000000)
  region size 1024K, 1 young (1024K), 1 survivors (1024K)
 Metaspace       used 36727K, committed 37120K, reserved 1081344K
  class space    used 4691K, committed 4864K, reserved 1048576K
}
Event: 3.103 GC heap before
{Heap before GC invocations=13 (full 0):
 garbage-first heap   total 93184K, used 67584K [0x0000000082800000, 0x0000000100000000)
  region size 1024K, 33 young (33792K), 1 survivors (1024K)
 Metaspace       used 37506K, committed 37824K, reserved 1089536K
  class space    used 4731K, committed 4864K, reserved 1048576K
}
Event: 3.110 GC heap after
{Heap after GC invocations=14 (full 0):
 garbage-first heap   total 93184K, used 40960K [0x0000000082800000, 0x0000000100000000)
  region size 1024K, 5 young (5120K), 5 survivors (5120K)
 Metaspace       used 37506K, committed 37824K, reserved 1089536K
  class space    used 4731K, committed 4864K, reserved 1048576K
}
Event: 3.226 GC heap before
{Heap before GC invocations=14 (full 0):
 garbage-first heap   total 93184K, used 67584K [0x0000000082800000, 0x0000000100000000)
  region size 1024K, 32 young (32768K), 5 survivors (5120K)
 Metaspace       used 38145K, committed 38528K, reserved 1089536K
  class space    used 4799K, committed 4992K, reserved 1048576K
}
Event: 3.236 GC heap after
{Heap after GC invocations=15 (full 0):
 garbage-first heap   total 93184K, used 48510K [0x0000000082800000, 0x0000000100000000)
  region size 1024K, 4 young (4096K), 4 survivors (4096K)
 Metaspace       used 38145K, committed 38528K, reserved 1089536K
  class space    used 4799K, committed 4992K, reserved 1048576K
}
Event: 3.316 GC heap before
{Heap before GC invocations=15 (full 0):
 garbage-first heap   total 93184K, used 59774K [0x0000000082800000, 0x0000000100000000)
  region size 1024K, 17 young (17408K), 4 survivors (4096K)
 Metaspace       used 38574K, committed 38976K, reserved 1089536K
  class space    used 4866K, committed 5056K, reserved 1048576K
}

Deoptimization events (12 events):
Event: 1.218 Thread 0x000001fc4a1e4260 DEOPT PACKING pc=0x000001fc4eb10019 sp=0x000000b2c3ffd2a0
Event: 1.218 Thread 0x000001fc4a1e4260 DEOPT UNPACKING pc=0x000001fc4e692b43 sp=0x000000b2c3ffc780 mode 3
Event: 2.308 Thread 0x000001fc4a1e4260 DEOPT PACKING pc=0x000001fc4ec89c19 sp=0x000000b2c3ffc680
Event: 2.308 Thread 0x000001fc4a1e4260 DEOPT UNPACKING pc=0x000001fc4e692b43 sp=0x000000b2c3ffbb60 mode 3
Event: 2.574 Thread 0x000001fc5b55a560 DEOPT PACKING pc=0x000001fc4ed3e935 sp=0x000000b2c5afd250
Event: 2.574 Thread 0x000001fc5b55a560 DEOPT UNPACKING pc=0x000001fc4e692b43 sp=0x000000b2c5afc768 mode 3
Event: 2.645 Thread 0x000001fc5b55b030 DEOPT PACKING pc=0x000001fc4ed550ab sp=0x000000b2c5bfe580
Event: 2.645 Thread 0x000001fc5b55b030 DEOPT UNPACKING pc=0x000001fc4e692b43 sp=0x000000b2c5bfdac8 mode 3
Event: 2.768 Thread 0x000001fc5b4dd850 DEOPT PACKING pc=0x000001fc4eb0d581 sp=0x000000b2c59fd720
Event: 2.768 Thread 0x000001fc5b4dd850 DEOPT UNPACKING pc=0x000001fc4e692b43 sp=0x000000b2c59fcbb0 mode 3
Event: 3.294 Thread 0x000001fc5b55a560 DEOPT PACKING pc=0x000001fc4eb0a297 sp=0x000000b2c5afed00
Event: 3.294 Thread 0x000001fc5b55a560 DEOPT UNPACKING pc=0x000001fc4e692b43 sp=0x000000b2c5afe158 mode 3

Classes unloaded (0 events):
No events

Classes redefined (0 events):
No events

Internal exceptions (20 events):
Event: 2.676 Thread 0x000001fc5b5ae030 Exception <a 'sun/nio/fs/WindowsException'{0x00000000860af218}> (0x00000000860af218) 
thrown [s\src\hotspot\share\prims\jni.cpp, line 516]
Event: 2.676 Thread 0x000001fc5b5ae030 Exception <a 'sun/nio/fs/WindowsException'{0x00000000860af5c0}> (0x00000000860af5c0) 
thrown [s\src\hotspot\share\prims\jni.cpp, line 516]
Event: 2.677 Thread 0x000001fc5b5ae030 Exception <a 'sun/nio/fs/WindowsException'{0x00000000860affc0}> (0x00000000860affc0) 
thrown [s\src\hotspot\share\prims\jni.cpp, line 516]
Event: 2.677 Thread 0x000001fc5b5ae030 Exception <a 'sun/nio/fs/WindowsException'{0x00000000860b0380}> (0x00000000860b0380) 
thrown [s\src\hotspot\share\prims\jni.cpp, line 516]
Event: 2.677 Thread 0x000001fc5b5ae030 Exception <a 'sun/nio/fs/WindowsException'{0x00000000860b0d80}> (0x00000000860b0d80) 
thrown [s\src\hotspot\share\prims\jni.cpp, line 516]
Event: 2.677 Thread 0x000001fc5b5ae030 Exception <a 'sun/nio/fs/WindowsException'{0x00000000860b1130}> (0x00000000860b1130) 
thrown [s\src\hotspot\share\prims\jni.cpp, line 516]
Event: 2.677 Thread 0x000001fc5b5ae030 Exception <a 'sun/nio/fs/WindowsException'{0x00000000860b1b30}> (0x00000000860b1b30) 
thrown [s\src\hotspot\share\prims\jni.cpp, line 516]
Event: 2.677 Thread 0x000001fc5b5ae030 Exception <a 'sun/nio/fs/WindowsException'{0x00000000860b1ef0}> (0x00000000860b1ef0) 
thrown [s\src\hotspot\share\prims\jni.cpp, line 516]
Event: 2.677 Thread 0x000001fc5b5ae030 Exception <a 'sun/nio/fs/WindowsException'{0x00000000860b2918}> (0x00000000860b2918) 
thrown [s\src\hotspot\share\prims\jni.cpp, line 516]
Event: 2.677 Thread 0x000001fc5b5ae030 Exception <a 'sun/nio/fs/WindowsException'{0x00000000860b2cf8}> (0x00000000860b2cf8) 
thrown [s\src\hotspot\share\prims\jni.cpp, line 516]
Event: 2.677 Thread 0x000001fc5b5ae030 Exception <a 'sun/nio/fs/WindowsException'{0x00000000860b3730}> (0x00000000860b3730) 
thrown [s\src\hotspot\share\prims\jni.cpp, line 516]
Event: 2.677 Thread 0x000001fc5b5ae030 Exception <a 'sun/nio/fs/WindowsException'{0x00000000860b3b20}> (0x00000000860b3b20) 
thrown [s\src\hotspot\share\prims\jni.cpp, line 516]
Event: 2.677 Thread 0x000001fc5b5ae030 Exception <a 'sun/nio/fs/WindowsException'{0x00000000860b4548}> (0x00000000860b4548) 
thrown [s\src\hotspot\share\prims\jni.cpp, line 516]
Event: 2.677 Thread 0x000001fc5b5ae030 Exception <a 'sun/nio/fs/WindowsException'{0x00000000860b4938}> (0x00000000860b4938) 
thrown [s\src\hotspot\share\prims\jni.cpp, line 516]
Event: 2.686 Thread 0x000001fc5b55a560 Exception <a 'java/lang/NoSuchMethodError'{0x0000000085ee6ef0}: 'int java.lang.invoke.DirectMethodHandle$Holder.invokeStatic(java.lang.Object)'> (0x0000000085ee6ef0) 
thrown [s\src\hotspot\share\interpreter\linkResolver.cpp, line 759]
Event: 2.686 Thread 0x000001fc5b55a560 Exception <a 'java/lang/NoSuchMethodError'{0x0000000085eea598}: 'int java.lang.invoke.DirectMethodHandle$Holder.invokeStaticInit(java.lang.Object)'> (0x0000000085eea598) 
thrown [s\src\hotspot\share\interpreter\linkResolver.cpp, line 759]
Event: 3.196 Thread 0x000001fc5b55a560 Exception <a 'java/lang/NoSuchMethodError'{0x0000000086ddf268}: 'java.lang.Object java.lang.invoke.Invokers$Holder.invoke_MT(java.lang.Object, java.lang.Object, java.lang.Object)'> (0x0000000086ddf268) 
thrown [s\src\hotspot\share\interpreter\linkResolver.cpp, line 759]
Event: 3.291 Thread 0x000001fc5b55a560 Exception <a 'java/lang/NoSuchMethodError'{0x0000000087c6f010}: 'java.lang.Object java.lang.invoke.DirectMethodHandle$Holder.newInvokeSpecial(java.lang.Object, java.lang.Object, int)'> (0x0000000087c6f010) 
thrown [s\src\hotspot\share\interpreter\linkResolver.cpp, line 759]
Event: 3.296 Thread 0x000001fc5b668570 Exception <a 'java/lang/NoSuchMethodError'{0x0000000087b01d50}: 'java.lang.Object java.lang.invoke.Invokers$Holder.linkToTargetMethod(java.lang.Object, long, java.lang.Object)'> (0x0000000087b01d50) 
thrown [s\src\hotspot\share\interpreter\linkResolver.cpp, line 759]
Event: 3.304 Thread 0x000001fc5b668570 Exception <a 'sun/nio/fs/WindowsException'{0x0000000087a79358}> (0x0000000087a79358) 
thrown [s\src\hotspot\share\prims\jni.cpp, line 516]

VM Operations (20 events):
Event: 2.960 Executing VM operation: G1Concurrent done
Event: 3.009 Executing VM operation: G1CollectForAllocation
Event: 3.009 Executing VM operation: G1CollectForAllocation done
Event: 3.009 Executing VM operation: G1CollectForAllocation
Event: 3.016 Executing VM operation: G1CollectForAllocation done
Event: 3.019 Executing VM operation: G1CollectForAllocation
Event: 3.024 Executing VM operation: G1CollectForAllocation done
Event: 3.089 Executing VM operation: HandshakeAllThreads
Event: 3.097 Executing VM operation: HandshakeAllThreads done
Event: 3.103 Executing VM operation: G1CollectForAllocation
Event: 3.112 Executing VM operation: G1CollectForAllocation done
Event: 3.189 Executing VM operation: HandshakeAllThreads
Event: 3.189 Executing VM operation: HandshakeAllThreads done
Event: 3.190 Executing VM operation: HandshakeAllThreads
Event: 3.190 Executing VM operation: HandshakeAllThreads done
Event: 3.226 Executing VM operation: G1CollectForAllocation
Event: 3.236 Executing VM operation: G1CollectForAllocation done
Event: 3.238 Executing VM operation: HandshakeAllThreads
Event: 3.238 Executing VM operation: HandshakeAllThreads done
Event: 3.316 Executing VM operation: G1TryInitiateConcMark

Events (20 events):
Event: 3.239 loading class java/nio/file/FileVisitResult
Event: 3.239 loading class java/nio/file/FileVisitResult done
Event: 3.260 loading class java/nio/channels/Channels$ReadableByteChannelImpl
Event: 3.260 loading class java/nio/channels/Channels$ReadableByteChannelImpl done
Event: 3.261 loading class java/nio/channels/NonWritableChannelException
Event: 3.261 loading class java/nio/channels/NonWritableChannelException done
Event: 3.289 loading class java/util/WeakHashMap$EntrySet
Event: 3.289 loading class java/util/WeakHashMap$EntrySet done
Event: 3.289 loading class java/util/WeakHashMap$EntryIterator
Event: 3.289 loading class java/util/WeakHashMap$HashIterator
Event: 3.289 loading class java/util/WeakHashMap$HashIterator done
Event: 3.289 loading class java/util/WeakHashMap$EntryIterator done
Event: 3.292 Thread 0x000001fc5b668570 Thread added: 0x000001fc5b668570
Event: 3.294 Thread 0x000001fc5b667700 Thread added: 0x000001fc5b667700
Event: 3.297 loading class java/security/NoSuchAlgorithmException
Event: 3.298 loading class java/security/NoSuchAlgorithmException done
Event: 3.298 loading class sun/security/provider/MD5
Event: 3.298 loading class sun/security/provider/MD5 done
Event: 3.298 loading class sun/security/provider/ByteArrayAccess$LE
Event: 3.298 loading class sun/security/provider/ByteArrayAccess$LE done


Dynamic libraries:
0x00007ff7fd6a0000 - 0x00007ff7fd6ae000 	c:\Users\giiio\.vscode\extensions\redhat.java-1.12.0-win32-x64\jre\17.0.4.1-win32-x86_64\bin\java.exe
0x00007ffb3cf70000 - 0x00007ffb3d184000 	C:\WINDOWS\SYSTEM32\ntdll.dll
0x00007ffb3bd30000 - 0x00007ffb3bdf2000 	C:\WINDOWS\System32\KERNEL32.DLL
0x00007ffb3a4c0000 - 0x00007ffb3a85d000 	C:\WINDOWS\System32\KERNELBASE.dll
0x00007ffb3a3a0000 - 0x00007ffb3a4b1000 	C:\WINDOWS\System32\ucrtbase.dll
0x00007ffb34890000 - 0x00007ffb348a9000 	c:\Users\giiio\.vscode\extensions\redhat.java-1.12.0-win32-x64\jre\17.0.4.1-win32-x86_64\bin\VCRUNTIME140.dll
0x00007ffb30490000 - 0x00007ffb304a8000 	c:\Users\giiio\.vscode\extensions\redhat.java-1.12.0-win32-x64\jre\17.0.4.1-win32-x86_64\bin\jli.dll
0x00007ffb3c070000 - 0x00007ffb3c21a000 	C:\WINDOWS\System32\USER32.dll
0x00007ffb196c0000 - 0x00007ffb1994e000 	C:\WINDOWS\WinSxS\amd64_microsoft.windows.common-controls_6595b64144ccf1df_6.0.22621.608_none_a9444ca7c10bb01d\COMCTL32.dll
0x00007ffb3ab60000 - 0x00007ffb3ab86000 	C:\WINDOWS\System32\win32u.dll
0x00007ffb3bf10000 - 0x00007ffb3bfb7000 	C:\WINDOWS\System32\msvcrt.dll
0x00007ffb3b860000 - 0x00007ffb3b889000 	C:\WINDOWS\System32\GDI32.dll
0x00007ffb3ac50000 - 0x00007ffb3ad62000 	C:\WINDOWS\System32\gdi32full.dll
0x00007ffb3aac0000 - 0x00007ffb3ab5a000 	C:\WINDOWS\System32\msvcp_win.dll
0x00007ffb3b2d0000 - 0x00007ffb3b302000 	C:\WINDOWS\System32\IMM32.DLL
0x00007ffb35a90000 - 0x00007ffb35a9c000 	c:\Users\giiio\.vscode\extensions\redhat.java-1.12.0-win32-x64\jre\17.0.4.1-win32-x86_64\bin\vcruntime140_1.dll
0x00007ffae60f0000 - 0x00007ffae6181000 	c:\Users\giiio\.vscode\extensions\redhat.java-1.12.0-win32-x64\jre\17.0.4.1-win32-x86_64\bin\msvcp140.dll
0x00007ffac5e50000 - 0x00007ffac6a96000 	c:\Users\giiio\.vscode\extensions\redhat.java-1.12.0-win32-x64\jre\17.0.4.1-win32-x86_64\bin\server\jvm.dll
0x00007ffb3c430000 - 0x00007ffb3c4de000 	C:\WINDOWS\System32\ADVAPI32.dll
0x00007ffb3bfc0000 - 0x00007ffb3c064000 	C:\WINDOWS\System32\sechost.dll
0x00007ffb3b330000 - 0x00007ffb3b445000 	C:\WINDOWS\System32\RPCRT4.dll
0x00007ffb3bf00000 - 0x00007ffb3bf08000 	C:\WINDOWS\System32\PSAPI.DLL
0x00007ffb35500000 - 0x00007ffb35509000 	C:\WINDOWS\SYSTEM32\WSOCK32.dll
0x00007ffb37a10000 - 0x00007ffb37a44000 	C:\WINDOWS\SYSTEM32\WINMM.dll
0x00007ffb2b3a0000 - 0x00007ffb2b3aa000 	C:\WINDOWS\SYSTEM32\VERSION.dll
0x00007ffb3b890000 - 0x00007ffb3b901000 	C:\WINDOWS\System32\WS2_32.dll
0x00007ffb39500000 - 0x00007ffb39518000 	C:\WINDOWS\SYSTEM32\kernel.appcore.dll
0x00007ffb34910000 - 0x00007ffb3491a000 	c:\Users\giiio\.vscode\extensions\redhat.java-1.12.0-win32-x64\jre\17.0.4.1-win32-x86_64\bin\jimage.dll
0x00007ffb37410000 - 0x00007ffb3763e000 	C:\WINDOWS\SYSTEM32\DBGHELP.DLL
0x00007ffb3b910000 - 0x00007ffb3bc9a000 	C:\WINDOWS\System32\combase.dll
0x00007ffb3ad70000 - 0x00007ffb3ae47000 	C:\WINDOWS\System32\OLEAUT32.dll
0x00007ffb107f0000 - 0x00007ffb10822000 	C:\WINDOWS\SYSTEM32\dbgcore.DLL
0x00007ffb3a860000 - 0x00007ffb3a8db000 	C:\WINDOWS\System32\bcryptPrimitives.dll
0x00007ffb24ab0000 - 0x00007ffb24ad5000 	c:\Users\giiio\.vscode\extensions\redhat.java-1.12.0-win32-x64\jre\17.0.4.1-win32-x86_64\bin\java.dll
0x00007ffb22370000 - 0x00007ffb22388000 	c:\Users\giiio\.vscode\extensions\redhat.java-1.12.0-win32-x64\jre\17.0.4.1-win32-x86_64\bin\zip.dll
0x00007ffb3c750000 - 0x00007ffb3cf30000 	C:\WINDOWS\System32\SHELL32.dll
0x00007ffb383f0000 - 0x00007ffb38cb5000 	C:\WINDOWS\SYSTEM32\windows.storage.dll
0x00007ffb382b0000 - 0x00007ffb383ee000 	C:\WINDOWS\SYSTEM32\wintypes.dll
0x00007ffb3be00000 - 0x00007ffb3bef1000 	C:\WINDOWS\System32\SHCORE.dll
0x00007ffb3c530000 - 0x00007ffb3c58e000 	C:\WINDOWS\System32\shlwapi.dll
0x00007ffb3a2d0000 - 0x00007ffb3a2f1000 	C:\WINDOWS\SYSTEM32\profapi.dll
0x00007ffb20dc0000 - 0x00007ffb20dd9000 	C:\Users\giiio\.vscode\extensions\redhat.java-1.12.0-win32-x64\jre\17.0.4.1-win32-x86_64\bin\net.dll
0x00007ffb33370000 - 0x00007ffb3349f000 	C:\WINDOWS\SYSTEM32\WINHTTP.dll
0x00007ffb39960000 - 0x00007ffb399c9000 	C:\WINDOWS\system32\mswsock.dll
0x00007ffb1dc40000 - 0x00007ffb1dc55000 	C:\Users\giiio\.vscode\extensions\redhat.java-1.12.0-win32-x64\jre\17.0.4.1-win32-x86_64\bin\nio.dll
0x00007ffb33e30000 - 0x00007ffb33e40000 	c:\Users\giiio\.vscode\extensions\redhat.java-1.12.0-win32-x64\jre\17.0.4.1-win32-x86_64\bin\verify.dll
0x00007ffb34710000 - 0x00007ffb34719000 	C:\Users\giiio\.vscode\extensions\redhat.java-1.12.0-win32-x64\jre\17.0.4.1-win32-x86_64\bin\management.dll
0x00007ffb33dc0000 - 0x00007ffb33dcb000 	C:\Users\giiio\.vscode\extensions\redhat.java-1.12.0-win32-x64\jre\17.0.4.1-win32-x86_64\bin\management_ext.dll
0x00007ffb0b640000 - 0x00007ffb0b657000 	C:\WINDOWS\system32\napinsp.dll
0x00007ffb0b680000 - 0x00007ffb0b69b000 	C:\WINDOWS\system32\pnrpnsp.dll
0x00007ffb38f30000 - 0x00007ffb39022000 	C:\WINDOWS\SYSTEM32\DNSAPI.dll
0x00007ffb38f00000 - 0x00007ffb38f2d000 	C:\WINDOWS\SYSTEM32\IPHLPAPI.DLL
0x00007ffb3b750000 - 0x00007ffb3b759000 	C:\WINDOWS\System32\NSI.dll
0x00007ffb0b660000 - 0x00007ffb0b671000 	C:\WINDOWS\System32\winrnr.dll
0x00007ffb14e10000 - 0x00007ffb14e25000 	C:\WINDOWS\system32\wshbth.dll
0x00007ffab9030000 - 0x00007ffab9051000 	C:\WINDOWS\system32\nlansp_c.dll
0x00007ffb28260000 - 0x00007ffb2826a000 	C:\Windows\System32\rasadhlp.dll
0x00007ffb2ff30000 - 0x00007ffb2ffb3000 	C:\WINDOWS\System32\fwpuclnt.dll
0x00007ffb39ba0000 - 0x00007ffb39bbb000 	C:\WINDOWS\SYSTEM32\CRYPTSP.dll
0x00007ffb39470000 - 0x00007ffb394a5000 	C:\WINDOWS\system32\rsaenh.dll
0x00007ffb39a50000 - 0x00007ffb39a78000 	C:\WINDOWS\SYSTEM32\USERENV.dll
0x00007ffb39d60000 - 0x00007ffb39d88000 	C:\WINDOWS\SYSTEM32\bcrypt.dll
0x00007ffb39bc0000 - 0x00007ffb39bcc000 	C:\WINDOWS\SYSTEM32\CRYPTBASE.dll
0x00007ffb33170000 - 0x00007ffb33189000 	C:\WINDOWS\SYSTEM32\dhcpcsvc6.DLL
0x00007ffb32170000 - 0x00007ffb3218f000 	C:\WINDOWS\SYSTEM32\dhcpcsvc.DLL

dbghelp: loaded successfully - version: 4.0.5 - missing functions: none
symbol engine: initialized successfully - sym options: 0x614 - pdb path: .;c:\Users\giiio\.vscode\extensions\redhat.java-1.12.0-win32-x64\jre\17.0.4.1-win32-x86_64\bin;C:\WINDOWS\SYSTEM32;C:\WINDOWS\WinSxS\amd64_microsoft.windows.common-controls_6595b64144ccf1df_6.0.22621.608_none_a9444ca7c10bb01d;c:\Users\giiio\.vscode\extensions\redhat.java-1.12.0-win32-x64\jre\17.0.4.1-win32-x86_64\bin\server

VM Arguments:
jvm_args: -Dsts.lsp.client=vscode -Dsts.log.file=/dev/null -XX:TieredStopAtLevel=1 -Xlog:jni+resolve=off -Dspring.config.location=file:c:\Users\giiio\.vscode\extensions\pivotal.vscode-spring-boot-1.40.0\language-server\BOOT-INF\classes\application.properties 
java_command: org.springframework.ide.vscode.boot.app.BootLanguageServerBootApp
java_class_path (initial): c:\Users\giiio\.vscode\extensions\pivotal.vscode-spring-boot-1.40.0\language-server\BOOT-INF\classes;c:\Users\giiio\.vscode\extensions\pivotal.vscode-spring-boot-1.40.0\language-server\BOOT-INF\lib\annotations-23.0.0.jar;c:\Users\giiio\.vscode\extensions\pivotal.vscode-spring-boot-1.40.0\language-server\BOOT-INF\lib\ant-1.10.12.jar;c:\Users\giiio\.vscode\extensions\pivotal.vscode-spring-boot-1.40.0\language-server\BOOT-INF\lib\ant-launcher-1.10.12.jar;c:\Users\giiio\.vscode\extensions\pivotal.vscode-spring-boot-1.40.0\language-server\BOOT-INF\lib\antlr-runtime-3.5.2.jar;c:\Users\giiio\.vscode\extensions\pivotal.vscode-spring-boot-1.40.0\language-server\BOOT-INF\lib\antlr4-4.9.3.jar;c:\Users\giiio\.vscode\extensions\pivotal.vscode-spring-boot-1.40.0\language-server\BOOT-INF\lib\antlr4-runtime-4.9.3.jar;c:\Users\giiio\.vscode\extensions\pivotal.vscode-spring-boot-1.40.0\language-server\BOOT-INF\lib\asm-9.3.jar;c:\Users\giiio\.vscode\extensions\pivotal.vscode-spring-boot-1.40.0\language-server\BOOT-INF\lib\asm-analysis-9.3.jar;c:\Users\giiio\.vscode\extensions\pivotal.vscode-spring-boot-1.40.0\language-server\BOOT-INF\lib\asm-tree-9.3.jar;c:\Users\giiio\.vscode\extensions\pivotal.vscode-spring-boot-1.40.0\language-server\BOOT-INF\lib\asm-util-9.3.jar;c:\Users\giiio\.vscode\extensions\pivotal.vscode-spring-boot-1.40.0\language-server\BOOT-INF\lib\byte-buddy-1.12.13.jar;c:\Users\giiio\.vscode\extensions\pivotal.vscode-spring-boot-1.40.0\language-server\BOOT-INF\lib\caffeine-2.9.3.jar;c:\Users\giiio\.vscode\extensions\pivotal.vscode-spring-boot-1.40.0\language-server\BOOT-INF\lib\checker-qual-3.12.0.jar;c:\Users\giiio\.vscode\extensions\pivotal.vscode-spring-boot-1.40.0\language-server\BOOT-INF\lib\classgraph-4.8.149.jar;c:\Users\giiio\.vscode\extensions\pivotal.vscode-spring-boot-1.40.0\language-server\BOOT-INF\lib\commons-codec-1.15.jar;c:\Users\giiio\.vscode\extensions\pivotal.vscode-spring-boot-1.40.0\language-server\BOOT-INF\lib\commons-c
Launcher Type: SUN_STANDARD

[Global flags]
     intx CICompilerCount                          = 3                                         {product} {ergonomic}
     uint ConcGCThreads                            = 1                                         {product} {ergonomic}
     uint G1ConcRefinementThreads                  = 4                                         {product} {ergonomic}
   size_t G1HeapRegionSize                         = 1048576                                   {product} {ergonomic}
    uintx GCDrainStackTargetSize                   = 64                                        {product} {ergonomic}
   size_t InitialHeapSize                          = 132120576                                 {product} {ergonomic}
   size_t MarkStackSize                            = 4194304                                   {product} {ergonomic}
   size_t MaxHeapSize                              = 2105540608                                {product} {ergonomic}
   size_t MaxNewSize                               = 1262485504                                {product} {ergonomic}
   size_t MinHeapDeltaBytes                        = 1048576                                   {product} {ergonomic}
   size_t MinHeapSize                              = 8388608                                   {product} {ergonomic}
    uintx NonProfiledCodeHeapSize                  = 0                                      {pd product} {ergonomic}
     bool ProfileInterpreter                       = false                                  {pd product} {command line}
    uintx ProfiledCodeHeapSize                     = 0                                      {pd product} {ergonomic}
   size_t SoftMaxHeapSize                          = 2105540608                             {manageable} {ergonomic}
     intx TieredStopAtLevel                        = 1                                         {product} {command line}
     bool UseCompressedClassPointers               = true                           {product lp64_product} {ergonomic}
     bool UseCompressedOops                        = true                           {product lp64_product} {ergonomic}
     bool UseG1GC                                  = true                                      {product} {ergonomic}
     bool UseLargePagesIndividualAllocation        = false                                  {pd product} {ergonomic}

Logging:
Log output configuration:
 #0: stdout all=warning,jni+resolve=off uptime,level,tags
 #1: stderr all=off uptime,level,tags

Environment Variables:
PATH=C:\Program Files\Common Files\Oracle\Java\javapath;C:\Program Files (x86)\Common Files\Oracle\Java\javapath;C:\WINDOWS\system32;C:\WINDOWS;C:\WINDOWS\System32\Wbem;C:\WINDOWS\System32\WindowsPowerShell\v1.0\;C:\WINDOWS\System32\OpenSSH\;C:\Program Files\nodejs\;C:\Program Files\Git\cmd;C:\Program Files (x86)\Pulse Secure\VC142.CRT\X64\;C:\Program Files (x86)\Pulse Secure\VC142.CRT\X86\;C:\Program Files\Java\javacc-6.0.1\bin;C:\Program Files\Java\jdk-17.0.4.1\bin;C:\Program Files\Java\jdk-11.0.16.1\bin;C:\Program Files\dotnet\;C:\Users\giiio\AppData\Local\Programs\Python\Python310\Scripts\;C:\Users\giiio\AppData\Local\Programs\Python\Python310\;C:\Users\giiio\AppData\Local\Microsoft\WindowsApps;C:\Users\giiio\AppData\Roaming\npm;C:\Users\giiio\AppData\Local\Programs\Microsoft VS Code\bin;C:\Program Files\heroku\bin;C:\Users\giiio\.dotnet\tools;
USERNAME=giiio
OS=Windows_NT
PROCESSOR_IDENTIFIER=Intel64 Family 6 Model 142 Stepping 12, GenuineIntel
TMP=C:\Users\giiio\AppData\Local\Temp
TEMP=C:\Users\giiio\AppData\Local\Temp



---------------  S Y S T E M  ---------------

OS:
 Windows 11 , 64 bit Build 22621 (10.0.22621.755)
OS uptime: 7 days 13:06 hours

CPU: total 4 (initial active 4) (2 cores per cpu, 2 threads per core) family 6 model 142 stepping 12 microcode 0xde, cx8, cmov, fxsr, ht, mmx, 3dnowpref, sse, sse2, sse3, ssse3, sse4.1, sse4.2, popcnt, lzcnt, tsc, tscinvbit, avx, avx2, aes, erms, clmul, bmi1, bmi2, adx, fma, vzeroupper, clflush, clflushopt

Memory: 4k page, system-wide physical 8025M (380M free)
TotalPageFile size 23385M (AvailPageFile size 75M)
current process WorkingSet (physical memory assigned to process): 195M, peak: 195M
current process commit charge ("private bytes"): 258M, peak: 379M

vm_info: OpenJDK 64-Bit Server VM (17.0.4.1+1) for windows-amd64 JRE (17.0.4.1+1), built on Aug 17 2022 07:42:43 by "temurin" with MS VC++ 16.7 (VS2019)

END.
