#
# There is insufficient memory for the Java Runtime Environment to continue.
# Native memory allocation (mmap) failed to map 65536 bytes for Failed to commit metaspace.
# Possible reasons:
#   The system is out of physical RAM or swap space
#   The process is running with CompressedOops enabled, and the Java Heap may be blocking the growth of the native heap
# Possible solutions:
#   Reduce memory load on the system
#   Increase physical memory or swap space
#   Check if swap backing store is full
#   Decrease Java heap size (-Xmx/-Xms)
#   Decrease number of Java threads
#   Decrease Java thread stack sizes (-Xss)
#   Set larger code cache with -XX:ReservedCodeCacheSize=
#   JVM is running with Unscaled Compressed Oops mode in which the Java heap is
#     placed in the first 4GB address space. The Java Heap base address is the
#     maximum limit for the native heap growth. Please use -XX:HeapBaseMinAddress
#     to set the Java Heap base and to place the Java Heap above 4GB virtual address.
# This output file may be truncated or incomplete.
#
#  Out of Memory Error (virtualSpaceNode.cpp:110), pid=22468, tid=15208
#
# JRE version: OpenJDK Runtime Environment Temurin-17.0.4.1+1 (17.0.4.1+1) (build 17.0.4.1+1)
# Java VM: OpenJDK 64-Bit Server VM Temurin-17.0.4.1+1 (17.0.4.1+1, mixed mode, emulated-client, tiered, compressed oops, compressed class ptrs, g1 gc, windows-amd64)
# No core dump will be written. Minidumps are not enabled by default on client versions of Windows
#

---------------  S U M M A R Y ------------

Command Line: -Dsts.lsp.client=vscode -Dsts.log.file=/dev/null -XX:TieredStopAtLevel=1 -Xlog:jni+resolve=off -Dspring.config.location=file:c:\Users\giiio\.vscode\extensions\pivotal.vscode-spring-boot-1.40.0\language-server\BOOT-INF\classes\application.properties org.springframework.ide.vscode.boot.app.BootLanguageServerBootApp

Host: Intel(R) Core(TM) i3-10110U CPU @ 2.10GHz, 4 cores, 7G,  Windows 11 , 64 bit Build 22621 (10.0.22621.755)
Time: Tue Nov 22 03:56:18 2022 SA Pacific Standard Time elapsed time: 2.443527 seconds (0d 0h 0m 2s)

---------------  T H R E A D  ---------------

Current thread (0x000001fd1d3d83b0):  JavaThread "background-preinit" [_thread_in_vm, id=15208, stack(0x00000035ff100000,0x00000035ff200000)]

Stack: [0x00000035ff100000,0x00000035ff200000]
Native frames: (J=compiled Java code, j=interpreted, Vv=VM code, C=native code)
V  [jvm.dll+0x67731a]
V  [jvm.dll+0x832284]
V  [jvm.dll+0x833a2e]
V  [jvm.dll+0x834093]
V  [jvm.dll+0x245775]
V  [jvm.dll+0x82e22b]
V  [jvm.dll+0x61bdf6]
V  [jvm.dll+0x1c07be]
V  [jvm.dll+0x61e741]
V  [jvm.dll+0x61c796]
V  [jvm.dll+0x36ba22]
V  [jvm.dll+0x1e227b]
V  [jvm.dll+0x53c939]
V  [jvm.dll+0x7ad2bd]
V  [jvm.dll+0x7ad21a]
V  [jvm.dll+0x40d374]
V  [jvm.dll+0x420c6b]
C  [java.dll+0x1657]

Java frames: (J=compiled Java code, j=interpreted, Vv=VM code)
J 1658  java.lang.ClassLoader.defineClass0(Ljava/lang/ClassLoader;Ljava/lang/Class;Ljava/lang/String;[BIILjava/security/ProtectionDomain;ZILjava/lang/Object;)Ljava/lang/Class; java.base@17.0.4.1 (0 bytes) @ 0x000001fd123a6509 [0x000001fd123a6420+0x00000000000000e9]
J 1657 c1 java.lang.System$2.defineClass(Ljava/lang/ClassLoader;Ljava/lang/Class;Ljava/lang/String;[BLjava/security/ProtectionDomain;ZILjava/lang/Object;)Ljava/lang/Class; java.base@17.0.4.1 (21 bytes) @ 0x000001fd123a610c [0x000001fd123a60a0+0x000000000000006c]
J 1656 c1 java.lang.invoke.MethodHandles$Lookup$ClassDefiner.defineClass(ZLjava/lang/Object;)Ljava/lang/Class; java.base@17.0.4.1 (97 bytes) @ 0x000001fd123a5a84 [0x000001fd123a5780+0x0000000000000304]
j  java.lang.invoke.InvokerBytecodeGenerator.loadMethod([B)Ljava/lang/invoke/MemberName;+16 java.base@17.0.4.1
j  java.lang.invoke.InvokerBytecodeGenerator.generateCustomizedCode(Ljava/lang/invoke/LambdaForm;Ljava/lang/invoke/MethodType;)Ljava/lang/invoke/MemberName;+30 java.base@17.0.4.1
j  java.lang.invoke.LambdaForm.compileToBytecode()V+69 java.base@17.0.4.1
j  java.lang.invoke.DirectMethodHandle.makePreparedLambdaForm(Ljava/lang/invoke/MethodType;I)Ljava/lang/invoke/LambdaForm;+792 java.base@17.0.4.1
J 1414 c1 java.lang.invoke.DirectMethodHandle.preparedLambdaForm(Ljava/lang/invoke/MemberName;Z)Ljava/lang/invoke/LambdaForm; java.base@17.0.4.1 (244 bytes) @ 0x000001fd12355a3c [0x000001fd123557e0+0x000000000000025c]
J 1545 c1 java.lang.invoke.DirectMethodHandle.make(BLjava/lang/Class;Ljava/lang/invoke/MemberName;Ljava/lang/Class;)Ljava/lang/invoke/DirectMethodHandle; java.base@17.0.4.1 (275 bytes) @ 0x000001fd1237da84 [0x000001fd1237d500+0x0000000000000584]
j  java.lang.invoke.MethodHandles$Lookup.getDirectMethodCommon(BLjava/lang/Class;Ljava/lang/invoke/MemberName;ZZLjava/lang/invoke/MethodHandles$Lookup;)Ljava/lang/invoke/MethodHandle;+210 java.base@17.0.4.1
j  java.lang.invoke.MethodHandles$Lookup.getDirectMethodNoSecurityManager(BLjava/lang/Class;Ljava/lang/invoke/MemberName;Ljava/lang/invoke/MethodHandles$Lookup;)Ljava/lang/invoke/MethodHandle;+14 java.base@17.0.4.1
j  java.lang.invoke.MethodHandles$Lookup.getDirectMethodForConstant(BLjava/lang/Class;Ljava/lang/invoke/MemberName;)Ljava/lang/invoke/MethodHandle;+31 java.base@17.0.4.1
J 1520 c1 java.lang.invoke.MethodHandles$Lookup.linkMethodHandleConstant(BLjava/lang/Class;Ljava/lang/String;Ljava/lang/Object;)Ljava/lang/invoke/MethodHandle; java.base@17.0.4.1 (222 bytes) @ 0x000001fd12373974 [0x000001fd12373400+0x0000000000000574]
J 1519 c1 java.lang.invoke.MethodHandleNatives.linkMethodHandleConstant(Ljava/lang/Class;ILjava/lang/Class;Ljava/lang/String;Ljava/lang/Object;)Ljava/lang/invoke/MethodHandle; java.base@17.0.4.1 (50 bytes) @ 0x000001fd12372e9c [0x000001fd12372e40+0x000000000000005c]
v  ~StubRoutines::call_stub
j  org.springframework.http.converter.xml.SourceHttpMessageConverter.<clinit>()V+0
v  ~StubRoutines::call_stub
j  org.springframework.http.converter.support.AllEncompassingFormHttpMessageConverter.<init>()V+11
j  org.springframework.boot.autoconfigure.BackgroundPreinitializer$MessageConverterInitializer.run()V+4
j  org.springframework.boot.autoconfigure.BackgroundPreinitializer$1.runSafely(Ljava/lang/Runnable;)V+1
j  org.springframework.boot.autoconfigure.BackgroundPreinitializer$1.run()V+33
j  java.lang.Thread.run()V+11 java.base@17.0.4.1
v  ~StubRoutines::call_stub

---------------  P R O C E S S  ---------------

Threads class SMR info:
_java_thread_list=0x000001fd1dd8ce60, length=14, elements={
0x000001fd0f283db0, 0x000001fd1bc8c3a0, 0x000001fd1bc8cf50, 0x000001fd1bcbb130,
0x000001fd1bcbdbf0, 0x000001fd1bcbe9a0, 0x000001fd1c8108b0, 0x000001fd1c813240,
0x000001fd1c8275f0, 0x000001fd1bc11c60, 0x000001fd1c9f3b30, 0x000001fd1ca2c0a0,
0x000001fd1ca2e730, 0x000001fd1d3d83b0
}

Java Threads: ( => current thread )
  0x000001fd0f283db0 JavaThread "main" [_thread_in_vm, id=12912, stack(0x00000035fda00000,0x00000035fdb00000)]
  0x000001fd1bc8c3a0 JavaThread "Reference Handler" daemon [_thread_blocked, id=24468, stack(0x00000035fe100000,0x00000035fe200000)]
  0x000001fd1bc8cf50 JavaThread "Finalizer" daemon [_thread_blocked, id=22540, stack(0x00000035fe200000,0x00000035fe300000)]
  0x000001fd1bcbb130 JavaThread "Signal Dispatcher" daemon [_thread_blocked, id=29988, stack(0x00000035fe300000,0x00000035fe400000)]
  0x000001fd1bcbdbf0 JavaThread "Attach Listener" daemon [_thread_blocked, id=12348, stack(0x00000035fe400000,0x00000035fe500000)]
  0x000001fd1bcbe9a0 JavaThread "Service Thread" daemon [_thread_blocked, id=16924, stack(0x00000035fe500000,0x00000035fe600000)]
  0x000001fd1c8108b0 JavaThread "Monitor Deflation Thread" daemon [_thread_blocked, id=30188, stack(0x00000035fe600000,0x00000035fe700000)]
  0x000001fd1c813240 JavaThread "C1 CompilerThread0" daemon [_thread_blocked, id=22328, stack(0x00000035fe700000,0x00000035fe800000)]
  0x000001fd1c8275f0 JavaThread "Sweeper thread" daemon [_thread_blocked, id=30824, stack(0x00000035fe800000,0x00000035fe900000)]
  0x000001fd1bc11c60 JavaThread "C1 CompilerThread1" daemon [_thread_blocked, id=13028, stack(0x00000035fe900000,0x00000035fea00000)]
  0x000001fd1c9f3b30 JavaThread "C1 CompilerThread2" daemon [_thread_blocked, id=16900, stack(0x00000035fea00000,0x00000035feb00000)]
  0x000001fd1ca2c0a0 JavaThread "Notification Thread" daemon [_thread_blocked, id=27788, stack(0x00000035feb00000,0x00000035fec00000)]
  0x000001fd1ca2e730 JavaThread "Common-Cleaner" daemon [_thread_blocked, id=11232, stack(0x00000035fed00000,0x00000035fee00000)]
=>0x000001fd1d3d83b0 JavaThread "background-preinit" [_thread_in_vm, id=15208, stack(0x00000035ff100000,0x00000035ff200000)]

Other Threads:
  0x000001fd1bc74c50 VMThread "VM Thread" [stack: 0x00000035fe000000,0x00000035fe100000] [id=29688]
  0x000001fd0f2f4480 WatcherThread [stack: 0x00000035fec00000,0x00000035fed00000] [id=29140]
  0x000001fd0f2daef0 GCTaskThread "GC Thread#0" [stack: 0x00000035fdb00000,0x00000035fdc00000] [id=29996]
  0x000001fd1d278b20 GCTaskThread "GC Thread#1" [stack: 0x00000035fee00000,0x00000035fef00000] [id=18524]
  0x000001fd1d0ac710 GCTaskThread "GC Thread#2" [stack: 0x00000035fef00000,0x00000035ff000000] [id=9124]
  0x000001fd1d305c50 GCTaskThread "GC Thread#3" [stack: 0x00000035ff000000,0x00000035ff100000] [id=26328]
  0x000001fd0f2eba90 ConcurrentGCThread "G1 Main Marker" [stack: 0x00000035fdc00000,0x00000035fdd00000] [id=23540]
  0x000001fd0f2edc50 ConcurrentGCThread "G1 Conc#0" [stack: 0x00000035fdd00000,0x00000035fde00000] [id=16816]
  0x000001fd1bae10b0 ConcurrentGCThread "G1 Refine#0" [stack: 0x00000035fde00000,0x00000035fdf00000] [id=11128]
  0x000001fd1bae1ad0 ConcurrentGCThread "G1 Service" [stack: 0x00000035fdf00000,0x00000035fe000000] [id=9052]

Threads with active compile tasks:

VM state: not at safepoint (normal execution)

VM Mutex/Monitor currently owned by a thread:  ([mutex/lock_event])
[0x000001fd0d068df0] Metaspace_lock - owner thread: 0x000001fd1d3d83b0

Heap address: 0x0000000082800000, size: 2008 MB, Compressed Oops mode: 32-bit

CDS archive(s) not mapped
Compressed class space mapped at: 0x0000000100000000-0x0000000140000000, reserved size: 1073741824
Narrow klass base: 0x0000000000000000, Narrow klass shift: 3, Narrow klass range: 0x140000000

GC Precious Log:
 CPUs: 4 total, 4 available
 Memory: 8025M
 Large Page Support: Disabled
 NUMA Support: Disabled
 Compressed Oops: Enabled (32-bit)
 Heap Region Size: 1M
 Heap Min Capacity: 8M
 Heap Initial Capacity: 126M
 Heap Max Capacity: 2008M
 Pre-touch: Disabled
 Parallel Workers: 4
 Concurrent Workers: 1
 Concurrent Refinement Workers: 4
 Periodic GC: Disabled

Heap:
 garbage-first heap   total 129024K, used 14844K [0x0000000082800000, 0x0000000100000000)
  region size 1024K, 9 young (9216K), 3 survivors (3072K)
 Metaspace       used 17679K, committed 17856K, reserved 1064960K
  class space    used 2169K, committed 2240K, reserved 1048576K

Heap Regions: E=young(eden), S=young(survivor), O=old, HS=humongous(starts), HC=humongous(continues), CS=collection set, F=free, OA=open archive, CA=closed archive, TAMS=top-at-mark-start (previous, next)
|   0|0x0000000082800000, 0x0000000082900000, 0x0000000082900000|100%| O|  |TAMS 0x0000000082800000, 0x0000000082800000| Untracked 
|   1|0x0000000082900000, 0x0000000082a00000, 0x0000000082a00000|100%| O|  |TAMS 0x0000000082900000, 0x0000000082900000| Untracked 
|   2|0x0000000082a00000, 0x0000000082b00000, 0x0000000082b00000|100%| O|  |TAMS 0x0000000082a00000, 0x0000000082a00000| Untracked 
|   3|0x0000000082b00000, 0x0000000082c00000, 0x0000000082c00000|100%| O|  |TAMS 0x0000000082b00000, 0x0000000082b00000| Untracked 
|   4|0x0000000082c00000, 0x0000000082d00000, 0x0000000082d00000|100%| O|  |TAMS 0x0000000082c00000, 0x0000000082c00000| Untracked 
|   5|0x0000000082d00000, 0x0000000082e00000, 0x0000000082e00000|100%| O|  |TAMS 0x0000000082d00000, 0x0000000082d00000| Untracked 
|   6|0x0000000082e00000, 0x0000000082f00000, 0x0000000082f00000|100%| O|  |TAMS 0x0000000082e00000, 0x0000000082e00000| Untracked 
|   7|0x0000000082f00000, 0x0000000082f7f000, 0x0000000083000000| 49%| O|  |TAMS 0x0000000082f00000, 0x0000000082f00000| Untracked 
|   8|0x0000000083000000, 0x0000000083000000, 0x0000000083100000|  0%| F|  |TAMS 0x0000000083000000, 0x0000000083000000| Untracked 
|   9|0x0000000083100000, 0x0000000083100000, 0x0000000083200000|  0%| F|  |TAMS 0x0000000083100000, 0x0000000083100000| Untracked 
|  10|0x0000000083200000, 0x0000000083200000, 0x0000000083300000|  0%| F|  |TAMS 0x0000000083200000, 0x0000000083200000| Untracked 
|  11|0x0000000083300000, 0x0000000083300000, 0x0000000083400000|  0%| F|  |TAMS 0x0000000083300000, 0x0000000083300000| Untracked 
|  12|0x0000000083400000, 0x0000000083400000, 0x0000000083500000|  0%| F|  |TAMS 0x0000000083400000, 0x0000000083400000| Untracked 
|  13|0x0000000083500000, 0x0000000083500000, 0x0000000083600000|  0%| F|  |TAMS 0x0000000083500000, 0x0000000083500000| Untracked 
|  14|0x0000000083600000, 0x0000000083600000, 0x0000000083700000|  0%| F|  |TAMS 0x0000000083600000, 0x0000000083600000| Untracked 
|  15|0x0000000083700000, 0x0000000083700000, 0x0000000083800000|  0%| F|  |TAMS 0x0000000083700000, 0x0000000083700000| Untracked 
|  16|0x0000000083800000, 0x0000000083800000, 0x0000000083900000|  0%| F|  |TAMS 0x0000000083800000, 0x0000000083800000| Untracked 
|  17|0x0000000083900000, 0x0000000083900000, 0x0000000083a00000|  0%| F|  |TAMS 0x0000000083900000, 0x0000000083900000| Untracked 
|  18|0x0000000083a00000, 0x0000000083a00000, 0x0000000083b00000|  0%| F|  |TAMS 0x0000000083a00000, 0x0000000083a00000| Untracked 
|  19|0x0000000083b00000, 0x0000000083b00000, 0x0000000083c00000|  0%| F|  |TAMS 0x0000000083b00000, 0x0000000083b00000| Untracked 
|  20|0x0000000083c00000, 0x0000000083c00000, 0x0000000083d00000|  0%| F|  |TAMS 0x0000000083c00000, 0x0000000083c00000| Untracked 
|  21|0x0000000083d00000, 0x0000000083d00000, 0x0000000083e00000|  0%| F|  |TAMS 0x0000000083d00000, 0x0000000083d00000| Untracked 
|  22|0x0000000083e00000, 0x0000000083e00000, 0x0000000083f00000|  0%| F|  |TAMS 0x0000000083e00000, 0x0000000083e00000| Untracked 
|  23|0x0000000083f00000, 0x0000000083f00000, 0x0000000084000000|  0%| F|  |TAMS 0x0000000083f00000, 0x0000000083f00000| Untracked 
|  24|0x0000000084000000, 0x0000000084000000, 0x0000000084100000|  0%| F|  |TAMS 0x0000000084000000, 0x0000000084000000| Untracked 
|  25|0x0000000084100000, 0x0000000084100000, 0x0000000084200000|  0%| F|  |TAMS 0x0000000084100000, 0x0000000084100000| Untracked 
|  26|0x0000000084200000, 0x0000000084200000, 0x0000000084300000|  0%| F|  |TAMS 0x0000000084200000, 0x0000000084200000| Untracked 
|  27|0x0000000084300000, 0x0000000084300000, 0x0000000084400000|  0%| F|  |TAMS 0x0000000084300000, 0x0000000084300000| Untracked 
|  28|0x0000000084400000, 0x0000000084400000, 0x0000000084500000|  0%| F|  |TAMS 0x0000000084400000, 0x0000000084400000| Untracked 
|  29|0x0000000084500000, 0x0000000084500000, 0x0000000084600000|  0%| F|  |TAMS 0x0000000084500000, 0x0000000084500000| Untracked 
|  30|0x0000000084600000, 0x0000000084600000, 0x0000000084700000|  0%| F|  |TAMS 0x0000000084600000, 0x0000000084600000| Untracked 
|  31|0x0000000084700000, 0x0000000084700000, 0x0000000084800000|  0%| F|  |TAMS 0x0000000084700000, 0x0000000084700000| Untracked 
|  32|0x0000000084800000, 0x0000000084800000, 0x0000000084900000|  0%| F|  |TAMS 0x0000000084800000, 0x0000000084800000| Untracked 
|  33|0x0000000084900000, 0x0000000084900000, 0x0000000084a00000|  0%| F|  |TAMS 0x0000000084900000, 0x0000000084900000| Untracked 
|  34|0x0000000084a00000, 0x0000000084a00000, 0x0000000084b00000|  0%| F|  |TAMS 0x0000000084a00000, 0x0000000084a00000| Untracked 
|  35|0x0000000084b00000, 0x0000000084b00000, 0x0000000084c00000|  0%| F|  |TAMS 0x0000000084b00000, 0x0000000084b00000| Untracked 
|  36|0x0000000084c00000, 0x0000000084c00000, 0x0000000084d00000|  0%| F|  |TAMS 0x0000000084c00000, 0x0000000084c00000| Untracked 
|  37|0x0000000084d00000, 0x0000000084d00000, 0x0000000084e00000|  0%| F|  |TAMS 0x0000000084d00000, 0x0000000084d00000| Untracked 
|  38|0x0000000084e00000, 0x0000000084e00000, 0x0000000084f00000|  0%| F|  |TAMS 0x0000000084e00000, 0x0000000084e00000| Untracked 
|  39|0x0000000084f00000, 0x0000000084f00000, 0x0000000085000000|  0%| F|  |TAMS 0x0000000084f00000, 0x0000000084f00000| Untracked 
|  40|0x0000000085000000, 0x0000000085000000, 0x0000000085100000|  0%| F|  |TAMS 0x0000000085000000, 0x0000000085000000| Untracked 
|  41|0x0000000085100000, 0x0000000085100000, 0x0000000085200000|  0%| F|  |TAMS 0x0000000085100000, 0x0000000085100000| Untracked 
|  42|0x0000000085200000, 0x0000000085200000, 0x0000000085300000|  0%| F|  |TAMS 0x0000000085200000, 0x0000000085200000| Untracked 
|  43|0x0000000085300000, 0x0000000085300000, 0x0000000085400000|  0%| F|  |TAMS 0x0000000085300000, 0x0000000085300000| Untracked 
|  44|0x0000000085400000, 0x0000000085400000, 0x0000000085500000|  0%| F|  |TAMS 0x0000000085400000, 0x0000000085400000| Untracked 
|  45|0x0000000085500000, 0x0000000085500000, 0x0000000085600000|  0%| F|  |TAMS 0x0000000085500000, 0x0000000085500000| Untracked 
|  46|0x0000000085600000, 0x0000000085600000, 0x0000000085700000|  0%| F|  |TAMS 0x0000000085600000, 0x0000000085600000| Untracked 
|  47|0x0000000085700000, 0x0000000085700000, 0x0000000085800000|  0%| F|  |TAMS 0x0000000085700000, 0x0000000085700000| Untracked 
|  48|0x0000000085800000, 0x0000000085800000, 0x0000000085900000|  0%| F|  |TAMS 0x0000000085800000, 0x0000000085800000| Untracked 
|  49|0x0000000085900000, 0x0000000085900000, 0x0000000085a00000|  0%| F|  |TAMS 0x0000000085900000, 0x0000000085900000| Untracked 
|  50|0x0000000085a00000, 0x0000000085a00000, 0x0000000085b00000|  0%| F|  |TAMS 0x0000000085a00000, 0x0000000085a00000| Untracked 
|  51|0x0000000085b00000, 0x0000000085b00000, 0x0000000085c00000|  0%| F|  |TAMS 0x0000000085b00000, 0x0000000085b00000| Untracked 
|  52|0x0000000085c00000, 0x0000000085c00000, 0x0000000085d00000|  0%| F|  |TAMS 0x0000000085c00000, 0x0000000085c00000| Untracked 
|  53|0x0000000085d00000, 0x0000000085d00000, 0x0000000085e00000|  0%| F|  |TAMS 0x0000000085d00000, 0x0000000085d00000| Untracked 
|  54|0x0000000085e00000, 0x0000000085e00000, 0x0000000085f00000|  0%| F|  |TAMS 0x0000000085e00000, 0x0000000085e00000| Untracked 
|  55|0x0000000085f00000, 0x0000000085f00000, 0x0000000086000000|  0%| F|  |TAMS 0x0000000085f00000, 0x0000000085f00000| Untracked 
|  56|0x0000000086000000, 0x0000000086000000, 0x0000000086100000|  0%| F|  |TAMS 0x0000000086000000, 0x0000000086000000| Untracked 
|  57|0x0000000086100000, 0x0000000086100000, 0x0000000086200000|  0%| F|  |TAMS 0x0000000086100000, 0x0000000086100000| Untracked 
|  58|0x0000000086200000, 0x0000000086200000, 0x0000000086300000|  0%| F|  |TAMS 0x0000000086200000, 0x0000000086200000| Untracked 
|  59|0x0000000086300000, 0x0000000086300000, 0x0000000086400000|  0%| F|  |TAMS 0x0000000086300000, 0x0000000086300000| Untracked 
|  60|0x0000000086400000, 0x0000000086400000, 0x0000000086500000|  0%| F|  |TAMS 0x0000000086400000, 0x0000000086400000| Untracked 
|  61|0x0000000086500000, 0x0000000086500000, 0x0000000086600000|  0%| F|  |TAMS 0x0000000086500000, 0x0000000086500000| Untracked 
|  62|0x0000000086600000, 0x0000000086600000, 0x0000000086700000|  0%| F|  |TAMS 0x0000000086600000, 0x0000000086600000| Untracked 
|  63|0x0000000086700000, 0x0000000086700000, 0x0000000086800000|  0%| F|  |TAMS 0x0000000086700000, 0x0000000086700000| Untracked 
|  64|0x0000000086800000, 0x0000000086800000, 0x0000000086900000|  0%| F|  |TAMS 0x0000000086800000, 0x0000000086800000| Untracked 
|  65|0x0000000086900000, 0x0000000086900000, 0x0000000086a00000|  0%| F|  |TAMS 0x0000000086900000, 0x0000000086900000| Untracked 
|  66|0x0000000086a00000, 0x0000000086a00000, 0x0000000086b00000|  0%| F|  |TAMS 0x0000000086a00000, 0x0000000086a00000| Untracked 
|  67|0x0000000086b00000, 0x0000000086b00000, 0x0000000086c00000|  0%| F|  |TAMS 0x0000000086b00000, 0x0000000086b00000| Untracked 
|  68|0x0000000086c00000, 0x0000000086c00000, 0x0000000086d00000|  0%| F|  |TAMS 0x0000000086c00000, 0x0000000086c00000| Untracked 
|  69|0x0000000086d00000, 0x0000000086d00000, 0x0000000086e00000|  0%| F|  |TAMS 0x0000000086d00000, 0x0000000086d00000| Untracked 
|  70|0x0000000086e00000, 0x0000000086e00000, 0x0000000086f00000|  0%| F|  |TAMS 0x0000000086e00000, 0x0000000086e00000| Untracked 
|  71|0x0000000086f00000, 0x0000000086f00000, 0x0000000087000000|  0%| F|  |TAMS 0x0000000086f00000, 0x0000000086f00000| Untracked 
|  72|0x0000000087000000, 0x0000000087000000, 0x0000000087100000|  0%| F|  |TAMS 0x0000000087000000, 0x0000000087000000| Untracked 
|  73|0x0000000087100000, 0x0000000087100000, 0x0000000087200000|  0%| F|  |TAMS 0x0000000087100000, 0x0000000087100000| Untracked 
|  74|0x0000000087200000, 0x0000000087200000, 0x0000000087300000|  0%| F|  |TAMS 0x0000000087200000, 0x0000000087200000| Untracked 
|  75|0x0000000087300000, 0x0000000087300000, 0x0000000087400000|  0%| F|  |TAMS 0x0000000087300000, 0x0000000087300000| Untracked 
|  76|0x0000000087400000, 0x0000000087400000, 0x0000000087500000|  0%| F|  |TAMS 0x0000000087400000, 0x0000000087400000| Untracked 
|  77|0x0000000087500000, 0x0000000087500000, 0x0000000087600000|  0%| F|  |TAMS 0x0000000087500000, 0x0000000087500000| Untracked 
|  78|0x0000000087600000, 0x0000000087600000, 0x0000000087700000|  0%| F|  |TAMS 0x0000000087600000, 0x0000000087600000| Untracked 
|  79|0x0000000087700000, 0x0000000087700000, 0x0000000087800000|  0%| F|  |TAMS 0x0000000087700000, 0x0000000087700000| Untracked 
|  80|0x0000000087800000, 0x0000000087800000, 0x0000000087900000|  0%| F|  |TAMS 0x0000000087800000, 0x0000000087800000| Untracked 
|  81|0x0000000087900000, 0x0000000087900000, 0x0000000087a00000|  0%| F|  |TAMS 0x0000000087900000, 0x0000000087900000| Untracked 
|  82|0x0000000087a00000, 0x0000000087a00000, 0x0000000087b00000|  0%| F|  |TAMS 0x0000000087a00000, 0x0000000087a00000| Untracked 
|  83|0x0000000087b00000, 0x0000000087b00000, 0x0000000087c00000|  0%| F|  |TAMS 0x0000000087b00000, 0x0000000087b00000| Untracked 
|  84|0x0000000087c00000, 0x0000000087c00000, 0x0000000087d00000|  0%| F|  |TAMS 0x0000000087c00000, 0x0000000087c00000| Untracked 
|  85|0x0000000087d00000, 0x0000000087d00000, 0x0000000087e00000|  0%| F|  |TAMS 0x0000000087d00000, 0x0000000087d00000| Untracked 
|  86|0x0000000087e00000, 0x0000000087e00000, 0x0000000087f00000|  0%| F|  |TAMS 0x0000000087e00000, 0x0000000087e00000| Untracked 
|  87|0x0000000087f00000, 0x0000000087f00000, 0x0000000088000000|  0%| F|  |TAMS 0x0000000087f00000, 0x0000000087f00000| Untracked 
|  88|0x0000000088000000, 0x0000000088000000, 0x0000000088100000|  0%| F|  |TAMS 0x0000000088000000, 0x0000000088000000| Untracked 
|  89|0x0000000088100000, 0x0000000088100000, 0x0000000088200000|  0%| F|  |TAMS 0x0000000088100000, 0x0000000088100000| Untracked 
|  90|0x0000000088200000, 0x0000000088200000, 0x0000000088300000|  0%| F|  |TAMS 0x0000000088200000, 0x0000000088200000| Untracked 
|  91|0x0000000088300000, 0x0000000088300000, 0x0000000088400000|  0%| F|  |TAMS 0x0000000088300000, 0x0000000088300000| Untracked 
|  92|0x0000000088400000, 0x0000000088400000, 0x0000000088500000|  0%| F|  |TAMS 0x0000000088400000, 0x0000000088400000| Untracked 
|  93|0x0000000088500000, 0x0000000088500000, 0x0000000088600000|  0%| F|  |TAMS 0x0000000088500000, 0x0000000088500000| Untracked 
|  94|0x0000000088600000, 0x0000000088600000, 0x0000000088700000|  0%| F|  |TAMS 0x0000000088600000, 0x0000000088600000| Untracked 
|  95|0x0000000088700000, 0x0000000088700000, 0x0000000088800000|  0%| F|  |TAMS 0x0000000088700000, 0x0000000088700000| Untracked 
|  96|0x0000000088800000, 0x0000000088800000, 0x0000000088900000|  0%| F|  |TAMS 0x0000000088800000, 0x0000000088800000| Untracked 
|  97|0x0000000088900000, 0x0000000088900000, 0x0000000088a00000|  0%| F|  |TAMS 0x0000000088900000, 0x0000000088900000| Untracked 
|  98|0x0000000088a00000, 0x0000000088a00000, 0x0000000088b00000|  0%| F|  |TAMS 0x0000000088a00000, 0x0000000088a00000| Untracked 
|  99|0x0000000088b00000, 0x0000000088b00000, 0x0000000088c00000|  0%| F|  |TAMS 0x0000000088b00000, 0x0000000088b00000| Untracked 
| 100|0x0000000088c00000, 0x0000000088d00000, 0x0000000088d00000|100%| S|CS|TAMS 0x0000000088c00000, 0x0000000088c00000| Complete 
| 101|0x0000000088d00000, 0x0000000088e00000, 0x0000000088e00000|100%| S|CS|TAMS 0x0000000088d00000, 0x0000000088d00000| Complete 
| 102|0x0000000088e00000, 0x0000000088f00000, 0x0000000088f00000|100%| S|CS|TAMS 0x0000000088e00000, 0x0000000088e00000| Complete 
| 103|0x0000000088f00000, 0x0000000088f00000, 0x0000000089000000|  0%| F|  |TAMS 0x0000000088f00000, 0x0000000088f00000| Untracked 
| 104|0x0000000089000000, 0x0000000089000000, 0x0000000089100000|  0%| F|  |TAMS 0x0000000089000000, 0x0000000089000000| Untracked 
| 105|0x0000000089100000, 0x0000000089100000, 0x0000000089200000|  0%| F|  |TAMS 0x0000000089100000, 0x0000000089100000| Untracked 
| 106|0x0000000089200000, 0x0000000089200000, 0x0000000089300000|  0%| F|  |TAMS 0x0000000089200000, 0x0000000089200000| Untracked 
| 107|0x0000000089300000, 0x0000000089300000, 0x0000000089400000|  0%| F|  |TAMS 0x0000000089300000, 0x0000000089300000| Untracked 
| 108|0x0000000089400000, 0x0000000089400000, 0x0000000089500000|  0%| F|  |TAMS 0x0000000089400000, 0x0000000089400000| Untracked 
| 109|0x0000000089500000, 0x0000000089500000, 0x0000000089600000|  0%| F|  |TAMS 0x0000000089500000, 0x0000000089500000| Untracked 
| 110|0x0000000089600000, 0x0000000089600000, 0x0000000089700000|  0%| F|  |TAMS 0x0000000089600000, 0x0000000089600000| Untracked 
| 111|0x0000000089700000, 0x0000000089700000, 0x0000000089800000|  0%| F|  |TAMS 0x0000000089700000, 0x0000000089700000| Untracked 
| 112|0x0000000089800000, 0x0000000089800000, 0x0000000089900000|  0%| F|  |TAMS 0x0000000089800000, 0x0000000089800000| Untracked 
| 113|0x0000000089900000, 0x0000000089900000, 0x0000000089a00000|  0%| F|  |TAMS 0x0000000089900000, 0x0000000089900000| Untracked 
| 114|0x0000000089a00000, 0x0000000089a00000, 0x0000000089b00000|  0%| F|  |TAMS 0x0000000089a00000, 0x0000000089a00000| Untracked 
| 115|0x0000000089b00000, 0x0000000089b00000, 0x0000000089c00000|  0%| F|  |TAMS 0x0000000089b00000, 0x0000000089b00000| Untracked 
| 116|0x0000000089c00000, 0x0000000089c00000, 0x0000000089d00000|  0%| F|  |TAMS 0x0000000089c00000, 0x0000000089c00000| Untracked 
| 117|0x0000000089d00000, 0x0000000089d00000, 0x0000000089e00000|  0%| F|  |TAMS 0x0000000089d00000, 0x0000000089d00000| Untracked 
| 118|0x0000000089e00000, 0x0000000089e00000, 0x0000000089f00000|  0%| F|  |TAMS 0x0000000089e00000, 0x0000000089e00000| Untracked 
| 119|0x0000000089f00000, 0x0000000089f00000, 0x000000008a000000|  0%| F|  |TAMS 0x0000000089f00000, 0x0000000089f00000| Untracked 
| 120|0x000000008a000000, 0x000000008a100000, 0x000000008a100000|100%| E|  |TAMS 0x000000008a000000, 0x000000008a000000| Complete 
| 121|0x000000008a100000, 0x000000008a200000, 0x000000008a200000|100%| E|CS|TAMS 0x000000008a100000, 0x000000008a100000| Complete 
| 122|0x000000008a200000, 0x000000008a300000, 0x000000008a300000|100%| E|  |TAMS 0x000000008a200000, 0x000000008a200000| Complete 
| 123|0x000000008a300000, 0x000000008a400000, 0x000000008a400000|100%| E|CS|TAMS 0x000000008a300000, 0x000000008a300000| Complete 
| 124|0x000000008a400000, 0x000000008a500000, 0x000000008a500000|100%| E|CS|TAMS 0x000000008a400000, 0x000000008a400000| Complete 
| 125|0x000000008a500000, 0x000000008a600000, 0x000000008a600000|100%| E|CS|TAMS 0x000000008a500000, 0x000000008a500000| Complete 

Card table byte_map: [0x000001fd15300000,0x000001fd156f0000] _byte_map_base: 0x000001fd14eec000

Marking Bits (Prev, Next): (CMBitMap*) 0x000001fd0f2db500, (CMBitMap*) 0x000001fd0f2db540
 Prev Bits: [0x000001fd15ae0000, 0x000001fd17a40000)
 Next Bits: [0x000001fd17a40000, 0x000001fd199a0000)

Polling page: 0x000001fd0d1d0000

Metaspace:

Usage:
  Non-class:     15.15 MB used.
      Class:      2.12 MB used.
       Both:     17.27 MB used.

Virtual space:
  Non-class space:       16.00 MB reserved,      15.25 MB ( 95%) committed,  2 nodes.
      Class space:        1.00 GB reserved,       2.19 MB ( <1%) committed,  1 nodes.
             Both:        1.02 GB reserved,      17.44 MB (  2%) committed. 

Chunk freelists:
   Non-Class:  223.00 KB
       Class:  1.62 MB
        Both:  1.84 MB

MaxMetaspaceSize: unlimited
CompressedClassSpaceSize: 1.00 GB
Initial GC threshold: 21.00 MB
Current GC threshold: 21.00 MB
CDS: off
MetaspaceReclaimPolicy: balanced
 - commit_granule_bytes: 65536.
 - commit_granule_words: 8192.
 - virtual_space_node_default_size: 1048576.
 - enlarge_chunks_in_place: 1.
 - new_chunks_are_fully_committed: 0.
 - uncommit_free_chunks: 1.
 - use_allocation_guard: 0.
 - handle_deallocations: 1.


Internal statistics:

num_allocs_failed_limit: 0.
num_arena_births: 162.
num_arena_deaths: 0.
num_vsnodes_births: 3.
num_vsnodes_deaths: 0.
num_space_committed: 279.
num_space_uncommitted: 0.
num_chunks_returned_to_freelist: 0.
num_chunks_taken_from_freelist: 459.
num_chunk_merges: 0.
num_chunk_splits: 299.
num_chunks_enlarged: 231.
num_purges: 0.
num_inconsistent_stats: 0.

CodeCache: size=49152Kb used=4796Kb max_used=4796Kb free=44355Kb
 bounds [0x000001fd11f10000, 0x000001fd123c0000, 0x000001fd14f10000]
 total_blobs=2175 nmethods=1727 adapters=373
 compilation: enabled
              stopped_count=0, restarted_count=0
 full_count=0

Compilation events (20 events):
Event: 2.426 Thread 0x000001fd1c813240 1717       1       java.util.LinkedHashMap::newNode (23 bytes)
Event: 2.426 Thread 0x000001fd1c813240 nmethod 1717 0x000001fd123bb210 code [0x000001fd123bb3c0, 0x000001fd123bb7b8]
Event: 2.426 Thread 0x000001fd1c813240 1718       1       java.util.ArrayDeque::addFirst (51 bytes)
Event: 2.426 Thread 0x000001fd1c813240 nmethod 1718 0x000001fd123bb890 code [0x000001fd123bba40, 0x000001fd123bbcb8]
Event: 2.426 Thread 0x000001fd1c813240 1719       1       java.util.ArrayDeque::dec (13 bytes)
Event: 2.426 Thread 0x000001fd1c813240 nmethod 1719 0x000001fd123bbe10 code [0x000001fd123bbfa0, 0x000001fd123bc058]
Event: 2.426 Thread 0x000001fd1c813240 1720       1       java.util.AbstractCollection::isEmpty (13 bytes)
Event: 2.427 Thread 0x000001fd1c813240 nmethod 1720 0x000001fd123bc110 code [0x000001fd123bc2a0, 0x000001fd123bc3a8]
Event: 2.427 Thread 0x000001fd1c813240 1721       1       java.util.LinkedHashMap::afterNodeInsertion (40 bytes)
Event: 2.427 Thread 0x000001fd1c9f3b30 1722       1       java.util.WeakHashMap::getTable (9 bytes)
Event: 2.427 Thread 0x000001fd1c9f3b30 nmethod 1722 0x000001fd123bc410 code [0x000001fd123bc5a0, 0x000001fd123bc688]
Event: 2.427 Thread 0x000001fd1c813240 nmethod 1721 0x000001fd123bc710 code [0x000001fd123bc8c0, 0x000001fd123bca88]
Event: 2.428 Thread 0x000001fd1c813240 1723       1       java.util.LinkedHashMap::getOrDefault (29 bytes)
Event: 2.428 Thread 0x000001fd1c813240 nmethod 1723 0x000001fd123bcb90 code [0x000001fd123bcd40, 0x000001fd123bceb8]
Event: 2.433 Thread 0x000001fd1c813240 1724       1       java.security.CodeSource::matchCerts (254 bytes)
Event: 2.434 Thread 0x000001fd1c813240 nmethod 1724 0x000001fd123bcf90 code [0x000001fd123bd1a0, 0x000001fd123bd6b8]
Event: 2.434 Thread 0x000001fd1c813240 1725       1       java.util.WeakHashMap::remove (131 bytes)
Event: 2.435 Thread 0x000001fd1c813240 nmethod 1725 0x000001fd123bda10 code [0x000001fd123bdc00, 0x000001fd123be078]
Event: 2.438 Thread 0x000001fd1c813240 1726       1       java.lang.invoke.InvokerBytecodeGenerator::emitReferenceCast (185 bytes)
Event: 2.438 Thread 0x000001fd1c9f3b30 1727       1       java.lang.invoke.LambdaForm::useCount (61 bytes)

GC Heap History (6 events):
Event: 0.576 GC heap before
{Heap before GC invocations=0 (full 0):
 garbage-first heap   total 129024K, used 12288K [0x0000000082800000, 0x0000000100000000)
  region size 1024K, 13 young (13312K), 0 survivors (0K)
 Metaspace       used 6483K, committed 6656K, reserved 1056768K
  class space    used 661K, committed 768K, reserved 1048576K
}
Event: 0.582 GC heap after
{Heap after GC invocations=1 (full 0):
 garbage-first heap   total 129024K, used 6926K [0x0000000082800000, 0x0000000100000000)
  region size 1024K, 2 young (2048K), 2 survivors (2048K)
 Metaspace       used 6483K, committed 6656K, reserved 1056768K
  class space    used 661K, committed 768K, reserved 1048576K
}
Event: 1.153 GC heap before
{Heap before GC invocations=1 (full 0):
 garbage-first heap   total 129024K, used 17166K [0x0000000082800000, 0x0000000100000000)
  region size 1024K, 12 young (12288K), 2 survivors (2048K)
 Metaspace       used 10206K, committed 10368K, reserved 1064960K
  class space    used 1150K, committed 1216K, reserved 1048576K
}
Event: 1.156 GC heap after
{Heap after GC invocations=2 (full 0):
 garbage-first heap   total 129024K, used 8554K [0x0000000082800000, 0x0000000100000000)
  region size 1024K, 2 young (2048K), 2 survivors (2048K)
 Metaspace       used 10206K, committed 10368K, reserved 1064960K
  class space    used 1150K, committed 1216K, reserved 1048576K
}
Event: 2.214 GC heap before
{Heap before GC invocations=2 (full 0):
 garbage-first heap   total 129024K, used 30058K [0x0000000082800000, 0x0000000100000000)
  region size 1024K, 23 young (23552K), 2 survivors (2048K)
 Metaspace       used 16323K, committed 16512K, reserved 1064960K
  class space    used 1975K, committed 2048K, reserved 1048576K
}
Event: 2.219 GC heap after
{Heap after GC invocations=3 (full 0):
 garbage-first heap   total 129024K, used 10748K [0x0000000082800000, 0x0000000100000000)
  region size 1024K, 3 young (3072K), 3 survivors (3072K)
 Metaspace       used 16323K, committed 16512K, reserved 1064960K
  class space    used 1975K, committed 2048K, reserved 1048576K
}

Deoptimization events (0 events):
No events

Classes unloaded (0 events):
No events

Classes redefined (0 events):
No events

Internal exceptions (20 events):
Event: 1.819 Thread 0x000001fd0f283db0 Exception <a 'java/lang/NoSuchMethodError'{0x00000000896552c8}: 'java.lang.Object java.lang.invoke.DirectMethodHandle$Holder.invokeSpecial(java.lang.Object, java.lang.Object, java.lang.Object, java.lang.Object, java.lang.Object, java.lang.Object, java.lang.Object, int)'> (0x00000000896552c8) 
thrown [s\src\hotspot\share\interpreter\linkResolver.cpp, line 759]
Event: 1.855 Thread 0x000001fd0f283db0 Exception <a 'java/lang/NoSuchMethodError'{0x0000000089505448}: 'java.lang.Object java.lang.invoke.DirectMethodHandle$Holder.invokeVirtual(java.lang.Object, java.lang.Object, java.lang.Object)'> (0x0000000089505448) 
thrown [s\src\hotspot\share\interpreter\linkResolver.cpp, line 759]
Event: 2.129 Thread 0x000001fd0f283db0 Exception <a 'java/lang/NoSuchMethodError'{0x00000000890aa538}: 'int java.lang.invoke.DirectMethodHandle$Holder.invokeVirtual(java.lang.Object, java.lang.Object)'> (0x00000000890aa538) 
thrown [s\src\hotspot\share\interpreter\linkResolver.cpp, line 759]
Event: 2.161 Thread 0x000001fd0f283db0 Exception <a 'java/lang/NoSuchMethodError'{0x0000000088f4f028}: 'java.lang.Object java.lang.invoke.DirectMethodHandle$Holder.invokeSpecial(java.lang.Object, java.lang.Object, java.lang.Object, int, java.lang.Object)'> (0x0000000088f4f028) 
thrown [s\src\hotspot\share\interpreter\linkResolver.cpp, line 759]
Event: 2.166 Thread 0x000001fd0f283db0 Exception <a 'java/lang/NoSuchMethodError'{0x0000000088f57690}: 'java.lang.Object java.lang.invoke.DirectMethodHandle$Holder.newInvokeSpecial(java.lang.Object, java.lang.Object, java.lang.Object, int, java.lang.Object)'> (0x0000000088f57690) 
thrown [s\src\hotspot\share\interpreter\linkResolver.cpp, line 759]
Event: 2.171 Thread 0x000001fd0f283db0 Exception <a 'java/lang/NoSuchMethodError'{0x0000000088f6f1b0}: 'java.lang.Object java.lang.invoke.DirectMethodHandle$Holder.newInvokeSpecial(java.lang.Object, int, java.lang.Object)'> (0x0000000088f6f1b0) 
thrown [s\src\hotspot\share\interpreter\linkResolver.cpp, line 759]
Event: 2.178 Thread 0x000001fd0f283db0 Exception <a 'java/lang/NoSuchMethodError'{0x0000000088f76e80}: 'int java.lang.invoke.DirectMethodHandle$Holder.invokeSpecialIFC(java.lang.Object, java.lang.Object, java.lang.Object, java.lang.Object)'> (0x0000000088f76e80) 
thrown [s\src\hotspot\share\interpreter\linkResolver.cpp, line 759]
Event: 2.228 Thread 0x000001fd0f283db0 Exception <a 'java/lang/NoSuchMethodError'{0x000000008a534780}: 'java.lang.Object java.lang.invoke.DirectMethodHandle$Holder.invokeInterface(java.lang.Object, java.lang.Object)'> (0x000000008a534780) 
thrown [s\src\hotspot\share\interpreter\linkResolver.cpp, line 759]
Event: 2.232 Thread 0x000001fd0f283db0 Exception <a 'java/lang/NoSuchMethodError'{0x000000008a544c20}: 'void java.lang.invoke.DirectMethodHandle$Holder.invokeInterface(java.lang.Object, java.lang.Object, java.lang.Object)'> (0x000000008a544c20) 
thrown [s\src\hotspot\share\interpreter\linkResolver.cpp, line 759]
Event: 2.246 Thread 0x000001fd0f283db0 Exception <a 'java/lang/NoSuchMethodError'{0x000000008a404e08}: 'void java.lang.invoke.DirectMethodHandle$Holder.invokeStatic(java.lang.Object, java.lang.Object)'> (0x000000008a404e08) 
thrown [s\src\hotspot\share\interpreter\linkResolver.cpp, line 759]
Event: 2.247 Thread 0x000001fd0f283db0 Exception <a 'java/lang/NoSuchMethodError'{0x000000008a408608}: 'void java.lang.invoke.DirectMethodHandle$Holder.invokeStaticInit(java.lang.Object, java.lang.Object)'> (0x000000008a408608) 
thrown [s\src\hotspot\share\interpreter\linkResolver.cpp, line 759]
Event: 2.252 Thread 0x000001fd0f283db0 Exception <a 'java/lang/NoSuchMethodError'{0x000000008a417100}: 'void java.lang.invoke.DirectMethodHandle$Holder.invokeStaticInit(java.lang.Object, java.lang.Object, java.lang.Object)'> (0x000000008a417100) 
thrown [s\src\hotspot\share\interpreter\linkResolver.cpp, line 759]
Event: 2.257 Thread 0x000001fd0f283db0 Exception <a 'java/lang/NoSuchMethodError'{0x000000008a425f70}: 'java.lang.Object java.lang.invoke.DirectMethodHandle$Holder.invokeStaticInit(java.lang.Object)'> (0x000000008a425f70) 
thrown [s\src\hotspot\share\interpreter\linkResolver.cpp, line 759]
Event: 2.329 Thread 0x000001fd0f283db0 Exception <a 'java/lang/NoSuchMethodError'{0x000000008a4fc968}: 'void java.lang.invoke.DirectMethodHandle$Holder.invokeSpecial(java.lang.Object, java.lang.Object, java.lang.Object)'> (0x000000008a4fc968) 
thrown [s\src\hotspot\share\interpreter\linkResolver.cpp, line 759]
Event: 2.330 Thread 0x000001fd0f283db0 Exception <a 'java/lang/NoSuchMethodError'{0x000000008a303818}: 'void java.lang.invoke.DirectMethodHandle$Holder.invokeSpecial(java.lang.Object, java.lang.Object, java.lang.Object, java.lang.Object, java.lang.Object)'> (0x000000008a303818) 
thrown [s\src\hotspot\share\interpreter\linkResolver.cpp, line 759]
Event: 2.347 Thread 0x000001fd0f283db0 Exception <a 'java/lang/NoSuchMethodError'{0x000000008a32e2c8}: 'void java.lang.invoke.DirectMethodHandle$Holder.invokeStatic(java.lang.Object, java.lang.Object, int)'> (0x000000008a32e2c8) 
thrown [s\src\hotspot\share\interpreter\linkResolver.cpp, line 759]
Event: 2.393 Thread 0x000001fd0f283db0 Exception <a 'java/lang/NoSuchMethodError'{0x000000008a3662a8}: 'java.lang.Object java.lang.invoke.DirectMethodHandle$Holder.invokeStatic(java.lang.Object, java.lang.Object, int)'> (0x000000008a3662a8) 
thrown [s\src\hotspot\share\interpreter\linkResolver.cpp, line 759]
Event: 2.394 Thread 0x000001fd0f283db0 Exception <a 'java/lang/NoSuchMethodError'{0x000000008a371a18}: 'void java.lang.invoke.DelegatingMethodHandle$Holder.delegate(java.lang.Object, java.lang.Object, int, java.lang.Object)'> (0x000000008a371a18) 
thrown [s\src\hotspot\share\interpreter\linkResolver.cpp, line 759]
Event: 2.397 Thread 0x000001fd1d3d83b0 Exception <a 'java/lang/NoClassDefFoundError'{0x000000008a39a408}: javax/validation/Validation> (0x000000008a39a408) 
thrown [s\src\hotspot\share\classfile\systemDictionary.cpp, line 245]
Event: 2.438 Thread 0x000001fd1d3d83b0 Exception <a 'java/lang/NoSuchMethodError'{0x000000008a0d3728}: 'java.lang.Object java.lang.invoke.DirectMethodHandle$Holder.invokeStaticInit(java.lang.Object, java.lang.Object, java.lang.Object)'> (0x000000008a0d3728) 
thrown [s\src\hotspot\share\interpreter\linkResolver.cpp, line 759]

VM Operations (20 events):
Event: 1.063 Executing VM operation: HandshakeAllThreads
Event: 1.063 Executing VM operation: HandshakeAllThreads done
Event: 1.138 Executing VM operation: HandshakeAllThreads
Event: 1.138 Executing VM operation: HandshakeAllThreads done
Event: 1.152 Executing VM operation: G1CollectForAllocation
Event: 1.156 Executing VM operation: G1CollectForAllocation done
Event: 1.465 Executing VM operation: HandshakeAllThreads
Event: 1.465 Executing VM operation: HandshakeAllThreads done
Event: 1.898 Executing VM operation: HandshakeAllThreads
Event: 1.898 Executing VM operation: HandshakeAllThreads done
Event: 1.905 Executing VM operation: HandshakeAllThreads
Event: 1.905 Executing VM operation: HandshakeAllThreads done
Event: 2.124 Executing VM operation: HandshakeAllThreads
Event: 2.124 Executing VM operation: HandshakeAllThreads done
Event: 2.214 Executing VM operation: G1CollectForAllocation
Event: 2.219 Executing VM operation: G1CollectForAllocation done
Event: 2.364 Executing VM operation: HandshakeAllThreads
Event: 2.392 Executing VM operation: HandshakeAllThreads done
Event: 2.405 Executing VM operation: HandshakeAllThreads
Event: 2.405 Executing VM operation: HandshakeAllThreads done

Events (20 events):
Event: 2.410 loading class sun/reflect/generics/scope/MethodScope
Event: 2.410 loading class sun/reflect/generics/scope/MethodScope done
Event: 2.410 loading class sun/reflect/generics/repository/MethodRepository
Event: 2.410 loading class sun/reflect/generics/repository/MethodRepository done
Event: 2.411 loading class java/util/AbstractList$ListItr
Event: 2.411 loading class java/util/AbstractList$Itr
Event: 2.411 loading class java/util/AbstractList$Itr done
Event: 2.411 loading class java/util/AbstractList$ListItr done
Event: 2.437 loading class javax/xml/transform/TransformerException
Event: 2.437 loading class javax/xml/transform/TransformerException done
Event: 2.437 loading class javax/xml/transform/Result
Event: 2.437 loading class javax/xml/transform/Result done
Event: 2.437 loading class javax/xml/transform/Source
Event: 2.437 loading class javax/xml/transform/Source done
Event: 2.437 loading class org/w3c/dom/Node
Event: 2.438 loading class org/w3c/dom/Node done
Event: 2.438 loading class javax/xml/stream/XMLStreamException
Event: 2.438 loading class javax/xml/stream/XMLStreamException done
Event: 2.438 loading class sun/invoke/util/VerifyAccess$1
Event: 2.438 loading class sun/invoke/util/VerifyAccess$1 done


Dynamic libraries:
0x00007ff7fd6a0000 - 0x00007ff7fd6ae000 	c:\Users\giiio\.vscode\extensions\redhat.java-1.12.0-win32-x64\jre\17.0.4.1-win32-x86_64\bin\java.exe
0x00007ffb3cf70000 - 0x00007ffb3d184000 	C:\WINDOWS\SYSTEM32\ntdll.dll
0x00007ffb3bd30000 - 0x00007ffb3bdf2000 	C:\WINDOWS\System32\KERNEL32.DLL
0x00007ffb3a4c0000 - 0x00007ffb3a85d000 	C:\WINDOWS\System32\KERNELBASE.dll
0x00007ffb3a3a0000 - 0x00007ffb3a4b1000 	C:\WINDOWS\System32\ucrtbase.dll
0x00007ffb30490000 - 0x00007ffb304a8000 	c:\Users\giiio\.vscode\extensions\redhat.java-1.12.0-win32-x64\jre\17.0.4.1-win32-x86_64\bin\jli.dll
0x00007ffb3c070000 - 0x00007ffb3c21a000 	C:\WINDOWS\System32\USER32.dll
0x00007ffb3ab60000 - 0x00007ffb3ab86000 	C:\WINDOWS\System32\win32u.dll
0x00007ffb34890000 - 0x00007ffb348a9000 	c:\Users\giiio\.vscode\extensions\redhat.java-1.12.0-win32-x64\jre\17.0.4.1-win32-x86_64\bin\VCRUNTIME140.dll
0x00007ffb3b860000 - 0x00007ffb3b889000 	C:\WINDOWS\System32\GDI32.dll
0x00007ffb3ac50000 - 0x00007ffb3ad62000 	C:\WINDOWS\System32\gdi32full.dll
0x00007ffb3aac0000 - 0x00007ffb3ab5a000 	C:\WINDOWS\System32\msvcp_win.dll
0x00007ffb196c0000 - 0x00007ffb1994e000 	C:\WINDOWS\WinSxS\amd64_microsoft.windows.common-controls_6595b64144ccf1df_6.0.22621.608_none_a9444ca7c10bb01d\COMCTL32.dll
0x00007ffb3bf10000 - 0x00007ffb3bfb7000 	C:\WINDOWS\System32\msvcrt.dll
0x00007ffb3b2d0000 - 0x00007ffb3b302000 	C:\WINDOWS\System32\IMM32.DLL
0x00007ffb35a90000 - 0x00007ffb35a9c000 	c:\Users\giiio\.vscode\extensions\redhat.java-1.12.0-win32-x64\jre\17.0.4.1-win32-x86_64\bin\vcruntime140_1.dll
0x00007ffae60f0000 - 0x00007ffae6181000 	c:\Users\giiio\.vscode\extensions\redhat.java-1.12.0-win32-x64\jre\17.0.4.1-win32-x86_64\bin\msvcp140.dll
0x00007ffac5e50000 - 0x00007ffac6a96000 	c:\Users\giiio\.vscode\extensions\redhat.java-1.12.0-win32-x64\jre\17.0.4.1-win32-x86_64\bin\server\jvm.dll
0x00007ffb3c430000 - 0x00007ffb3c4de000 	C:\WINDOWS\System32\ADVAPI32.dll
0x00007ffb3bfc0000 - 0x00007ffb3c064000 	C:\WINDOWS\System32\sechost.dll
0x00007ffb3b330000 - 0x00007ffb3b445000 	C:\WINDOWS\System32\RPCRT4.dll
0x00007ffb3bf00000 - 0x00007ffb3bf08000 	C:\WINDOWS\System32\PSAPI.DLL
0x00007ffb35500000 - 0x00007ffb35509000 	C:\WINDOWS\SYSTEM32\WSOCK32.dll
0x00007ffb37a10000 - 0x00007ffb37a44000 	C:\WINDOWS\SYSTEM32\WINMM.dll
0x00007ffb3b890000 - 0x00007ffb3b901000 	C:\WINDOWS\System32\WS2_32.dll
0x00007ffb2b3a0000 - 0x00007ffb2b3aa000 	C:\WINDOWS\SYSTEM32\VERSION.dll
0x00007ffb39500000 - 0x00007ffb39518000 	C:\WINDOWS\SYSTEM32\kernel.appcore.dll
0x00007ffb34910000 - 0x00007ffb3491a000 	c:\Users\giiio\.vscode\extensions\redhat.java-1.12.0-win32-x64\jre\17.0.4.1-win32-x86_64\bin\jimage.dll
0x00007ffb37410000 - 0x00007ffb3763e000 	C:\WINDOWS\SYSTEM32\DBGHELP.DLL
0x00007ffb3b910000 - 0x00007ffb3bc9a000 	C:\WINDOWS\System32\combase.dll
0x00007ffb3ad70000 - 0x00007ffb3ae47000 	C:\WINDOWS\System32\OLEAUT32.dll
0x00007ffb107f0000 - 0x00007ffb10822000 	C:\WINDOWS\SYSTEM32\dbgcore.DLL
0x00007ffb3a860000 - 0x00007ffb3a8db000 	C:\WINDOWS\System32\bcryptPrimitives.dll
0x00007ffb24ab0000 - 0x00007ffb24ad5000 	c:\Users\giiio\.vscode\extensions\redhat.java-1.12.0-win32-x64\jre\17.0.4.1-win32-x86_64\bin\java.dll
0x00007ffb22370000 - 0x00007ffb22388000 	c:\Users\giiio\.vscode\extensions\redhat.java-1.12.0-win32-x64\jre\17.0.4.1-win32-x86_64\bin\zip.dll
0x00007ffb3c750000 - 0x00007ffb3cf30000 	C:\WINDOWS\System32\SHELL32.dll
0x00007ffb383f0000 - 0x00007ffb38cb5000 	C:\WINDOWS\SYSTEM32\windows.storage.dll
0x00007ffb382b0000 - 0x00007ffb383ee000 	C:\WINDOWS\SYSTEM32\wintypes.dll
0x00007ffb3be00000 - 0x00007ffb3bef1000 	C:\WINDOWS\System32\SHCORE.dll
0x00007ffb3c530000 - 0x00007ffb3c58e000 	C:\WINDOWS\System32\shlwapi.dll
0x00007ffb3a2d0000 - 0x00007ffb3a2f1000 	C:\WINDOWS\SYSTEM32\profapi.dll
0x00007ffb20dc0000 - 0x00007ffb20dd9000 	C:\Users\giiio\.vscode\extensions\redhat.java-1.12.0-win32-x64\jre\17.0.4.1-win32-x86_64\bin\net.dll
0x00007ffb33370000 - 0x00007ffb3349f000 	C:\WINDOWS\SYSTEM32\WINHTTP.dll
0x00007ffb39960000 - 0x00007ffb399c9000 	C:\WINDOWS\system32\mswsock.dll
0x00007ffb1dc40000 - 0x00007ffb1dc55000 	C:\Users\giiio\.vscode\extensions\redhat.java-1.12.0-win32-x64\jre\17.0.4.1-win32-x86_64\bin\nio.dll
0x00007ffb33e30000 - 0x00007ffb33e40000 	c:\Users\giiio\.vscode\extensions\redhat.java-1.12.0-win32-x64\jre\17.0.4.1-win32-x86_64\bin\verify.dll
0x00007ffb34710000 - 0x00007ffb34719000 	C:\Users\giiio\.vscode\extensions\redhat.java-1.12.0-win32-x64\jre\17.0.4.1-win32-x86_64\bin\management.dll
0x00007ffb33dc0000 - 0x00007ffb33dcb000 	C:\Users\giiio\.vscode\extensions\redhat.java-1.12.0-win32-x64\jre\17.0.4.1-win32-x86_64\bin\management_ext.dll
0x00007ffb0b640000 - 0x00007ffb0b657000 	C:\WINDOWS\system32\napinsp.dll
0x00007ffb0b680000 - 0x00007ffb0b69b000 	C:\WINDOWS\system32\pnrpnsp.dll
0x00007ffb38f30000 - 0x00007ffb39022000 	C:\WINDOWS\SYSTEM32\DNSAPI.dll
0x00007ffb38f00000 - 0x00007ffb38f2d000 	C:\WINDOWS\SYSTEM32\IPHLPAPI.DLL
0x00007ffb3b750000 - 0x00007ffb3b759000 	C:\WINDOWS\System32\NSI.dll
0x00007ffb0b660000 - 0x00007ffb0b671000 	C:\WINDOWS\System32\winrnr.dll
0x00007ffb14e10000 - 0x00007ffb14e25000 	C:\WINDOWS\system32\wshbth.dll
0x00007ffab9030000 - 0x00007ffab9051000 	C:\WINDOWS\system32\nlansp_c.dll
0x00007ffb28260000 - 0x00007ffb2826a000 	C:\Windows\System32\rasadhlp.dll
0x00007ffb2ff30000 - 0x00007ffb2ffb3000 	C:\WINDOWS\System32\fwpuclnt.dll

dbghelp: loaded successfully - version: 4.0.5 - missing functions: none
symbol engine: initialized successfully - sym options: 0x614 - pdb path: .;c:\Users\giiio\.vscode\extensions\redhat.java-1.12.0-win32-x64\jre\17.0.4.1-win32-x86_64\bin;C:\WINDOWS\SYSTEM32;C:\WINDOWS\WinSxS\amd64_microsoft.windows.common-controls_6595b64144ccf1df_6.0.22621.608_none_a9444ca7c10bb01d;c:\Users\giiio\.vscode\extensions\redhat.java-1.12.0-win32-x64\jre\17.0.4.1-win32-x86_64\bin\server

VM Arguments:
jvm_args: -Dsts.lsp.client=vscode -Dsts.log.file=/dev/null -XX:TieredStopAtLevel=1 -Xlog:jni+resolve=off -Dspring.config.location=file:c:\Users\giiio\.vscode\extensions\pivotal.vscode-spring-boot-1.40.0\language-server\BOOT-INF\classes\application.properties 
java_command: org.springframework.ide.vscode.boot.app.BootLanguageServerBootApp
java_class_path (initial): c:\Users\giiio\.vscode\extensions\pivotal.vscode-spring-boot-1.40.0\language-server\BOOT-INF\classes;c:\Users\giiio\.vscode\extensions\pivotal.vscode-spring-boot-1.40.0\language-server\BOOT-INF\lib\annotations-23.0.0.jar;c:\Users\giiio\.vscode\extensions\pivotal.vscode-spring-boot-1.40.0\language-server\BOOT-INF\lib\ant-1.10.12.jar;c:\Users\giiio\.vscode\extensions\pivotal.vscode-spring-boot-1.40.0\language-server\BOOT-INF\lib\ant-launcher-1.10.12.jar;c:\Users\giiio\.vscode\extensions\pivotal.vscode-spring-boot-1.40.0\language-server\BOOT-INF\lib\antlr-runtime-3.5.2.jar;c:\Users\giiio\.vscode\extensions\pivotal.vscode-spring-boot-1.40.0\language-server\BOOT-INF\lib\antlr4-4.9.3.jar;c:\Users\giiio\.vscode\extensions\pivotal.vscode-spring-boot-1.40.0\language-server\BOOT-INF\lib\antlr4-runtime-4.9.3.jar;c:\Users\giiio\.vscode\extensions\pivotal.vscode-spring-boot-1.40.0\language-server\BOOT-INF\lib\asm-9.3.jar;c:\Users\giiio\.vscode\extensions\pivotal.vscode-spring-boot-1.40.0\language-server\BOOT-INF\lib\asm-analysis-9.3.jar;c:\Users\giiio\.vscode\extensions\pivotal.vscode-spring-boot-1.40.0\language-server\BOOT-INF\lib\asm-tree-9.3.jar;c:\Users\giiio\.vscode\extensions\pivotal.vscode-spring-boot-1.40.0\language-server\BOOT-INF\lib\asm-util-9.3.jar;c:\Users\giiio\.vscode\extensions\pivotal.vscode-spring-boot-1.40.0\language-server\BOOT-INF\lib\byte-buddy-1.12.13.jar;c:\Users\giiio\.vscode\extensions\pivotal.vscode-spring-boot-1.40.0\language-server\BOOT-INF\lib\caffeine-2.9.3.jar;c:\Users\giiio\.vscode\extensions\pivotal.vscode-spring-boot-1.40.0\language-server\BOOT-INF\lib\checker-qual-3.12.0.jar;c:\Users\giiio\.vscode\extensions\pivotal.vscode-spring-boot-1.40.0\language-server\BOOT-INF\lib\classgraph-4.8.149.jar;c:\Users\giiio\.vscode\extensions\pivotal.vscode-spring-boot-1.40.0\language-server\BOOT-INF\lib\commons-codec-1.15.jar;c:\Users\giiio\.vscode\extensions\pivotal.vscode-spring-boot-1.40.0\language-server\BOOT-INF\lib\commons-c
Launcher Type: SUN_STANDARD

[Global flags]
     intx CICompilerCount                          = 3                                         {product} {ergonomic}
     uint ConcGCThreads                            = 1                                         {product} {ergonomic}
     uint G1ConcRefinementThreads                  = 4                                         {product} {ergonomic}
   size_t G1HeapRegionSize                         = 1048576                                   {product} {ergonomic}
    uintx GCDrainStackTargetSize                   = 64                                        {product} {ergonomic}
   size_t InitialHeapSize                          = 132120576                                 {product} {ergonomic}
   size_t MarkStackSize                            = 4194304                                   {product} {ergonomic}
   size_t MaxHeapSize                              = 2105540608                                {product} {ergonomic}
   size_t MaxNewSize                               = 1262485504                                {product} {ergonomic}
   size_t MinHeapDeltaBytes                        = 1048576                                   {product} {ergonomic}
   size_t MinHeapSize                              = 8388608                                   {product} {ergonomic}
    uintx NonProfiledCodeHeapSize                  = 0                                      {pd product} {ergonomic}
     bool ProfileInterpreter                       = false                                  {pd product} {command line}
    uintx ProfiledCodeHeapSize                     = 0                                      {pd product} {ergonomic}
   size_t SoftMaxHeapSize                          = 2105540608                             {manageable} {ergonomic}
     intx TieredStopAtLevel                        = 1                                         {product} {command line}
     bool UseCompressedClassPointers               = true                           {product lp64_product} {ergonomic}
     bool UseCompressedOops                        = true                           {product lp64_product} {ergonomic}
     bool UseG1GC                                  = true                                      {product} {ergonomic}
     bool UseLargePagesIndividualAllocation        = false                                  {pd product} {ergonomic}

Logging:
Log output configuration:
 #0: stdout all=warning,jni+resolve=off uptime,level,tags
 #1: stderr all=off uptime,level,tags

Environment Variables:
PATH=C:\Program Files\Common Files\Oracle\Java\javapath;C:\Program Files (x86)\Common Files\Oracle\Java\javapath;C:\WINDOWS\system32;C:\WINDOWS;C:\WINDOWS\System32\Wbem;C:\WINDOWS\System32\WindowsPowerShell\v1.0\;C:\WINDOWS\System32\OpenSSH\;C:\Program Files\nodejs\;C:\Program Files\Git\cmd;C:\Program Files (x86)\Pulse Secure\VC142.CRT\X64\;C:\Program Files (x86)\Pulse Secure\VC142.CRT\X86\;C:\Program Files\Java\javacc-6.0.1\bin;C:\Program Files\Java\jdk-17.0.4.1\bin;C:\Program Files\Java\jdk-11.0.16.1\bin;C:\Program Files\dotnet\;C:\Users\giiio\AppData\Local\Programs\Python\Python310\Scripts\;C:\Users\giiio\AppData\Local\Programs\Python\Python310\;C:\Users\giiio\AppData\Local\Microsoft\WindowsApps;C:\Users\giiio\AppData\Roaming\npm;C:\Users\giiio\AppData\Local\Programs\Microsoft VS Code\bin;C:\Program Files\heroku\bin;C:\Users\giiio\.dotnet\tools;
USERNAME=giiio
OS=Windows_NT
PROCESSOR_IDENTIFIER=Intel64 Family 6 Model 142 Stepping 12, GenuineIntel
TMP=C:\Users\giiio\AppData\Local\Temp
TEMP=C:\Users\giiio\AppData\Local\Temp



---------------  S Y S T E M  ---------------

OS:
 Windows 11 , 64 bit Build 22621 (10.0.22621.755)
OS uptime: 7 days 13:06 hours

CPU: total 4 (initial active 4) (2 cores per cpu, 2 threads per core) family 6 model 142 stepping 12 microcode 0xde, cx8, cmov, fxsr, ht, mmx, 3dnowpref, sse, sse2, sse3, ssse3, sse4.1, sse4.2, popcnt, lzcnt, tsc, tscinvbit, avx, avx2, aes, erms, clmul, bmi1, bmi2, adx, fma, vzeroupper, clflush, clflushopt

Memory: 4k page, system-wide physical 8025M (424M free)
TotalPageFile size 23385M (AvailPageFile size 2M)
current process WorkingSet (physical memory assigned to process): 90M, peak: 90M
current process commit charge ("private bytes"): 215M, peak: 215M

vm_info: OpenJDK 64-Bit Server VM (17.0.4.1+1) for windows-amd64 JRE (17.0.4.1+1), built on Aug 17 2022 07:42:43 by "temurin" with MS VC++ 16.7 (VS2019)

END.
