#
# There is insufficient memory for the Java Runtime Environment to continue.
# Native memory allocation (mmap) failed to map 18874368 bytes for G1 virtual space
# Possible reasons:
#   The system is out of physical RAM or swap space
#   The process is running with CompressedOops enabled, and the Java Heap may be blocking the growth of the native heap
# Possible solutions:
#   Reduce memory load on the system
#   Increase physical memory or swap space
#   Check if swap backing store is full
#   Decrease Java heap size (-Xmx/-Xms)
#   Decrease number of Java threads
#   Decrease Java thread stack sizes (-Xss)
#   Set larger code cache with -XX:ReservedCodeCacheSize=
#   JVM is running with Unscaled Compressed Oops mode in which the Java heap is
#     placed in the first 4GB address space. The Java Heap base address is the
#     maximum limit for the native heap growth. Please use -XX:HeapBaseMinAddress
#     to set the Java Heap base and to place the Java Heap above 4GB virtual address.
# This output file may be truncated or incomplete.
#
#  Out of Memory Error (os_windows.cpp:3541), pid=10440, tid=13432
#
# JRE version: OpenJDK Runtime Environment Temurin-17.0.4.1+1 (17.0.4.1+1) (build 17.0.4.1+1)
# Java VM: OpenJDK 64-Bit Server VM Temurin-17.0.4.1+1 (17.0.4.1+1, mixed mode, emulated-client, tiered, compressed oops, compressed class ptrs, g1 gc, windows-amd64)
# No core dump will be written. Minidumps are not enabled by default on client versions of Windows
#

---------------  S U M M A R Y ------------

Command Line: -Dsts.lsp.client=vscode -Dsts.log.file=/dev/null -XX:TieredStopAtLevel=1 -Xlog:jni+resolve=off -Dspring.config.location=file:c:\Users\giiio\.vscode\extensions\pivotal.vscode-spring-boot-1.40.0\language-server\BOOT-INF\classes\application.properties org.springframework.ide.vscode.boot.app.BootLanguageServerBootApp

Host: Intel(R) Core(TM) i3-10110U CPU @ 2.10GHz, 4 cores, 7G,  Windows 11 , 64 bit Build 22621 (10.0.22621.755)
Time: Tue Nov 22 03:56:24 2022 SA Pacific Standard Time elapsed time: 2.648666 seconds (0d 0h 0m 2s)

---------------  T H R E A D  ---------------

Current thread (0x0000022f950efba0):  VMThread "VM Thread" [stack: 0x0000003b5c500000,0x0000003b5c600000] [id=13432]

Stack: [0x0000003b5c500000,0x0000003b5c600000]
Native frames: (J=compiled Java code, j=interpreted, Vv=VM code, C=native code)
V  [jvm.dll+0x67731a]
V  [jvm.dll+0x832284]
V  [jvm.dll+0x833a2e]
V  [jvm.dll+0x834093]
V  [jvm.dll+0x245775]
V  [jvm.dll+0x674209]
V  [jvm.dll+0x668a92]
V  [jvm.dll+0x30471b]
V  [jvm.dll+0x30bc66]
V  [jvm.dll+0x35ba9e]
V  [jvm.dll+0x35bccf]
V  [jvm.dll+0x2db5b8]
V  [jvm.dll+0x2d986c]
V  [jvm.dll+0x2d8e3c]
V  [jvm.dll+0x31cd9b]
V  [jvm.dll+0x83853b]
V  [jvm.dll+0x839274]
V  [jvm.dll+0x83978c]
V  [jvm.dll+0x839b64]
V  [jvm.dll+0x839c30]
V  [jvm.dll+0x7e240a]
V  [jvm.dll+0x6761a5]
C  [ucrtbase.dll+0x29363]
C  [KERNEL32.DLL+0x1244d]
C  [ntdll.dll+0x5dfb8]

VM_Operation (0x0000003b5defde80): G1CollectForAllocation, mode: safepoint, requested by thread 0x0000022f97a0d380


---------------  P R O C E S S  ---------------

Threads class SMR info:
_java_thread_list=0x0000022f97a36530, length=28, elements={
0x0000022f951073a0, 0x0000022f95108400, 0x0000022f95139130, 0x0000022f951399f0,
0x0000022f9513ca60, 0x0000022f9513dac0, 0x0000022f95c0f9b0, 0x0000022f95c12a60,
0x0000022f9508e4c0, 0x0000022f95e1b6f0, 0x0000022f95e25bf0, 0x0000022f966556b0,
0x0000022f975f7c20, 0x0000022f9734efa0, 0x0000022f9734f700, 0x0000022f88606fd0,
0x0000022f9748a1a0, 0x0000022f978f2010, 0x0000022f978dec10, 0x0000022f9790bef0,
0x0000022f978dfdf0, 0x0000022f97a0d380, 0x0000022f97a0c9e0, 0x0000022f97a0c510,
0x0000022f97a0ceb0, 0x0000022f97a0c040, 0x0000022f97a0d850, 0x0000022f97a0dd20
}

Java Threads: ( => current thread )
  0x0000022f951073a0 JavaThread "Reference Handler" daemon [_thread_blocked, id=26692, stack(0x0000003b5c600000,0x0000003b5c700000)]
  0x0000022f95108400 JavaThread "Finalizer" daemon [_thread_blocked, id=15552, stack(0x0000003b5c700000,0x0000003b5c800000)]
  0x0000022f95139130 JavaThread "Signal Dispatcher" daemon [_thread_blocked, id=2336, stack(0x0000003b5c800000,0x0000003b5c900000)]
  0x0000022f951399f0 JavaThread "Attach Listener" daemon [_thread_blocked, id=16536, stack(0x0000003b5c900000,0x0000003b5ca00000)]
  0x0000022f9513ca60 JavaThread "Service Thread" daemon [_thread_blocked, id=17632, stack(0x0000003b5ca00000,0x0000003b5cb00000)]
  0x0000022f9513dac0 JavaThread "Monitor Deflation Thread" daemon [_thread_blocked, id=25812, stack(0x0000003b5cb00000,0x0000003b5cc00000)]
  0x0000022f95c0f9b0 JavaThread "C1 CompilerThread0" daemon [_thread_blocked, id=11164, stack(0x0000003b5cc00000,0x0000003b5cd00000)]
  0x0000022f95c12a60 JavaThread "Sweeper thread" daemon [_thread_blocked, id=29388, stack(0x0000003b5cd00000,0x0000003b5ce00000)]
  0x0000022f9508e4c0 JavaThread "C1 CompilerThread1" daemon [_thread_blocked, id=22588, stack(0x0000003b5ce00000,0x0000003b5cf00000)]
  0x0000022f95e1b6f0 JavaThread "Notification Thread" daemon [_thread_blocked, id=4564, stack(0x0000003b5cf00000,0x0000003b5d000000)]
  0x0000022f95e25bf0 JavaThread "Common-Cleaner" daemon [_thread_blocked, id=18544, stack(0x0000003b5d100000,0x0000003b5d200000)]
  0x0000022f966556b0 JavaThread "C1 CompilerThread2" daemon [_thread_blocked, id=16880, stack(0x0000003b5d400000,0x0000003b5d500000)]
  0x0000022f975f7c20 JavaThread "boundedElastic-evictor-1" daemon [_thread_blocked, id=6948, stack(0x0000003b5d600000,0x0000003b5d700000)]
  0x0000022f9734efa0 JavaThread "pool-9-thread-1" [_thread_blocked, id=25588, stack(0x0000003b5d700000,0x0000003b5d800000)]
  0x0000022f9734f700 JavaThread "LanguageServerApp-lifecycle" [_thread_blocked, id=6052, stack(0x0000003b5d800000,0x0000003b5d900000)]
  0x0000022f88606fd0 JavaThread "DestroyJavaVM" [_thread_blocked, id=22412, stack(0x0000003b5bf00000,0x0000003b5c000000)]
  0x0000022f9748a1a0 JavaThread "pool-10-thread-1" [_thread_in_native, id=23180, stack(0x0000003b5d900000,0x0000003b5da00000)]
  0x0000022f978f2010 JavaThread "Simple-Language-Server main thread" daemon [_thread_blocked, id=18500, stack(0x0000003b5da00000,0x0000003b5db00000)]
  0x0000022f978dec10 JavaThread "ForkJoinPool.commonPool-worker-1" daemon [_thread_blocked, id=28536, stack(0x0000003b5db00000,0x0000003b5dc00000)]
  0x0000022f9790bef0 JavaThread "ClassGraph-worker-0" daemon [_thread_blocked, id=30504, stack(0x0000003b5dc00000,0x0000003b5dd00000)]
  0x0000022f978dfdf0 JavaThread "ClassGraph-worker-1" daemon [_thread_blocked, id=27240, stack(0x0000003b5dd00000,0x0000003b5de00000)]
  0x0000022f97a0d380 JavaThread "ClassGraph-worker-2" daemon [_thread_blocked, id=23740, stack(0x0000003b5de00000,0x0000003b5df00000)]
  0x0000022f97a0c9e0 JavaThread "ClassGraph-worker-3" daemon [_thread_blocked, id=21432, stack(0x0000003b5df00000,0x0000003b5e000000)]
  0x0000022f97a0c510 JavaThread "ClassGraph-worker-4" daemon [_thread_blocked, id=8300, stack(0x0000003b5e000000,0x0000003b5e100000)]
  0x0000022f97a0ceb0 JavaThread "ClassGraph-worker-5" daemon [_thread_blocked, id=29416, stack(0x0000003b5e100000,0x0000003b5e200000)]
  0x0000022f97a0c040 JavaThread "ClassGraph-worker-6" daemon [_thread_blocked, id=25908, stack(0x0000003b5e200000,0x0000003b5e300000)]
  0x0000022f97a0d850 JavaThread "ClassGraph-worker-7" daemon [_thread_blocked, id=16756, stack(0x0000003b5e300000,0x0000003b5e400000)]
  0x0000022f97a0dd20 JavaThread "parallel-1" daemon [_thread_blocked, id=26300, stack(0x0000003b5e400000,0x0000003b5e500000)]

Other Threads:
=>0x0000022f950efba0 VMThread "VM Thread" [stack: 0x0000003b5c500000,0x0000003b5c600000] [id=13432]
  0x0000022f95dbaba0 WatcherThread [stack: 0x0000003b5d000000,0x0000003b5d100000] [id=11108]
  0x0000022f8865da80 GCTaskThread "GC Thread#0" [stack: 0x0000003b5c000000,0x0000003b5c100000] [id=15240]
  0x0000022f96656400 GCTaskThread "GC Thread#1" [stack: 0x0000003b5d200000,0x0000003b5d300000] [id=21764]
  0x0000022f96677980 GCTaskThread "GC Thread#2" [stack: 0x0000003b5d300000,0x0000003b5d400000] [id=700]
  0x0000022f96721c70 GCTaskThread "GC Thread#3" [stack: 0x0000003b5d500000,0x0000003b5d600000] [id=24992]
  0x0000022f8866e430 ConcurrentGCThread "G1 Main Marker" [stack: 0x0000003b5c100000,0x0000003b5c200000] [id=7544]
  0x0000022f88670400 ConcurrentGCThread "G1 Conc#0" [stack: 0x0000003b5c200000,0x0000003b5c300000] [id=4652]
  0x0000022f886c84b0 ConcurrentGCThread "G1 Refine#0" [stack: 0x0000003b5c300000,0x0000003b5c400000] [id=22612]
  0x0000022f97d02740 ConcurrentGCThread "G1 Refine#1" [stack: 0x0000003b5e500000,0x0000003b5e600000] [id=7700]
  0x0000022f94f610b0 ConcurrentGCThread "G1 Service" [stack: 0x0000003b5c400000,0x0000003b5c500000] [id=14456]

Threads with active compile tasks:

VM state: at safepoint (normal execution)

VM Mutex/Monitor currently owned by a thread:  ([mutex/lock_event])
[0x0000022f8643e790] Threads_lock - owner thread: 0x0000022f950efba0
[0x0000022f885f8d80] Heap_lock - owner thread: 0x0000022f97a0d380

Heap address: 0x0000000082800000, size: 2008 MB, Compressed Oops mode: 32-bit

CDS archive(s) not mapped
Compressed class space mapped at: 0x0000000100000000-0x0000000140000000, reserved size: 1073741824
Narrow klass base: 0x0000000000000000, Narrow klass shift: 3, Narrow klass range: 0x140000000

GC Precious Log:
 CPUs: 4 total, 4 available
 Memory: 8025M
 Large Page Support: Disabled
 NUMA Support: Disabled
 Compressed Oops: Enabled (32-bit)
 Heap Region Size: 1M
 Heap Min Capacity: 8M
 Heap Initial Capacity: 126M
 Heap Max Capacity: 2008M
 Pre-touch: Disabled
 Parallel Workers: 4
 Concurrent Workers: 1
 Concurrent Refinement Workers: 4
 Periodic GC: Disabled

Heap:
 garbage-first heap   total 110592K, used 51200K [0x0000000082800000, 0x0000000100000000)
  region size 1024K, 3 young (3072K), 3 survivors (3072K)
 Metaspace       used 37991K, committed 38336K, reserved 1089536K
  class space    used 4780K, committed 4928K, reserved 1048576K

Heap Regions: E=young(eden), S=young(survivor), O=old, HS=humongous(starts), HC=humongous(continues), CS=collection set, F=free, OA=open archive, CA=closed archive, TAMS=top-at-mark-start (previous, next)
|   0|0x0000000082800000, 0x0000000082900000, 0x0000000082900000|100%| O|  |TAMS 0x0000000082900000, 0x0000000082900000| Untracked 
|   1|0x0000000082900000, 0x0000000082a00000, 0x0000000082a00000|100%| O|  |TAMS 0x0000000082a00000, 0x0000000082a00000| Untracked 
|   2|0x0000000082a00000, 0x0000000082b00000, 0x0000000082b00000|100%| O|  |TAMS 0x0000000082b00000, 0x0000000082b00000| Untracked 
|   3|0x0000000082b00000, 0x0000000082c00000, 0x0000000082c00000|100%| O|  |TAMS 0x0000000082c00000, 0x0000000082c00000| Untracked 
|   4|0x0000000082c00000, 0x0000000082d00000, 0x0000000082d00000|100%| O|  |TAMS 0x0000000082d00000, 0x0000000082d00000| Untracked 
|   5|0x0000000082d00000, 0x0000000082e00000, 0x0000000082e00000|100%| O|  |TAMS 0x0000000082e00000, 0x0000000082e00000| Untracked 
|   6|0x0000000082e00000, 0x0000000082f00000, 0x0000000082f00000|100%| O|  |TAMS 0x0000000082f00000, 0x0000000082f00000| Untracked 
|   7|0x0000000082f00000, 0x0000000083000000, 0x0000000083000000|100%| O|  |TAMS 0x0000000082f00000, 0x0000000083000000| Untracked 
|   8|0x0000000083000000, 0x0000000083100000, 0x0000000083100000|100%| O|  |TAMS 0x0000000083100000, 0x0000000083100000| Untracked 
|   9|0x0000000083100000, 0x0000000083200000, 0x0000000083200000|100%| O|  |TAMS 0x0000000083200000, 0x0000000083200000| Untracked 
|  10|0x0000000083200000, 0x0000000083300000, 0x0000000083300000|100%| O|  |TAMS 0x0000000083300000, 0x0000000083300000| Untracked 
|  11|0x0000000083300000, 0x0000000083400000, 0x0000000083400000|100%| O|  |TAMS 0x0000000083400000, 0x0000000083400000| Untracked 
|  12|0x0000000083400000, 0x0000000083500000, 0x0000000083500000|100%| O|  |TAMS 0x0000000083500000, 0x0000000083500000| Untracked 
|  13|0x0000000083500000, 0x0000000083600000, 0x0000000083600000|100%| O|  |TAMS 0x0000000083600000, 0x0000000083600000| Untracked 
|  14|0x0000000083600000, 0x0000000083700000, 0x0000000083700000|100%| O|  |TAMS 0x0000000083700000, 0x0000000083700000| Untracked 
|  15|0x0000000083700000, 0x0000000083800000, 0x0000000083800000|100%| O|  |TAMS 0x0000000083800000, 0x0000000083800000| Untracked 
|  16|0x0000000083800000, 0x0000000083900000, 0x0000000083900000|100%| O|  |TAMS 0x0000000083900000, 0x0000000083900000| Untracked 
|  17|0x0000000083900000, 0x0000000083a00000, 0x0000000083a00000|100%| O|  |TAMS 0x0000000083a00000, 0x0000000083a00000| Untracked 
|  18|0x0000000083a00000, 0x0000000083b00000, 0x0000000083b00000|100%| O|  |TAMS 0x0000000083b00000, 0x0000000083b00000| Untracked 
|  19|0x0000000083b00000, 0x0000000083c00000, 0x0000000083c00000|100%| O|  |TAMS 0x0000000083c00000, 0x0000000083c00000| Untracked 
|  20|0x0000000083c00000, 0x0000000083d00000, 0x0000000083d00000|100%| O|  |TAMS 0x0000000083d00000, 0x0000000083d00000| Untracked 
|  21|0x0000000083d00000, 0x0000000083e00000, 0x0000000083e00000|100%| O|  |TAMS 0x0000000083e00000, 0x0000000083e00000| Untracked 
|  22|0x0000000083e00000, 0x0000000083f00000, 0x0000000083f00000|100%| O|  |TAMS 0x0000000083f00000, 0x0000000083f00000| Untracked 
|  23|0x0000000083f00000, 0x0000000084000000, 0x0000000084000000|100%| O|  |TAMS 0x0000000084000000, 0x0000000084000000| Untracked 
|  24|0x0000000084000000, 0x0000000084100000, 0x0000000084100000|100%| O|  |TAMS 0x000000008405c400, 0x0000000084100000| Untracked 
|  25|0x0000000084100000, 0x0000000084200000, 0x0000000084200000|100%| O|  |TAMS 0x0000000084100000, 0x0000000084200000| Untracked 
|  26|0x0000000084200000, 0x0000000084300000, 0x0000000084300000|100%| O|  |TAMS 0x0000000084200000, 0x0000000084300000| Untracked 
|  27|0x0000000084300000, 0x0000000084400000, 0x0000000084400000|100%| O|  |TAMS 0x0000000084300000, 0x0000000084400000| Untracked 
|  28|0x0000000084400000, 0x0000000084500000, 0x0000000084500000|100%| O|  |TAMS 0x0000000084400000, 0x0000000084500000| Untracked 
|  29|0x0000000084500000, 0x0000000084600000, 0x0000000084600000|100%| O|  |TAMS 0x0000000084500000, 0x0000000084600000| Untracked 
|  30|0x0000000084600000, 0x0000000084700000, 0x0000000084700000|100%| O|  |TAMS 0x0000000084600000, 0x0000000084700000| Untracked 
|  31|0x0000000084700000, 0x0000000084800000, 0x0000000084800000|100%| O|  |TAMS 0x0000000084700000, 0x0000000084800000| Untracked 
|  32|0x0000000084800000, 0x0000000084900000, 0x0000000084900000|100%| O|  |TAMS 0x0000000084800000, 0x0000000084900000| Untracked 
|  33|0x0000000084900000, 0x0000000084a00000, 0x0000000084a00000|100%| O|  |TAMS 0x0000000084900000, 0x0000000084a00000| Untracked 
|  34|0x0000000084a00000, 0x0000000084b00000, 0x0000000084b00000|100%| O|  |TAMS 0x0000000084a00000, 0x0000000084b00000| Untracked 
|  35|0x0000000084b00000, 0x0000000084c00000, 0x0000000084c00000|100%| O|  |TAMS 0x0000000084b00000, 0x0000000084c00000| Untracked 
|  36|0x0000000084c00000, 0x0000000084d00000, 0x0000000084d00000|100%| O|  |TAMS 0x0000000084c00000, 0x0000000084d00000| Untracked 
|  37|0x0000000084d00000, 0x0000000084e00000, 0x0000000084e00000|100%| O|  |TAMS 0x0000000084d00000, 0x0000000084e00000| Untracked 
|  38|0x0000000084e00000, 0x0000000084f00000, 0x0000000084f00000|100%| O|  |TAMS 0x0000000084e00000, 0x0000000084eddc00| Untracked 
|  39|0x0000000084f00000, 0x0000000085000000, 0x0000000085000000|100%| O|  |TAMS 0x0000000084f00000, 0x0000000084f00000| Untracked 
|  40|0x0000000085000000, 0x0000000085100000, 0x0000000085100000|100%| O|  |TAMS 0x0000000085000000, 0x0000000085000000| Untracked 
|  41|0x0000000085100000, 0x0000000085200000, 0x0000000085200000|100%| O|  |TAMS 0x0000000085100000, 0x0000000085100000| Untracked 
|  42|0x0000000085200000, 0x0000000085300000, 0x0000000085300000|100%| O|  |TAMS 0x0000000085200000, 0x0000000085200000| Untracked 
|  43|0x0000000085300000, 0x0000000085400000, 0x0000000085400000|100%| O|  |TAMS 0x0000000085300000, 0x0000000085300000| Untracked 
|  44|0x0000000085400000, 0x0000000085500000, 0x0000000085500000|100%| O|  |TAMS 0x0000000085400000, 0x0000000085400000| Untracked 
|  45|0x0000000085500000, 0x0000000085600000, 0x0000000085600000|100%| O|  |TAMS 0x0000000085500000, 0x0000000085500000| Untracked 
|  46|0x0000000085600000, 0x0000000085700000, 0x0000000085700000|100%| O|  |TAMS 0x0000000085600000, 0x0000000085600000| Untracked 
|  47|0x0000000085700000, 0x0000000085700000, 0x0000000085800000|  0%| F|  |TAMS 0x0000000085700000, 0x0000000085700000| Untracked 
|  48|0x0000000085800000, 0x0000000085800000, 0x0000000085900000|  0%| F|  |TAMS 0x0000000085800000, 0x0000000085800000| Untracked 
|  49|0x0000000085900000, 0x0000000085900000, 0x0000000085a00000|  0%| F|  |TAMS 0x0000000085900000, 0x0000000085900000| Untracked 
|  50|0x0000000085a00000, 0x0000000085a00000, 0x0000000085b00000|  0%| F|  |TAMS 0x0000000085a00000, 0x0000000085a00000| Untracked 
|  51|0x0000000085b00000, 0x0000000085b00000, 0x0000000085c00000|  0%| F|  |TAMS 0x0000000085b00000, 0x0000000085b00000| Untracked 
|  52|0x0000000085c00000, 0x0000000085c00000, 0x0000000085d00000|  0%| F|  |TAMS 0x0000000085c00000, 0x0000000085c00000| Untracked 
|  53|0x0000000085d00000, 0x0000000085d00000, 0x0000000085e00000|  0%| F|  |TAMS 0x0000000085d00000, 0x0000000085d00000| Untracked 
|  54|0x0000000085e00000, 0x0000000085e00000, 0x0000000085f00000|  0%| F|  |TAMS 0x0000000085e00000, 0x0000000085e00000| Untracked 
|  55|0x0000000085f00000, 0x0000000085f00000, 0x0000000086000000|  0%| F|  |TAMS 0x0000000085f00000, 0x0000000085f00000| Untracked 
|  56|0x0000000086000000, 0x0000000086000000, 0x0000000086100000|  0%| F|  |TAMS 0x0000000086000000, 0x0000000086000000| Untracked 
|  57|0x0000000086100000, 0x0000000086100000, 0x0000000086200000|  0%| F|  |TAMS 0x0000000086100000, 0x0000000086100000| Untracked 
|  58|0x0000000086200000, 0x0000000086200000, 0x0000000086300000|  0%| F|  |TAMS 0x0000000086200000, 0x0000000086200000| Untracked 
|  59|0x0000000086300000, 0x0000000086400000, 0x0000000086400000|100%| S|CS|TAMS 0x0000000086300000, 0x0000000086300000| Complete 
|  60|0x0000000086400000, 0x0000000086500000, 0x0000000086500000|100%| S|CS|TAMS 0x0000000086400000, 0x0000000086400000| Complete 
|  61|0x0000000086500000, 0x0000000086600000, 0x0000000086600000|100%| S|CS|TAMS 0x0000000086500000, 0x0000000086500000| Complete 
|  62|0x0000000086600000, 0x0000000086600000, 0x0000000086700000|  0%| F|  |TAMS 0x0000000086600000, 0x0000000086600000| Untracked 
|  63|0x0000000086700000, 0x0000000086700000, 0x0000000086800000|  0%| F|  |TAMS 0x0000000086700000, 0x0000000086700000| Untracked 
|  64|0x0000000086800000, 0x0000000086800000, 0x0000000086900000|  0%| F|  |TAMS 0x0000000086800000, 0x0000000086800000| Untracked 
|  65|0x0000000086900000, 0x0000000086900000, 0x0000000086a00000|  0%| F|  |TAMS 0x0000000086900000, 0x0000000086900000| Untracked 
|  66|0x0000000086a00000, 0x0000000086a00000, 0x0000000086b00000|  0%| F|  |TAMS 0x0000000086a00000, 0x0000000086a00000| Untracked 
|  67|0x0000000086b00000, 0x0000000086b00000, 0x0000000086c00000|  0%| F|  |TAMS 0x0000000086b00000, 0x0000000086b00000| Untracked 
|  68|0x0000000086c00000, 0x0000000086c00000, 0x0000000086d00000|  0%| F|  |TAMS 0x0000000086c00000, 0x0000000086c00000| Untracked 
|  69|0x0000000086d00000, 0x0000000086d00000, 0x0000000086e00000|  0%| F|  |TAMS 0x0000000086d00000, 0x0000000086d00000| Untracked 
|  70|0x0000000086e00000, 0x0000000086e00000, 0x0000000086f00000|  0%| F|  |TAMS 0x0000000086e00000, 0x0000000086e00000| Untracked 
|  71|0x0000000086f00000, 0x0000000086f00000, 0x0000000087000000|  0%| F|  |TAMS 0x0000000086f00000, 0x0000000086f00000| Untracked 
|  72|0x0000000087000000, 0x0000000087000000, 0x0000000087100000|  0%| F|  |TAMS 0x0000000087000000, 0x0000000087000000| Untracked 
|  73|0x0000000087100000, 0x0000000087100000, 0x0000000087200000|  0%| F|  |TAMS 0x0000000087100000, 0x0000000087100000| Untracked 
|  74|0x0000000087200000, 0x0000000087200000, 0x0000000087300000|  0%| F|  |TAMS 0x0000000087200000, 0x0000000087200000| Untracked 
|  75|0x0000000087300000, 0x0000000087300000, 0x0000000087400000|  0%| F|  |TAMS 0x0000000087300000, 0x0000000087300000| Untracked 
|  76|0x0000000087400000, 0x0000000087400000, 0x0000000087500000|  0%| F|  |TAMS 0x0000000087400000, 0x0000000087400000| Untracked 
|  77|0x0000000087500000, 0x0000000087500000, 0x0000000087600000|  0%| F|  |TAMS 0x0000000087500000, 0x0000000087500000| Untracked 
|  78|0x0000000087600000, 0x0000000087600000, 0x0000000087700000|  0%| F|  |TAMS 0x0000000087600000, 0x0000000087600000| Untracked 
|  79|0x0000000087700000, 0x0000000087700000, 0x0000000087800000|  0%| F|  |TAMS 0x0000000087700000, 0x0000000087700000| Untracked 
|  80|0x0000000087800000, 0x0000000087800000, 0x0000000087900000|  0%| F|  |TAMS 0x0000000087800000, 0x0000000087800000| Untracked 
|  81|0x0000000087900000, 0x0000000087900000, 0x0000000087a00000|  0%| F|  |TAMS 0x0000000087900000, 0x0000000087900000| Untracked 
|  82|0x0000000087a00000, 0x0000000087a00000, 0x0000000087b00000|  0%| F|  |TAMS 0x0000000087a00000, 0x0000000087a00000| Untracked 
|  83|0x0000000087b00000, 0x0000000087b00000, 0x0000000087c00000|  0%| F|  |TAMS 0x0000000087b00000, 0x0000000087b00000| Untracked 
|  84|0x0000000087c00000, 0x0000000087c00000, 0x0000000087d00000|  0%| F|  |TAMS 0x0000000087c00000, 0x0000000087c00000| Untracked 
|  85|0x0000000087d00000, 0x0000000087d00000, 0x0000000087e00000|  0%| F|  |TAMS 0x0000000087d00000, 0x0000000087d00000| Untracked 
|  86|0x0000000087e00000, 0x0000000087e00000, 0x0000000087f00000|  0%| F|  |TAMS 0x0000000087e00000, 0x0000000087e00000| Untracked 
|  87|0x0000000087f00000, 0x0000000087f00000, 0x0000000088000000|  0%| F|  |TAMS 0x0000000087f00000, 0x0000000087f00000| Untracked 
|  88|0x0000000088000000, 0x0000000088000000, 0x0000000088100000|  0%| F|  |TAMS 0x0000000088000000, 0x0000000088000000| Untracked 
|  89|0x0000000088100000, 0x0000000088100000, 0x0000000088200000|  0%| F|  |TAMS 0x0000000088100000, 0x0000000088100000| Untracked 
|  90|0x0000000088200000, 0x0000000088200000, 0x0000000088300000|  0%| F|  |TAMS 0x0000000088200000, 0x0000000088200000| Untracked 
|  91|0x0000000088300000, 0x0000000088300000, 0x0000000088400000|  0%| F|  |TAMS 0x0000000088300000, 0x0000000088300000| Untracked 
|  92|0x0000000088400000, 0x0000000088400000, 0x0000000088500000|  0%| F|  |TAMS 0x0000000088400000, 0x0000000088400000| Untracked 
|  93|0x0000000088500000, 0x0000000088500000, 0x0000000088600000|  0%| F|  |TAMS 0x0000000088500000, 0x0000000088500000| Untracked 
|  94|0x0000000088600000, 0x0000000088600000, 0x0000000088700000|  0%| F|  |TAMS 0x0000000088600000, 0x0000000088600000| Untracked 
|  95|0x0000000088700000, 0x0000000088700000, 0x0000000088800000|  0%| F|  |TAMS 0x0000000088700000, 0x0000000088700000| Untracked 
|  96|0x0000000088800000, 0x0000000088800000, 0x0000000088900000|  0%| F|  |TAMS 0x0000000088800000, 0x0000000088800000| Untracked 
|  97|0x0000000088900000, 0x0000000088900000, 0x0000000088a00000|  0%| F|  |TAMS 0x0000000088900000, 0x0000000088900000| Untracked 
|  98|0x0000000088a00000, 0x0000000088a00000, 0x0000000088b00000|  0%| F|  |TAMS 0x0000000088a00000, 0x0000000088a00000| Untracked 
|  99|0x0000000088b00000, 0x0000000088b00000, 0x0000000088c00000|  0%| F|  |TAMS 0x0000000088b00000, 0x0000000088b00000| Untracked 
| 100|0x0000000088c00000, 0x0000000088c00000, 0x0000000088d00000|  0%| F|  |TAMS 0x0000000088c00000, 0x0000000088c00000| Untracked 
| 101|0x0000000088d00000, 0x0000000088d00000, 0x0000000088e00000|  0%| F|  |TAMS 0x0000000088d00000, 0x0000000088d00000| Untracked 
| 102|0x0000000088e00000, 0x0000000088e00000, 0x0000000088f00000|  0%| F|  |TAMS 0x0000000088e00000, 0x0000000088e00000| Untracked 
| 103|0x0000000088f00000, 0x0000000088f00000, 0x0000000089000000|  0%| F|  |TAMS 0x0000000088f00000, 0x0000000088f00000| Untracked 
| 104|0x0000000089000000, 0x0000000089000000, 0x0000000089100000|  0%| F|  |TAMS 0x0000000089000000, 0x0000000089000000| Untracked 
| 105|0x0000000089100000, 0x0000000089100000, 0x0000000089200000|  0%| F|  |TAMS 0x0000000089100000, 0x0000000089100000| Untracked 
| 124|0x000000008a400000, 0x000000008a400000, 0x000000008a500000|  0%| F|  |TAMS 0x000000008a400000, 0x000000008a400000| Untracked 
| 125|0x000000008a500000, 0x000000008a500000, 0x000000008a600000|  0%| F|  |TAMS 0x000000008a500000, 0x000000008a500000| Untracked 

Card table byte_map: [0x0000022f8e680000,0x0000022f8ea70000] _byte_map_base: 0x0000022f8e26c000

Marking Bits (Prev, Next): (CMBitMap*) 0x0000022f8865dea0, (CMBitMap*) 0x0000022f8865dee0
 Prev Bits: [0x0000022f8ee60000, 0x0000022f90dc0000)
 Next Bits: [0x0000022f90dc0000, 0x0000022f92d20000)

Polling page: 0x0000022f87dd0000

Metaspace:

Usage:
  Non-class:     32.43 MB used.
      Class:      4.67 MB used.
       Both:     37.10 MB used.

Virtual space:
  Non-class space:       40.00 MB reserved,      32.62 MB ( 82%) committed,  5 nodes.
      Class space:        1.00 GB reserved,       4.81 MB ( <1%) committed,  1 nodes.
             Both:        1.04 GB reserved,      37.44 MB (  4%) committed. 

Chunk freelists:
   Non-Class:  3.36 MB
       Class:  3.17 MB
        Both:  6.53 MB

MaxMetaspaceSize: unlimited
CompressedClassSpaceSize: 1.00 GB
Initial GC threshold: 21.00 MB
Current GC threshold: 59.81 MB
CDS: off
MetaspaceReclaimPolicy: balanced
 - commit_granule_bytes: 65536.
 - commit_granule_words: 8192.
 - virtual_space_node_default_size: 1048576.
 - enlarge_chunks_in_place: 1.
 - new_chunks_are_fully_committed: 0.
 - uncommit_free_chunks: 1.
 - use_allocation_guard: 0.
 - handle_deallocations: 1.


Internal statistics:

num_allocs_failed_limit: 8.
num_arena_births: 340.
num_arena_deaths: 0.
num_vsnodes_births: 6.
num_vsnodes_deaths: 0.
num_space_committed: 599.
num_space_uncommitted: 0.
num_chunks_returned_to_freelist: 8.
num_chunks_taken_from_freelist: 1438.
num_chunk_merges: 5.
num_chunk_splits: 988.
num_chunks_enlarged: 775.
num_purges: 0.
num_inconsistent_stats: 0.

CodeCache: size=49152Kb used=8221Kb max_used=8221Kb free=40930Kb
 bounds [0x0000022f8b290000, 0x0000022f8baa0000, 0x0000022f8e290000]
 total_blobs=4135 nmethods=3608 adapters=451
 compilation: enabled
              stopped_count=0, restarted_count=0
 full_count=0

Compilation events (20 events):
Event: 2.633 Thread 0x0000022f95c0f9b0 3601       1       java.util.ComparableTimSort::mergeLo (656 bytes)
Event: 2.633 Thread 0x0000022f9508e4c0 nmethod 3602 0x0000022f8ba92310 code [0x0000022f8ba924c0, 0x0000022f8ba925b8]
Event: 2.633 Thread 0x0000022f9508e4c0 3598       1       nonapi.io.github.classgraph.fastzipfilereader.PhysicalZipFile::getPath (5 bytes)
Event: 2.633 Thread 0x0000022f9508e4c0 nmethod 3598 0x0000022f8ba92690 code [0x0000022f8ba92820, 0x0000022f8ba928f8]
Event: 2.633 Thread 0x0000022f9508e4c0 3599       1       nonapi.io.github.classgraph.fastzipfilereader.PhysicalZipFile::getFile (5 bytes)
Event: 2.633 Thread 0x0000022f966556b0 nmethod 3600 0x0000022f8ba92990 code [0x0000022f8ba92b60, 0x0000022f8ba92e98]
Event: 2.633 Thread 0x0000022f9508e4c0 nmethod 3599 0x0000022f8ba93090 code [0x0000022f8ba93220, 0x0000022f8ba932f8]
Event: 2.634 Thread 0x0000022f95c0f9b0 nmethod 3601 0x0000022f8ba93390 code [0x0000022f8ba93680, 0x0000022f8ba94df8]
Event: 2.636 Thread 0x0000022f966556b0 3603   !   1       java.nio.file.Files::isRegularFile (43 bytes)
Event: 2.636 Thread 0x0000022f95c0f9b0 3604   !   1       sun.nio.fs.AbstractFileSystemProvider::isRegularFile (20 bytes)
Event: 2.636 Thread 0x0000022f9508e4c0 3605       1       sun.nio.fs.WindowsFileAttributes::isRegularFile (27 bytes)
Event: 2.636 Thread 0x0000022f9508e4c0 nmethod 3605 0x0000022f8ba95510 code [0x0000022f8ba956a0, 0x0000022f8ba95838]
Event: 2.636 Thread 0x0000022f95c0f9b0 nmethod 3604 0x0000022f8ba95890 code [0x0000022f8ba95a40, 0x0000022f8ba95d28]
Event: 2.636 Thread 0x0000022f966556b0 nmethod 3603 0x0000022f8ba95f10 code [0x0000022f8ba96120, 0x0000022f8ba96718]
Event: 2.636 Thread 0x0000022f9508e4c0 3606       1       java.lang.invoke.BoundMethodHandle$Species_L::make (11 bytes)
Event: 2.636 Thread 0x0000022f9508e4c0 nmethod 3606 0x0000022f8ba96a90 code [0x0000022f8ba96c20, 0x0000022f8ba96da8]
Event: 2.636 Thread 0x0000022f95c0f9b0 3607       1       jdk.internal.loader.URLClassPath::findResource (38 bytes)
Event: 2.637 Thread 0x0000022f95c0f9b0 nmethod 3607 0x0000022f8ba96e90 code [0x0000022f8ba97040, 0x0000022f8ba971d8]
Event: 2.637 Thread 0x0000022f9508e4c0 3608       1       java.nio.file.Files::readAttributes (11 bytes)
Event: 2.638 Thread 0x0000022f9508e4c0 nmethod 3608 0x0000022f8ba97290 code [0x0000022f8ba97440, 0x0000022f8ba97588]

GC Heap History (20 events):
Event: 1.629 GC heap after
{Heap after GC invocations=7 (full 0):
 garbage-first heap   total 48128K, used 16453K [0x0000000082800000, 0x0000000100000000)
  region size 1024K, 3 young (3072K), 3 survivors (3072K)
 Metaspace       used 28123K, committed 28352K, reserved 1081344K
  class space    used 3512K, committed 3648K, reserved 1048576K
}
Event: 1.869 GC heap before
{Heap before GC invocations=7 (full 0):
 garbage-first heap   total 48128K, used 31813K [0x0000000082800000, 0x0000000100000000)
  region size 1024K, 18 young (18432K), 3 survivors (3072K)
 Metaspace       used 31037K, committed 31360K, reserved 1081344K
  class space    used 3903K, committed 4032K, reserved 1048576K
}
Event: 1.875 GC heap after
{Heap after GC invocations=8 (full 0):
 garbage-first heap   total 58368K, used 17585K [0x0000000082800000, 0x0000000100000000)
  region size 1024K, 2 young (2048K), 2 survivors (2048K)
 Metaspace       used 31037K, committed 31360K, reserved 1081344K
  class space    used 3903K, committed 4032K, reserved 1048576K
}
Event: 2.191 GC heap before
{Heap before GC invocations=8 (full 0):
 garbage-first heap   total 58368K, used 40113K [0x0000000082800000, 0x0000000100000000)
  region size 1024K, 24 young (24576K), 2 survivors (2048K)
 Metaspace       used 34854K, committed 35200K, reserved 1081344K
  class space    used 4497K, committed 4672K, reserved 1048576K
}
Event: 2.196 GC heap after
{Heap after GC invocations=9 (full 0):
 garbage-first heap   total 58368K, used 19518K [0x0000000082800000, 0x0000000100000000)
  region size 1024K, 3 young (3072K), 3 survivors (3072K)
 Metaspace       used 34854K, committed 35200K, reserved 1081344K
  class space    used 4497K, committed 4672K, reserved 1048576K
}
Event: 2.293 GC heap before
{Heap before GC invocations=9 (full 0):
 garbage-first heap   total 58368K, used 41022K [0x0000000082800000, 0x0000000100000000)
  region size 1024K, 25 young (25600K), 3 survivors (3072K)
 Metaspace       used 35509K, committed 35840K, reserved 1081344K
  class space    used 4581K, committed 4736K, reserved 1048576K
}
Event: 2.299 GC heap after
{Heap after GC invocations=10 (full 0):
 garbage-first heap   total 58368K, used 23789K [0x0000000082800000, 0x0000000100000000)
  region size 1024K, 4 young (4096K), 4 survivors (4096K)
 Metaspace       used 35509K, committed 35840K, reserved 1081344K
  class space    used 4581K, committed 4736K, reserved 1048576K
}
Event: 2.359 GC heap before
{Heap before GC invocations=10 (full 0):
 garbage-first heap   total 58368K, used 41197K [0x0000000082800000, 0x0000000100000000)
  region size 1024K, 22 young (22528K), 4 survivors (4096K)
 Metaspace       used 35847K, committed 36160K, reserved 1081344K
  class space    used 4601K, committed 4736K, reserved 1048576K
}
Event: 2.364 GC heap after
{Heap after GC invocations=11 (full 0):
 garbage-first heap   total 58368K, used 27626K [0x0000000082800000, 0x0000000100000000)
  region size 1024K, 3 young (3072K), 3 survivors (3072K)
 Metaspace       used 35847K, committed 36160K, reserved 1081344K
  class space    used 4601K, committed 4736K, reserved 1048576K
}
Event: 2.383 GC heap before
{Heap before GC invocations=11 (full 0):
 garbage-first heap   total 58368K, used 31722K [0x0000000082800000, 0x0000000100000000)
  region size 1024K, 9 young (9216K), 3 survivors (3072K)
 Metaspace       used 36066K, committed 36416K, reserved 1081344K
  class space    used 4624K, committed 4800K, reserved 1048576K
}
Event: 2.386 GC heap after
{Heap after GC invocations=12 (full 0):
 garbage-first heap   total 82944K, used 29165K [0x0000000082800000, 0x0000000100000000)
  region size 1024K, 2 young (2048K), 2 survivors (2048K)
 Metaspace       used 36066K, committed 36416K, reserved 1081344K
  class space    used 4624K, committed 4800K, reserved 1048576K
}
Event: 2.488 GC heap before
{Heap before GC invocations=13 (full 0):
 garbage-first heap   total 82944K, used 56813K [0x0000000082800000, 0x0000000100000000)
  region size 1024K, 30 young (30720K), 2 survivors (2048K)
 Metaspace       used 37052K, committed 37376K, reserved 1081344K
  class space    used 4704K, committed 4864K, reserved 1048576K
}
Event: 2.492 GC heap after
{Heap after GC invocations=14 (full 0):
 garbage-first heap   total 82944K, used 33309K [0x0000000082800000, 0x0000000100000000)
  region size 1024K, 4 young (4096K), 4 survivors (4096K)
 Metaspace       used 37052K, committed 37376K, reserved 1081344K
  class space    used 4704K, committed 4864K, reserved 1048576K
}
Event: 2.496 GC heap before
{Heap before GC invocations=14 (full 0):
 garbage-first heap   total 82944K, used 34333K [0x0000000082800000, 0x0000000100000000)
  region size 1024K, 5 young (5120K), 4 survivors (4096K)
 Metaspace       used 37084K, committed 37440K, reserved 1081344K
  class space    used 4704K, committed 4864K, reserved 1048576K
}
Event: 2.499 GC heap after
{Heap after GC invocations=15 (full 0):
 garbage-first heap   total 82944K, used 34037K [0x0000000082800000, 0x0000000100000000)
  region size 1024K, 1 young (1024K), 1 survivors (1024K)
 Metaspace       used 37084K, committed 37440K, reserved 1081344K
  class space    used 4704K, committed 4864K, reserved 1048576K
}
Event: 2.543 GC heap before
{Heap before GC invocations=15 (full 0):
 garbage-first heap   total 82944K, used 58613K [0x0000000082800000, 0x0000000100000000)
  region size 1024K, 26 young (26624K), 1 survivors (1024K)
 Metaspace       used 37508K, committed 37824K, reserved 1089536K
  class space    used 4734K, committed 4864K, reserved 1048576K
}
Event: 2.547 GC heap after
{Heap after GC invocations=16 (full 0):
 garbage-first heap   total 82944K, used 39101K [0x0000000082800000, 0x0000000100000000)
  region size 1024K, 4 young (4096K), 4 survivors (4096K)
 Metaspace       used 37508K, committed 37824K, reserved 1089536K
  class space    used 4734K, committed 4864K, reserved 1048576K
}
Event: 2.586 GC heap before
{Heap before GC invocations=16 (full 0):
 garbage-first heap   total 82944K, used 60605K [0x0000000082800000, 0x0000000100000000)
  region size 1024K, 26 young (26624K), 4 survivors (4096K)
 Metaspace       used 37682K, committed 38016K, reserved 1089536K
  class space    used 4750K, committed 4928K, reserved 1048576K
}
Event: 2.592 GC heap after
{Heap after GC invocations=17 (full 0):
 garbage-first heap   total 82944K, used 43895K [0x0000000082800000, 0x0000000100000000)
  region size 1024K, 4 young (4096K), 4 survivors (4096K)
 Metaspace       used 37682K, committed 38016K, reserved 1089536K
  class space    used 4750K, committed 4928K, reserved 1048576K
}
Event: 2.639 GC heap before
{Heap before GC invocations=17 (full 0):
 garbage-first heap   total 82944K, used 63351K [0x0000000082800000, 0x0000000100000000)
  region size 1024K, 23 young (23552K), 4 survivors (4096K)
 Metaspace       used 37991K, committed 38336K, reserved 1089536K
  class space    used 4780K, committed 4928K, reserved 1048576K
}

Deoptimization events (10 events):
Event: 1.063 Thread 0x0000022f88606fd0 DEOPT PACKING pc=0x0000022f8b759019 sp=0x0000003b5bffd710
Event: 1.063 Thread 0x0000022f88606fd0 DEOPT UNPACKING pc=0x0000022f8b2e2b43 sp=0x0000003b5bffcbf0 mode 3
Event: 1.859 Thread 0x0000022f88606fd0 DEOPT PACKING pc=0x0000022f8b8cd899 sp=0x0000003b5bffcaf0
Event: 1.859 Thread 0x0000022f88606fd0 DEOPT UNPACKING pc=0x0000022f8b2e2b43 sp=0x0000003b5bffbfd0 mode 3
Event: 2.109 Thread 0x0000022f978dec10 DEOPT PACKING pc=0x0000022f8b982d35 sp=0x0000003b5dbfe7a0
Event: 2.109 Thread 0x0000022f978dec10 DEOPT UNPACKING pc=0x0000022f8b2e2b43 sp=0x0000003b5dbfdcb8 mode 3
Event: 2.169 Thread 0x0000022f978dec10 DEOPT PACKING pc=0x0000022f8b99862b sp=0x0000003b5dbfe7a0
Event: 2.169 Thread 0x0000022f978dec10 DEOPT UNPACKING pc=0x0000022f8b2e2b43 sp=0x0000003b5dbfdce8 mode 3
Event: 2.228 Thread 0x0000022f9748a1a0 DEOPT PACKING pc=0x0000022f8b756881 sp=0x0000003b5d9fdaf0
Event: 2.228 Thread 0x0000022f9748a1a0 DEOPT UNPACKING pc=0x0000022f8b2e2b43 sp=0x0000003b5d9fcf80 mode 3

Classes unloaded (0 events):
No events

Classes redefined (0 events):
No events

Internal exceptions (20 events):
Event: 2.199 Thread 0x0000022f978dfdf0 Exception <a 'sun/nio/fs/WindowsException'{0x000000008a53d250}> (0x000000008a53d250) 
thrown [s\src\hotspot\share\prims\jni.cpp, line 516]
Event: 2.199 Thread 0x0000022f978dfdf0 Exception <a 'sun/nio/fs/WindowsException'{0x000000008a53d660}> (0x000000008a53d660) 
thrown [s\src\hotspot\share\prims\jni.cpp, line 516]
Event: 2.200 Thread 0x0000022f978dfdf0 Exception <a 'sun/nio/fs/WindowsException'{0x000000008a53e088}> (0x000000008a53e088) 
thrown [s\src\hotspot\share\prims\jni.cpp, line 516]
Event: 2.200 Thread 0x0000022f978f2010 Exception <a 'java/lang/NoSuchMethodError'{0x000000008a5afb78}: 'int java.lang.invoke.DirectMethodHandle$Holder.invokeStatic(java.lang.Object)'> (0x000000008a5afb78) 
thrown [s\src\hotspot\share\interpreter\linkResolver.cpp, line 759]
Event: 2.200 Thread 0x0000022f978dfdf0 Exception <a 'sun/nio/fs/WindowsException'{0x000000008a53e468}> (0x000000008a53e468) 
thrown [s\src\hotspot\share\prims\jni.cpp, line 516]
Event: 2.200 Thread 0x0000022f978dfdf0 Exception <a 'sun/nio/fs/WindowsException'{0x000000008a53ee58}> (0x000000008a53ee58) 
thrown [s\src\hotspot\share\prims\jni.cpp, line 516]
Event: 2.200 Thread 0x0000022f978dfdf0 Exception <a 'sun/nio/fs/WindowsException'{0x000000008a53f200}> (0x000000008a53f200) 
thrown [s\src\hotspot\share\prims\jni.cpp, line 516]
Event: 2.201 Thread 0x0000022f978f2010 Exception <a 'java/lang/NoSuchMethodError'{0x000000008a5b3220}: 'int java.lang.invoke.DirectMethodHandle$Holder.invokeStaticInit(java.lang.Object)'> (0x000000008a5b3220) 
thrown [s\src\hotspot\share\interpreter\linkResolver.cpp, line 759]
Event: 2.201 Thread 0x0000022f978dfdf0 Exception <a 'sun/nio/fs/WindowsException'{0x000000008a53fc00}> (0x000000008a53fc00) 
thrown [s\src\hotspot\share\prims\jni.cpp, line 516]
Event: 2.201 Thread 0x0000022f978dfdf0 Exception <a 'sun/nio/fs/WindowsException'{0x000000008a53ffc0}> (0x000000008a53ffc0) 
thrown [s\src\hotspot\share\prims\jni.cpp, line 516]
Event: 2.201 Thread 0x0000022f978dfdf0 Exception <a 'sun/nio/fs/WindowsException'{0x000000008a5409c0}> (0x000000008a5409c0) 
thrown [s\src\hotspot\share\prims\jni.cpp, line 516]
Event: 2.201 Thread 0x0000022f978dfdf0 Exception <a 'sun/nio/fs/WindowsException'{0x000000008a540d70}> (0x000000008a540d70) 
thrown [s\src\hotspot\share\prims\jni.cpp, line 516]
Event: 2.201 Thread 0x0000022f978dfdf0 Exception <a 'sun/nio/fs/WindowsException'{0x000000008a541770}> (0x000000008a541770) 
thrown [s\src\hotspot\share\prims\jni.cpp, line 516]
Event: 2.201 Thread 0x0000022f978dfdf0 Exception <a 'sun/nio/fs/WindowsException'{0x000000008a541b30}> (0x000000008a541b30) 
thrown [s\src\hotspot\share\prims\jni.cpp, line 516]
Event: 2.201 Thread 0x0000022f978dfdf0 Exception <a 'sun/nio/fs/WindowsException'{0x000000008a542558}> (0x000000008a542558) 
thrown [s\src\hotspot\share\prims\jni.cpp, line 516]
Event: 2.201 Thread 0x0000022f978dfdf0 Exception <a 'sun/nio/fs/WindowsException'{0x000000008a542938}> (0x000000008a542938) 
thrown [s\src\hotspot\share\prims\jni.cpp, line 516]
Event: 2.201 Thread 0x0000022f978dfdf0 Exception <a 'sun/nio/fs/WindowsException'{0x000000008a543370}> (0x000000008a543370) 
thrown [s\src\hotspot\share\prims\jni.cpp, line 516]
Event: 2.201 Thread 0x0000022f978dfdf0 Exception <a 'sun/nio/fs/WindowsException'{0x000000008a543760}> (0x000000008a543760) 
thrown [s\src\hotspot\share\prims\jni.cpp, line 516]
Event: 2.201 Thread 0x0000022f978dfdf0 Exception <a 'sun/nio/fs/WindowsException'{0x000000008a544188}> (0x000000008a544188) 
thrown [s\src\hotspot\share\prims\jni.cpp, line 516]
Event: 2.202 Thread 0x0000022f978dfdf0 Exception <a 'sun/nio/fs/WindowsException'{0x000000008a544578}> (0x000000008a544578) 
thrown [s\src\hotspot\share\prims\jni.cpp, line 516]

VM Operations (20 events):
Event: 2.386 Executing VM operation: CollectForMetadataAllocation done
Event: 2.422 Executing VM operation: G1Concurrent
Event: 2.424 Executing VM operation: G1Concurrent done
Event: 2.443 Executing VM operation: G1Concurrent
Event: 2.443 Executing VM operation: G1Concurrent done
Event: 2.488 Executing VM operation: G1CollectForAllocation
Event: 2.492 Executing VM operation: G1CollectForAllocation done
Event: 2.495 Executing VM operation: G1CollectForAllocation
Event: 2.499 Executing VM operation: G1CollectForAllocation done
Event: 2.543 Executing VM operation: G1CollectForAllocation
Event: 2.543 Executing VM operation: G1CollectForAllocation done
Event: 2.543 Executing VM operation: G1CollectForAllocation
Event: 2.547 Executing VM operation: G1CollectForAllocation done
Event: 2.574 Executing VM operation: HandshakeAllThreads
Event: 2.574 Executing VM operation: HandshakeAllThreads done
Event: 2.586 Executing VM operation: G1CollectForAllocation
Event: 2.595 Executing VM operation: G1CollectForAllocation done
Event: 2.617 Executing VM operation: HandshakeAllThreads
Event: 2.632 Executing VM operation: HandshakeAllThreads done
Event: 2.639 Executing VM operation: G1CollectForAllocation

Events (20 events):
Event: 2.612 loading class jdk/internal/jrtfs/JrtFileSystemProvider$1
Event: 2.612 loading class jdk/internal/jrtfs/JrtFileSystemProvider$1 done
Event: 2.612 loading class jdk/internal/jrtfs/JrtFileSystemProvider$JrtFsLoader
Event: 2.612 loading class jdk/internal/jrtfs/JrtFileSystemProvider$JrtFsLoader done
Event: 2.613 loading class java/net/URLClassLoader$2
Event: 2.613 loading class java/net/URLClassLoader$2 done
Event: 2.614 loading class java/net/URLClassLoader$1
Event: 2.614 loading class java/net/URLClassLoader$1 done
Event: 2.616 loading class java/nio/file/ClosedFileSystemException
Event: 2.616 loading class java/nio/file/ClosedFileSystemException done
Event: 2.616 loading class java/nio/file/ReadOnlyFileSystemException
Event: 2.617 loading class java/nio/file/ReadOnlyFileSystemException done
Event: 2.617 loading class java/nio/file/NotDirectoryException
Event: 2.617 loading class java/nio/file/NotDirectoryException done
Event: 2.634 loading class java/nio/file/AccessDeniedException
Event: 2.634 loading class java/nio/file/AccessDeniedException done
Event: 2.635 loading class java/nio/file/DirectoryNotEmptyException
Event: 2.635 loading class java/nio/file/DirectoryNotEmptyException done
Event: 2.635 loading class java/nio/file/FileAlreadyExistsException
Event: 2.635 loading class java/nio/file/FileAlreadyExistsException done


Dynamic libraries:
0x00007ff7fd6a0000 - 0x00007ff7fd6ae000 	c:\Users\giiio\.vscode\extensions\redhat.java-1.12.0-win32-x64\jre\17.0.4.1-win32-x86_64\bin\java.exe
0x00007ffb3cf70000 - 0x00007ffb3d184000 	C:\WINDOWS\SYSTEM32\ntdll.dll
0x00007ffb3bd30000 - 0x00007ffb3bdf2000 	C:\WINDOWS\System32\KERNEL32.DLL
0x00007ffb3a4c0000 - 0x00007ffb3a85d000 	C:\WINDOWS\System32\KERNELBASE.dll
0x00007ffb3a3a0000 - 0x00007ffb3a4b1000 	C:\WINDOWS\System32\ucrtbase.dll
0x00007ffb34890000 - 0x00007ffb348a9000 	c:\Users\giiio\.vscode\extensions\redhat.java-1.12.0-win32-x64\jre\17.0.4.1-win32-x86_64\bin\VCRUNTIME140.dll
0x00007ffb30490000 - 0x00007ffb304a8000 	c:\Users\giiio\.vscode\extensions\redhat.java-1.12.0-win32-x64\jre\17.0.4.1-win32-x86_64\bin\jli.dll
0x00007ffb3c070000 - 0x00007ffb3c21a000 	C:\WINDOWS\System32\USER32.dll
0x00007ffb196c0000 - 0x00007ffb1994e000 	C:\WINDOWS\WinSxS\amd64_microsoft.windows.common-controls_6595b64144ccf1df_6.0.22621.608_none_a9444ca7c10bb01d\COMCTL32.dll
0x00007ffb3ab60000 - 0x00007ffb3ab86000 	C:\WINDOWS\System32\win32u.dll
0x00007ffb3bf10000 - 0x00007ffb3bfb7000 	C:\WINDOWS\System32\msvcrt.dll
0x00007ffb3b860000 - 0x00007ffb3b889000 	C:\WINDOWS\System32\GDI32.dll
0x00007ffb3ac50000 - 0x00007ffb3ad62000 	C:\WINDOWS\System32\gdi32full.dll
0x00007ffb3aac0000 - 0x00007ffb3ab5a000 	C:\WINDOWS\System32\msvcp_win.dll
0x00007ffb3b2d0000 - 0x00007ffb3b302000 	C:\WINDOWS\System32\IMM32.DLL
0x00007ffb35a90000 - 0x00007ffb35a9c000 	c:\Users\giiio\.vscode\extensions\redhat.java-1.12.0-win32-x64\jre\17.0.4.1-win32-x86_64\bin\vcruntime140_1.dll
0x00007ffae60f0000 - 0x00007ffae6181000 	c:\Users\giiio\.vscode\extensions\redhat.java-1.12.0-win32-x64\jre\17.0.4.1-win32-x86_64\bin\msvcp140.dll
0x00007ffac5e50000 - 0x00007ffac6a96000 	c:\Users\giiio\.vscode\extensions\redhat.java-1.12.0-win32-x64\jre\17.0.4.1-win32-x86_64\bin\server\jvm.dll
0x00007ffb3c430000 - 0x00007ffb3c4de000 	C:\WINDOWS\System32\ADVAPI32.dll
0x00007ffb3bfc0000 - 0x00007ffb3c064000 	C:\WINDOWS\System32\sechost.dll
0x00007ffb3b330000 - 0x00007ffb3b445000 	C:\WINDOWS\System32\RPCRT4.dll
0x00007ffb3bf00000 - 0x00007ffb3bf08000 	C:\WINDOWS\System32\PSAPI.DLL
0x00007ffb35500000 - 0x00007ffb35509000 	C:\WINDOWS\SYSTEM32\WSOCK32.dll
0x00007ffb37a10000 - 0x00007ffb37a44000 	C:\WINDOWS\SYSTEM32\WINMM.dll
0x00007ffb2b3a0000 - 0x00007ffb2b3aa000 	C:\WINDOWS\SYSTEM32\VERSION.dll
0x00007ffb3b890000 - 0x00007ffb3b901000 	C:\WINDOWS\System32\WS2_32.dll
0x00007ffb39500000 - 0x00007ffb39518000 	C:\WINDOWS\SYSTEM32\kernel.appcore.dll
0x00007ffb34910000 - 0x00007ffb3491a000 	c:\Users\giiio\.vscode\extensions\redhat.java-1.12.0-win32-x64\jre\17.0.4.1-win32-x86_64\bin\jimage.dll
0x00007ffb37410000 - 0x00007ffb3763e000 	C:\WINDOWS\SYSTEM32\DBGHELP.DLL
0x00007ffb3b910000 - 0x00007ffb3bc9a000 	C:\WINDOWS\System32\combase.dll
0x00007ffb3ad70000 - 0x00007ffb3ae47000 	C:\WINDOWS\System32\OLEAUT32.dll
0x00007ffb107f0000 - 0x00007ffb10822000 	C:\WINDOWS\SYSTEM32\dbgcore.DLL
0x00007ffb3a860000 - 0x00007ffb3a8db000 	C:\WINDOWS\System32\bcryptPrimitives.dll
0x00007ffb24ab0000 - 0x00007ffb24ad5000 	c:\Users\giiio\.vscode\extensions\redhat.java-1.12.0-win32-x64\jre\17.0.4.1-win32-x86_64\bin\java.dll
0x00007ffb22370000 - 0x00007ffb22388000 	c:\Users\giiio\.vscode\extensions\redhat.java-1.12.0-win32-x64\jre\17.0.4.1-win32-x86_64\bin\zip.dll
0x00007ffb3c750000 - 0x00007ffb3cf30000 	C:\WINDOWS\System32\SHELL32.dll
0x00007ffb383f0000 - 0x00007ffb38cb5000 	C:\WINDOWS\SYSTEM32\windows.storage.dll
0x00007ffb382b0000 - 0x00007ffb383ee000 	C:\WINDOWS\SYSTEM32\wintypes.dll
0x00007ffb3be00000 - 0x00007ffb3bef1000 	C:\WINDOWS\System32\SHCORE.dll
0x00007ffb3c530000 - 0x00007ffb3c58e000 	C:\WINDOWS\System32\shlwapi.dll
0x00007ffb3a2d0000 - 0x00007ffb3a2f1000 	C:\WINDOWS\SYSTEM32\profapi.dll
0x00007ffb20dc0000 - 0x00007ffb20dd9000 	C:\Users\giiio\.vscode\extensions\redhat.java-1.12.0-win32-x64\jre\17.0.4.1-win32-x86_64\bin\net.dll
0x00007ffb33370000 - 0x00007ffb3349f000 	C:\WINDOWS\SYSTEM32\WINHTTP.dll
0x00007ffb39960000 - 0x00007ffb399c9000 	C:\WINDOWS\system32\mswsock.dll
0x00007ffb1dc40000 - 0x00007ffb1dc55000 	C:\Users\giiio\.vscode\extensions\redhat.java-1.12.0-win32-x64\jre\17.0.4.1-win32-x86_64\bin\nio.dll
0x00007ffb33e30000 - 0x00007ffb33e40000 	c:\Users\giiio\.vscode\extensions\redhat.java-1.12.0-win32-x64\jre\17.0.4.1-win32-x86_64\bin\verify.dll
0x00007ffb34710000 - 0x00007ffb34719000 	C:\Users\giiio\.vscode\extensions\redhat.java-1.12.0-win32-x64\jre\17.0.4.1-win32-x86_64\bin\management.dll
0x00007ffb33dc0000 - 0x00007ffb33dcb000 	C:\Users\giiio\.vscode\extensions\redhat.java-1.12.0-win32-x64\jre\17.0.4.1-win32-x86_64\bin\management_ext.dll
0x00007ffb0b640000 - 0x00007ffb0b657000 	C:\WINDOWS\system32\napinsp.dll
0x00007ffb0b680000 - 0x00007ffb0b69b000 	C:\WINDOWS\system32\pnrpnsp.dll
0x00007ffb38f30000 - 0x00007ffb39022000 	C:\WINDOWS\SYSTEM32\DNSAPI.dll
0x00007ffb38f00000 - 0x00007ffb38f2d000 	C:\WINDOWS\SYSTEM32\IPHLPAPI.DLL
0x00007ffb3b750000 - 0x00007ffb3b759000 	C:\WINDOWS\System32\NSI.dll
0x00007ffb0b660000 - 0x00007ffb0b671000 	C:\WINDOWS\System32\winrnr.dll
0x00007ffb14e10000 - 0x00007ffb14e25000 	C:\WINDOWS\system32\wshbth.dll
0x00007ffab9030000 - 0x00007ffab9051000 	C:\WINDOWS\system32\nlansp_c.dll
0x00007ffb28260000 - 0x00007ffb2826a000 	C:\Windows\System32\rasadhlp.dll
0x00007ffb2ff30000 - 0x00007ffb2ffb3000 	C:\WINDOWS\System32\fwpuclnt.dll
0x00007ffb39ba0000 - 0x00007ffb39bbb000 	C:\WINDOWS\SYSTEM32\CRYPTSP.dll
0x00007ffb39470000 - 0x00007ffb394a5000 	C:\WINDOWS\system32\rsaenh.dll
0x00007ffb39a50000 - 0x00007ffb39a78000 	C:\WINDOWS\SYSTEM32\USERENV.dll
0x00007ffb39d60000 - 0x00007ffb39d88000 	C:\WINDOWS\SYSTEM32\bcrypt.dll
0x00007ffb39bc0000 - 0x00007ffb39bcc000 	C:\WINDOWS\SYSTEM32\CRYPTBASE.dll
0x00007ffb33170000 - 0x00007ffb33189000 	C:\WINDOWS\SYSTEM32\dhcpcsvc6.DLL
0x00007ffb32170000 - 0x00007ffb3218f000 	C:\WINDOWS\SYSTEM32\dhcpcsvc.DLL

dbghelp: loaded successfully - version: 4.0.5 - missing functions: none
symbol engine: initialized successfully - sym options: 0x614 - pdb path: .;c:\Users\giiio\.vscode\extensions\redhat.java-1.12.0-win32-x64\jre\17.0.4.1-win32-x86_64\bin;C:\WINDOWS\SYSTEM32;C:\WINDOWS\WinSxS\amd64_microsoft.windows.common-controls_6595b64144ccf1df_6.0.22621.608_none_a9444ca7c10bb01d;c:\Users\giiio\.vscode\extensions\redhat.java-1.12.0-win32-x64\jre\17.0.4.1-win32-x86_64\bin\server

VM Arguments:
jvm_args: -Dsts.lsp.client=vscode -Dsts.log.file=/dev/null -XX:TieredStopAtLevel=1 -Xlog:jni+resolve=off -Dspring.config.location=file:c:\Users\giiio\.vscode\extensions\pivotal.vscode-spring-boot-1.40.0\language-server\BOOT-INF\classes\application.properties 
java_command: org.springframework.ide.vscode.boot.app.BootLanguageServerBootApp
java_class_path (initial): c:\Users\giiio\.vscode\extensions\pivotal.vscode-spring-boot-1.40.0\language-server\BOOT-INF\classes;c:\Users\giiio\.vscode\extensions\pivotal.vscode-spring-boot-1.40.0\language-server\BOOT-INF\lib\annotations-23.0.0.jar;c:\Users\giiio\.vscode\extensions\pivotal.vscode-spring-boot-1.40.0\language-server\BOOT-INF\lib\ant-1.10.12.jar;c:\Users\giiio\.vscode\extensions\pivotal.vscode-spring-boot-1.40.0\language-server\BOOT-INF\lib\ant-launcher-1.10.12.jar;c:\Users\giiio\.vscode\extensions\pivotal.vscode-spring-boot-1.40.0\language-server\BOOT-INF\lib\antlr-runtime-3.5.2.jar;c:\Users\giiio\.vscode\extensions\pivotal.vscode-spring-boot-1.40.0\language-server\BOOT-INF\lib\antlr4-4.9.3.jar;c:\Users\giiio\.vscode\extensions\pivotal.vscode-spring-boot-1.40.0\language-server\BOOT-INF\lib\antlr4-runtime-4.9.3.jar;c:\Users\giiio\.vscode\extensions\pivotal.vscode-spring-boot-1.40.0\language-server\BOOT-INF\lib\asm-9.3.jar;c:\Users\giiio\.vscode\extensions\pivotal.vscode-spring-boot-1.40.0\language-server\BOOT-INF\lib\asm-analysis-9.3.jar;c:\Users\giiio\.vscode\extensions\pivotal.vscode-spring-boot-1.40.0\language-server\BOOT-INF\lib\asm-tree-9.3.jar;c:\Users\giiio\.vscode\extensions\pivotal.vscode-spring-boot-1.40.0\language-server\BOOT-INF\lib\asm-util-9.3.jar;c:\Users\giiio\.vscode\extensions\pivotal.vscode-spring-boot-1.40.0\language-server\BOOT-INF\lib\byte-buddy-1.12.13.jar;c:\Users\giiio\.vscode\extensions\pivotal.vscode-spring-boot-1.40.0\language-server\BOOT-INF\lib\caffeine-2.9.3.jar;c:\Users\giiio\.vscode\extensions\pivotal.vscode-spring-boot-1.40.0\language-server\BOOT-INF\lib\checker-qual-3.12.0.jar;c:\Users\giiio\.vscode\extensions\pivotal.vscode-spring-boot-1.40.0\language-server\BOOT-INF\lib\classgraph-4.8.149.jar;c:\Users\giiio\.vscode\extensions\pivotal.vscode-spring-boot-1.40.0\language-server\BOOT-INF\lib\commons-codec-1.15.jar;c:\Users\giiio\.vscode\extensions\pivotal.vscode-spring-boot-1.40.0\language-server\BOOT-INF\lib\commons-c
Launcher Type: SUN_STANDARD

[Global flags]
     intx CICompilerCount                          = 3                                         {product} {ergonomic}
     uint ConcGCThreads                            = 1                                         {product} {ergonomic}
     uint G1ConcRefinementThreads                  = 4                                         {product} {ergonomic}
   size_t G1HeapRegionSize                         = 1048576                                   {product} {ergonomic}
    uintx GCDrainStackTargetSize                   = 64                                        {product} {ergonomic}
   size_t InitialHeapSize                          = 132120576                                 {product} {ergonomic}
   size_t MarkStackSize                            = 4194304                                   {product} {ergonomic}
   size_t MaxHeapSize                              = 2105540608                                {product} {ergonomic}
   size_t MaxNewSize                               = 1262485504                                {product} {ergonomic}
   size_t MinHeapDeltaBytes                        = 1048576                                   {product} {ergonomic}
   size_t MinHeapSize                              = 8388608                                   {product} {ergonomic}
    uintx NonProfiledCodeHeapSize                  = 0                                      {pd product} {ergonomic}
     bool ProfileInterpreter                       = false                                  {pd product} {command line}
    uintx ProfiledCodeHeapSize                     = 0                                      {pd product} {ergonomic}
   size_t SoftMaxHeapSize                          = 2105540608                             {manageable} {ergonomic}
     intx TieredStopAtLevel                        = 1                                         {product} {command line}
     bool UseCompressedClassPointers               = true                           {product lp64_product} {ergonomic}
     bool UseCompressedOops                        = true                           {product lp64_product} {ergonomic}
     bool UseG1GC                                  = true                                      {product} {ergonomic}
     bool UseLargePagesIndividualAllocation        = false                                  {pd product} {ergonomic}

Logging:
Log output configuration:
 #0: stdout all=warning,jni+resolve=off uptime,level,tags
 #1: stderr all=off uptime,level,tags

Environment Variables:
PATH=C:\Program Files\Common Files\Oracle\Java\javapath;C:\Program Files (x86)\Common Files\Oracle\Java\javapath;C:\WINDOWS\system32;C:\WINDOWS;C:\WINDOWS\System32\Wbem;C:\WINDOWS\System32\WindowsPowerShell\v1.0\;C:\WINDOWS\System32\OpenSSH\;C:\Program Files\nodejs\;C:\Program Files\Git\cmd;C:\Program Files (x86)\Pulse Secure\VC142.CRT\X64\;C:\Program Files (x86)\Pulse Secure\VC142.CRT\X86\;C:\Program Files\Java\javacc-6.0.1\bin;C:\Program Files\Java\jdk-17.0.4.1\bin;C:\Program Files\Java\jdk-11.0.16.1\bin;C:\Program Files\dotnet\;C:\Users\giiio\AppData\Local\Programs\Python\Python310\Scripts\;C:\Users\giiio\AppData\Local\Programs\Python\Python310\;C:\Users\giiio\AppData\Local\Microsoft\WindowsApps;C:\Users\giiio\AppData\Roaming\npm;C:\Users\giiio\AppData\Local\Programs\Microsoft VS Code\bin;C:\Program Files\heroku\bin;C:\Users\giiio\.dotnet\tools;
USERNAME=giiio
OS=Windows_NT
PROCESSOR_IDENTIFIER=Intel64 Family 6 Model 142 Stepping 12, GenuineIntel
TMP=C:\Users\giiio\AppData\Local\Temp
TEMP=C:\Users\giiio\AppData\Local\Temp



---------------  S Y S T E M  ---------------

OS:
 Windows 11 , 64 bit Build 22621 (10.0.22621.755)
OS uptime: 7 days 13:06 hours

CPU: total 4 (initial active 4) (2 cores per cpu, 2 threads per core) family 6 model 142 stepping 12 microcode 0xde, cx8, cmov, fxsr, ht, mmx, 3dnowpref, sse, sse2, sse3, ssse3, sse4.1, sse4.2, popcnt, lzcnt, tsc, tscinvbit, avx, avx2, aes, erms, clmul, bmi1, bmi2, adx, fma, vzeroupper, clflush, clflushopt

Memory: 4k page, system-wide physical 8025M (361M free)
TotalPageFile size 23385M (AvailPageFile size 20M)
current process WorkingSet (physical memory assigned to process): 182M, peak: 182M
current process commit charge ("private bytes"): 237M, peak: 255M

vm_info: OpenJDK 64-Bit Server VM (17.0.4.1+1) for windows-amd64 JRE (17.0.4.1+1), built on Aug 17 2022 07:42:43 by "temurin" with MS VC++ 16.7 (VS2019)

END.
