#
# There is insufficient memory for the Java Runtime Environment to continue.
# Native memory allocation (mmap) failed to map 2097152 bytes for G1 virtual space
# Possible reasons:
#   The system is out of physical RAM or swap space
#   The process is running with CompressedOops enabled, and the Java Heap may be blocking the growth of the native heap
# Possible solutions:
#   Reduce memory load on the system
#   Increase physical memory or swap space
#   Check if swap backing store is full
#   Decrease Java heap size (-Xmx/-Xms)
#   Decrease number of Java threads
#   Decrease Java thread stack sizes (-Xss)
#   Set larger code cache with -XX:ReservedCodeCacheSize=
#   JVM is running with Unscaled Compressed Oops mode in which the Java heap is
#     placed in the first 4GB address space. The Java Heap base address is the
#     maximum limit for the native heap growth. Please use -XX:HeapBaseMinAddress
#     to set the Java Heap base and to place the Java Heap above 4GB virtual address.
# This output file may be truncated or incomplete.
#
#  Out of Memory Error (os_windows.cpp:3541), pid=8900, tid=16948
#
# JRE version: OpenJDK Runtime Environment Temurin-17.0.4.1+1 (17.0.4.1+1) (build 17.0.4.1+1)
# Java VM: OpenJDK 64-Bit Server VM Temurin-17.0.4.1+1 (17.0.4.1+1, mixed mode, emulated-client, tiered, compressed oops, compressed class ptrs, g1 gc, windows-amd64)
# No core dump will be written. Minidumps are not enabled by default on client versions of Windows
#

---------------  S U M M A R Y ------------

Command Line: -Dsts.lsp.client=vscode -Dsts.log.file=/dev/null -XX:TieredStopAtLevel=1 -Xlog:jni+resolve=off -Dspring.config.location=file:c:\Users\giiio\.vscode\extensions\pivotal.vscode-spring-boot-1.40.0\language-server\BOOT-INF\classes\application.properties org.springframework.ide.vscode.boot.app.BootLanguageServerBootApp

Host: Intel(R) Core(TM) i3-10110U CPU @ 2.10GHz, 4 cores, 7G,  Windows 11 , 64 bit Build 22621 (10.0.22621.755)
Time: Tue Nov 22 03:56:22 2022 SA Pacific Standard Time elapsed time: 3.338479 seconds (0d 0h 0m 3s)

---------------  T H R E A D  ---------------

Current thread (0x000002a7e6993630):  VMThread "VM Thread" [stack: 0x000000e93f600000,0x000000e93f700000] [id=16948]

Stack: [0x000000e93f600000,0x000000e93f700000]
Native frames: (J=compiled Java code, j=interpreted, Vv=VM code, C=native code)
V  [jvm.dll+0x67731a]
V  [jvm.dll+0x832284]
V  [jvm.dll+0x833a2e]
V  [jvm.dll+0x834093]
V  [jvm.dll+0x245775]
V  [jvm.dll+0x674209]
V  [jvm.dll+0x668a92]
V  [jvm.dll+0x30471b]
V  [jvm.dll+0x30bc66]
V  [jvm.dll+0x35ba9e]
V  [jvm.dll+0x35bccf]
V  [jvm.dll+0x2db5b8]
V  [jvm.dll+0x2d986c]
V  [jvm.dll+0x2d8e3c]
V  [jvm.dll+0x31cd9b]
V  [jvm.dll+0x83853b]
V  [jvm.dll+0x839274]
V  [jvm.dll+0x83978c]
V  [jvm.dll+0x839b64]
V  [jvm.dll+0x839c30]
V  [jvm.dll+0x7e240a]
V  [jvm.dll+0x6761a5]
C  [ucrtbase.dll+0x29363]
C  [KERNEL32.DLL+0x1244d]
C  [ntdll.dll+0x5dfb8]

VM_Operation (0x000000e940bf8bd0): G1CollectForAllocation, mode: safepoint, requested by thread 0x000002a7e8fa5330


---------------  P R O C E S S  ---------------

Threads class SMR info:
_java_thread_list=0x000002a7e956a5a0, length=28, elements={
0x000002a7e69a93a0, 0x000002a7e69aa600, 0x000002a7e69d44e0, 0x000002a7e69d4da0,
0x000002a7e69d5660, 0x000002a7e69d66c0, 0x000002a7e7408120, 0x000002a7e7412290,
0x000002a7e6930ae0, 0x000002a7e69313f0, 0x000002a7e762c5e0, 0x000002a7e762b860,
0x000002a7e9243e50, 0x000002a7e9354710, 0x000002a7e9354be0, 0x000002a7d7fb4e70,
0x000002a7e9029ba0, 0x000002a7e8fa5330, 0x000002a7e94a8030, 0x000002a7e9435d60,
0x000002a7e942dac0, 0x000002a7e9625d40, 0x000002a7e9627a20, 0x000002a7e9624a00,
0x000002a7e9624530, 0x000002a7e96253a0, 0x000002a7e9626210, 0x000002a7e9624ed0
}

Java Threads: ( => current thread )
  0x000002a7e69a93a0 JavaThread "Reference Handler" daemon [_thread_blocked, id=28404, stack(0x000000e93f700000,0x000000e93f800000)]
  0x000002a7e69aa600 JavaThread "Finalizer" daemon [_thread_blocked, id=22796, stack(0x000000e93f800000,0x000000e93f900000)]
  0x000002a7e69d44e0 JavaThread "Signal Dispatcher" daemon [_thread_blocked, id=21704, stack(0x000000e93f900000,0x000000e93fa00000)]
  0x000002a7e69d4da0 JavaThread "Attach Listener" daemon [_thread_blocked, id=22036, stack(0x000000e93fa00000,0x000000e93fb00000)]
  0x000002a7e69d5660 JavaThread "Service Thread" daemon [_thread_blocked, id=26984, stack(0x000000e93fb00000,0x000000e93fc00000)]
  0x000002a7e69d66c0 JavaThread "Monitor Deflation Thread" daemon [_thread_blocked, id=1320, stack(0x000000e93fc00000,0x000000e93fd00000)]
  0x000002a7e7408120 JavaThread "C1 CompilerThread0" daemon [_thread_blocked, id=8960, stack(0x000000e93fd00000,0x000000e93fe00000)]
  0x000002a7e7412290 JavaThread "Sweeper thread" daemon [_thread_blocked, id=23816, stack(0x000000e93fe00000,0x000000e93ff00000)]
  0x000002a7e6930ae0 JavaThread "C1 CompilerThread1" daemon [_thread_blocked, id=16704, stack(0x000000e93ff00000,0x000000e940000000)]
  0x000002a7e69313f0 JavaThread "C1 CompilerThread2" daemon [_thread_blocked, id=30928, stack(0x000000e940000000,0x000000e940100000)]
  0x000002a7e762c5e0 JavaThread "Notification Thread" daemon [_thread_blocked, id=6164, stack(0x000000e940100000,0x000000e940200000)]
  0x000002a7e762b860 JavaThread "Common-Cleaner" daemon [_thread_blocked, id=24108, stack(0x000000e940300000,0x000000e940400000)]
  0x000002a7e9243e50 JavaThread "boundedElastic-evictor-1" daemon [_thread_blocked, id=29916, stack(0x000000e940700000,0x000000e940800000)]
  0x000002a7e9354710 JavaThread "pool-9-thread-1" [_thread_blocked, id=1576, stack(0x000000e940800000,0x000000e940900000)]
  0x000002a7e9354be0 JavaThread "LanguageServerApp-lifecycle" [_thread_blocked, id=22320, stack(0x000000e940900000,0x000000e940a00000)]
  0x000002a7d7fb4e70 JavaThread "DestroyJavaVM" [_thread_blocked, id=31196, stack(0x000000e93f000000,0x000000e93f100000)]
  0x000002a7e9029ba0 JavaThread "pool-10-thread-1" [_thread_in_native, id=22360, stack(0x000000e940a00000,0x000000e940b00000)]
  0x000002a7e8fa5330 JavaThread "Simple-Language-Server main thread" daemon [_thread_blocked, id=29168, stack(0x000000e940b00000,0x000000e940c00000)]
  0x000002a7e94a8030 JavaThread "ForkJoinPool.commonPool-worker-1" daemon [_thread_blocked, id=13112, stack(0x000000e940c00000,0x000000e940d00000)]
  0x000002a7e9435d60 JavaThread "ClassGraph-worker-0" daemon [_thread_blocked, id=30424, stack(0x000000e940d00000,0x000000e940e00000)]
  0x000002a7e942dac0 JavaThread "ClassGraph-worker-1" daemon [_thread_blocked, id=2788, stack(0x000000e940e00000,0x000000e940f00000)]
  0x000002a7e9625d40 JavaThread "ClassGraph-worker-2" daemon [_thread_blocked, id=26416, stack(0x000000e940f00000,0x000000e941000000)]
  0x000002a7e9627a20 JavaThread "ClassGraph-worker-3" daemon [_thread_blocked, id=13548, stack(0x000000e941000000,0x000000e941100000)]
  0x000002a7e9624a00 JavaThread "ClassGraph-worker-4" daemon [_thread_blocked, id=21212, stack(0x000000e941100000,0x000000e941200000)]
  0x000002a7e9624530 JavaThread "ClassGraph-worker-5" daemon [_thread_blocked, id=15564, stack(0x000000e941200000,0x000000e941300000)]
  0x000002a7e96253a0 JavaThread "ClassGraph-worker-6" daemon [_thread_blocked, id=10176, stack(0x000000e941300000,0x000000e941400000)]
  0x000002a7e9626210 JavaThread "ClassGraph-worker-7" daemon [_thread_blocked, id=25756, stack(0x000000e941400000,0x000000e941500000)]
  0x000002a7e9624ed0 JavaThread "parallel-1" daemon [_thread_blocked, id=26992, stack(0x000000e941500000,0x000000e941600000)]

Other Threads:
=>0x000002a7e6993630 VMThread "VM Thread" [stack: 0x000000e93f600000,0x000000e93f700000] [id=16948]
  0x000002a7d8025d10 WatcherThread [stack: 0x000000e940200000,0x000000e940300000] [id=29816]
  0x000002a7d800d930 GCTaskThread "GC Thread#0" [stack: 0x000000e93f100000,0x000000e93f200000] [id=9944]
  0x000002a7e7e66d70 GCTaskThread "GC Thread#1" [stack: 0x000000e940400000,0x000000e940500000] [id=18608]
  0x000002a7e7e67020 GCTaskThread "GC Thread#2" [stack: 0x000000e940500000,0x000000e940600000] [id=31456]
  0x000002a7e7f603b0 GCTaskThread "GC Thread#3" [stack: 0x000000e940600000,0x000000e940700000] [id=25768]
  0x000002a7d801e3e0 ConcurrentGCThread "G1 Main Marker" [stack: 0x000000e93f200000,0x000000e93f300000] [id=6800]
  0x000002a7d801f4a0 ConcurrentGCThread "G1 Conc#0" [stack: 0x000000e93f300000,0x000000e93f400000] [id=29300]
  0x000002a7e68020c0 ConcurrentGCThread "G1 Refine#0" [stack: 0x000000e93f400000,0x000000e93f500000] [id=16608]
  0x000002a7e95bc7b0 ConcurrentGCThread "G1 Refine#1" [stack: 0x000000e941600000,0x000000e941700000] [id=30680]
  0x000002a7e6802890 ConcurrentGCThread "G1 Service" [stack: 0x000000e93f500000,0x000000e93f600000] [id=11648]

Threads with active compile tasks:

VM state: at safepoint (normal execution)

VM Mutex/Monitor currently owned by a thread:  ([mutex/lock_event])
[0x000002a7d7e7b4a0] Threads_lock - owner thread: 0x000002a7e6993630
[0x000002a7d7fa6790] Heap_lock - owner thread: 0x000002a7e8fa5330

Heap address: 0x0000000082800000, size: 2008 MB, Compressed Oops mode: 32-bit

CDS archive(s) not mapped
Compressed class space mapped at: 0x0000000100000000-0x0000000140000000, reserved size: 1073741824
Narrow klass base: 0x0000000000000000, Narrow klass shift: 3, Narrow klass range: 0x140000000

GC Precious Log:
 CPUs: 4 total, 4 available
 Memory: 8025M
 Large Page Support: Disabled
 NUMA Support: Disabled
 Compressed Oops: Enabled (32-bit)
 Heap Region Size: 1M
 Heap Min Capacity: 8M
 Heap Initial Capacity: 126M
 Heap Max Capacity: 2008M
 Pre-touch: Disabled
 Parallel Workers: 4
 Concurrent Workers: 1
 Concurrent Refinement Workers: 4
 Periodic GC: Disabled

Heap:
 garbage-first heap   total 104448K, used 53936K [0x0000000082800000, 0x0000000100000000)
  region size 1024K, 2 young (2048K), 2 survivors (2048K)
 Metaspace       used 38313K, committed 38656K, reserved 1089536K
  class space    used 4831K, committed 4992K, reserved 1048576K

Heap Regions: E=young(eden), S=young(survivor), O=old, HS=humongous(starts), HC=humongous(continues), CS=collection set, F=free, OA=open archive, CA=closed archive, TAMS=top-at-mark-start (previous, next)
|   0|0x0000000082800000, 0x0000000082900000, 0x0000000082900000|100%| O|  |TAMS 0x0000000082900000, 0x0000000082800000| Updating 
|   1|0x0000000082900000, 0x0000000082a00000, 0x0000000082a00000|100%| O|  |TAMS 0x0000000082a00000, 0x0000000082900000| Untracked 
|   2|0x0000000082a00000, 0x0000000082b00000, 0x0000000082b00000|100%| O|  |TAMS 0x0000000082b00000, 0x0000000082a00000| Untracked 
|   3|0x0000000082b00000, 0x0000000082c00000, 0x0000000082c00000|100%| O|  |TAMS 0x0000000082c00000, 0x0000000082b00000| Untracked 
|   4|0x0000000082c00000, 0x0000000082d00000, 0x0000000082d00000|100%| O|  |TAMS 0x0000000082d00000, 0x0000000082c00000| Untracked 
|   5|0x0000000082d00000, 0x0000000082e00000, 0x0000000082e00000|100%| O|  |TAMS 0x0000000082e00000, 0x0000000082d00000| Untracked 
|   6|0x0000000082e00000, 0x0000000082f00000, 0x0000000082f00000|100%| O|  |TAMS 0x0000000082f00000, 0x0000000082e00000| Untracked 
|   7|0x0000000082f00000, 0x0000000082f7d400, 0x0000000083000000| 48%| O|  |TAMS 0x0000000082f7d400, 0x0000000082f00000| Updating 
|   8|0x0000000083000000, 0x0000000083100000, 0x0000000083100000|100%| O|  |TAMS 0x0000000083100000, 0x0000000083000000| Untracked 
|   9|0x0000000083100000, 0x0000000083200000, 0x0000000083200000|100%| O|  |TAMS 0x0000000083200000, 0x0000000083100000| Untracked 
|  10|0x0000000083200000, 0x0000000083300000, 0x0000000083300000|100%| O|  |TAMS 0x0000000083300000, 0x0000000083200000| Untracked 
|  11|0x0000000083300000, 0x0000000083400000, 0x0000000083400000|100%| O|  |TAMS 0x0000000083400000, 0x0000000083300000| Updating 
|  12|0x0000000083400000, 0x0000000083500000, 0x0000000083500000|100%| O|  |TAMS 0x0000000083500000, 0x0000000083400000| Untracked 
|  13|0x0000000083500000, 0x0000000083600000, 0x0000000083600000|100%| O|  |TAMS 0x0000000083600000, 0x0000000083500000| Updating 
|  14|0x0000000083600000, 0x0000000083700000, 0x0000000083700000|100%| O|  |TAMS 0x0000000083700000, 0x0000000083600000| Untracked 
|  15|0x0000000083700000, 0x0000000083800000, 0x0000000083800000|100%| O|  |TAMS 0x0000000083800000, 0x0000000083700000| Untracked 
|  16|0x0000000083800000, 0x0000000083900000, 0x0000000083900000|100%| O|  |TAMS 0x0000000083900000, 0x0000000083800000| Updating 
|  17|0x0000000083900000, 0x0000000083a00000, 0x0000000083a00000|100%| O|  |TAMS 0x0000000083a00000, 0x0000000083900000| Untracked 
|  18|0x0000000083a00000, 0x0000000083b00000, 0x0000000083b00000|100%| O|  |TAMS 0x0000000083b00000, 0x0000000083a00000| Untracked 
|  19|0x0000000083b00000, 0x0000000083c00000, 0x0000000083c00000|100%| O|  |TAMS 0x0000000083c00000, 0x0000000083b00000| Untracked 
|  20|0x0000000083c00000, 0x0000000083d00000, 0x0000000083d00000|100%| O|  |TAMS 0x0000000083d00000, 0x0000000083c00000| Updating 
|  21|0x0000000083d00000, 0x0000000083e00000, 0x0000000083e00000|100%| O|  |TAMS 0x0000000083e00000, 0x0000000083d00000| Untracked 
|  22|0x0000000083e00000, 0x0000000083f00000, 0x0000000083f00000|100%| O|  |TAMS 0x0000000083f00000, 0x0000000083e00000| Untracked 
|  23|0x0000000083f00000, 0x0000000084000000, 0x0000000084000000|100%| O|  |TAMS 0x0000000084000000, 0x0000000083f00000| Untracked 
|  24|0x0000000084000000, 0x0000000084100000, 0x0000000084100000|100%| O|  |TAMS 0x0000000084100000, 0x0000000084000000| Updating 
|  25|0x0000000084100000, 0x0000000084200000, 0x0000000084200000|100%| O|  |TAMS 0x0000000084200000, 0x0000000084100000| Updating 
|  26|0x0000000084200000, 0x0000000084300000, 0x0000000084300000|100%| O|  |TAMS 0x0000000084300000, 0x0000000084200000| Untracked 
|  27|0x0000000084300000, 0x0000000084400000, 0x0000000084400000|100%| O|  |TAMS 0x0000000084400000, 0x0000000084300000| Untracked 
|  28|0x0000000084400000, 0x0000000084500000, 0x0000000084500000|100%| O|  |TAMS 0x0000000084500000, 0x0000000084400000| Updating 
|  29|0x0000000084500000, 0x0000000084600000, 0x0000000084600000|100%| O|  |TAMS 0x0000000084600000, 0x0000000084500000| Updating 
|  30|0x0000000084600000, 0x0000000084700000, 0x0000000084700000|100%| O|  |TAMS 0x0000000084700000, 0x0000000084600000| Untracked 
|  31|0x0000000084700000, 0x0000000084800000, 0x0000000084800000|100%| O|  |TAMS 0x0000000084800000, 0x0000000084700000| Untracked 
|  32|0x0000000084800000, 0x0000000084900000, 0x0000000084900000|100%| O|  |TAMS 0x0000000084900000, 0x0000000084800000| Untracked 
|  33|0x0000000084900000, 0x0000000084a00000, 0x0000000084a00000|100%| O|  |TAMS 0x0000000084a00000, 0x0000000084900000| Updating 
|  34|0x0000000084a00000, 0x0000000084b00000, 0x0000000084b00000|100%| O|  |TAMS 0x0000000084b00000, 0x0000000084a00000| Untracked 
|  35|0x0000000084b00000, 0x0000000084c00000, 0x0000000084c00000|100%| O|  |TAMS 0x0000000084c00000, 0x0000000084b00000| Untracked 
|  36|0x0000000084c00000, 0x0000000084d00000, 0x0000000084d00000|100%| O|  |TAMS 0x0000000084d00000, 0x0000000084c00000| Untracked 
|  37|0x0000000084d00000, 0x0000000084e00000, 0x0000000084e00000|100%| O|  |TAMS 0x0000000084e00000, 0x0000000084d00000| Untracked 
|  38|0x0000000084e00000, 0x0000000084f00000, 0x0000000084f00000|100%| O|  |TAMS 0x0000000084f00000, 0x0000000084e00000| Updating 
|  39|0x0000000084f00000, 0x0000000085000000, 0x0000000085000000|100%| O|  |TAMS 0x0000000085000000, 0x0000000084f00000| Updating 
|  40|0x0000000085000000, 0x0000000085100000, 0x0000000085100000|100%| O|  |TAMS 0x0000000085100000, 0x0000000085000000| Updating 
|  41|0x0000000085100000, 0x0000000085200000, 0x0000000085200000|100%| O|  |TAMS 0x0000000085183800, 0x0000000085100000| Updating 
|  42|0x0000000085200000, 0x0000000085300000, 0x0000000085300000|100%| O|  |TAMS 0x0000000085200000, 0x0000000085200000| Untracked 
|  43|0x0000000085300000, 0x0000000085400000, 0x0000000085400000|100%| O|  |TAMS 0x0000000085300000, 0x0000000085300000| Untracked 
|  44|0x0000000085400000, 0x0000000085500000, 0x0000000085500000|100%| O|  |TAMS 0x0000000085400000, 0x0000000085400000| Untracked 
|  45|0x0000000085500000, 0x0000000085600000, 0x0000000085600000|100%| O|  |TAMS 0x0000000085500000, 0x0000000085500000| Untracked 
|  46|0x0000000085600000, 0x0000000085700000, 0x0000000085700000|100%| O|  |TAMS 0x0000000085600000, 0x0000000085600000| Untracked 
|  47|0x0000000085700000, 0x0000000085800000, 0x0000000085800000|100%| O|  |TAMS 0x0000000085700000, 0x0000000085700000| Untracked 
|  48|0x0000000085800000, 0x0000000085900000, 0x0000000085900000|100%| O|  |TAMS 0x0000000085800000, 0x0000000085800000| Updating 
|  49|0x0000000085900000, 0x0000000085a00000, 0x0000000085a00000|100%| O|  |TAMS 0x0000000085900000, 0x0000000085900000| Untracked 
|  50|0x0000000085a00000, 0x0000000085b00000, 0x0000000085b00000|100%| O|  |TAMS 0x0000000085a00000, 0x0000000085a00000| Untracked 
|  51|0x0000000085b00000, 0x0000000085bddc00, 0x0000000085c00000| 86%| O|  |TAMS 0x0000000085b00000, 0x0000000085b00000| Untracked 
|  52|0x0000000085c00000, 0x0000000085c00000, 0x0000000085d00000|  0%| F|  |TAMS 0x0000000085c00000, 0x0000000085c00000| Untracked 
|  53|0x0000000085d00000, 0x0000000085d00000, 0x0000000085e00000|  0%| F|  |TAMS 0x0000000085d00000, 0x0000000085d00000| Untracked 
|  54|0x0000000085e00000, 0x0000000085e00000, 0x0000000085f00000|  0%| F|  |TAMS 0x0000000085e00000, 0x0000000085e00000| Untracked 
|  55|0x0000000085f00000, 0x0000000085f00000, 0x0000000086000000|  0%| F|  |TAMS 0x0000000085f00000, 0x0000000085f00000| Untracked 
|  56|0x0000000086000000, 0x0000000086000000, 0x0000000086100000|  0%| F|  |TAMS 0x0000000086000000, 0x0000000086000000| Untracked 
|  57|0x0000000086100000, 0x0000000086100000, 0x0000000086200000|  0%| F|  |TAMS 0x0000000086100000, 0x0000000086100000| Untracked 
|  58|0x0000000086200000, 0x0000000086200000, 0x0000000086300000|  0%| F|  |TAMS 0x0000000086200000, 0x0000000086200000| Untracked 
|  59|0x0000000086300000, 0x0000000086300000, 0x0000000086400000|  0%| F|  |TAMS 0x0000000086300000, 0x0000000086300000| Untracked 
|  60|0x0000000086400000, 0x0000000086400000, 0x0000000086500000|  0%| F|  |TAMS 0x0000000086400000, 0x0000000086400000| Untracked 
|  61|0x0000000086500000, 0x0000000086500000, 0x0000000086600000|  0%| F|  |TAMS 0x0000000086500000, 0x0000000086500000| Untracked 
|  62|0x0000000086600000, 0x0000000086600000, 0x0000000086700000|  0%| F|  |TAMS 0x0000000086600000, 0x0000000086600000| Untracked 
|  63|0x0000000086700000, 0x0000000086700000, 0x0000000086800000|  0%| F|  |TAMS 0x0000000086700000, 0x0000000086700000| Untracked 
|  64|0x0000000086800000, 0x0000000086800000, 0x0000000086900000|  0%| F|  |TAMS 0x0000000086800000, 0x0000000086800000| Untracked 
|  65|0x0000000086900000, 0x0000000086900000, 0x0000000086a00000|  0%| F|  |TAMS 0x0000000086900000, 0x0000000086900000| Untracked 
|  66|0x0000000086a00000, 0x0000000086a00000, 0x0000000086b00000|  0%| F|  |TAMS 0x0000000086a00000, 0x0000000086a00000| Untracked 
|  67|0x0000000086b00000, 0x0000000086b00000, 0x0000000086c00000|  0%| F|  |TAMS 0x0000000086b00000, 0x0000000086b00000| Untracked 
|  68|0x0000000086c00000, 0x0000000086c00000, 0x0000000086d00000|  0%| F|  |TAMS 0x0000000086c00000, 0x0000000086c00000| Untracked 
|  69|0x0000000086d00000, 0x0000000086d00000, 0x0000000086e00000|  0%| F|  |TAMS 0x0000000086d00000, 0x0000000086d00000| Untracked 
|  70|0x0000000086e00000, 0x0000000086e00000, 0x0000000086f00000|  0%| F|  |TAMS 0x0000000086e00000, 0x0000000086e00000| Untracked 
|  71|0x0000000086f00000, 0x0000000086f00000, 0x0000000087000000|  0%| F|  |TAMS 0x0000000086f00000, 0x0000000086f00000| Untracked 
|  72|0x0000000087000000, 0x0000000087000000, 0x0000000087100000|  0%| F|  |TAMS 0x0000000087000000, 0x0000000087000000| Untracked 
|  73|0x0000000087100000, 0x0000000087100000, 0x0000000087200000|  0%| F|  |TAMS 0x0000000087100000, 0x0000000087100000| Untracked 
|  74|0x0000000087200000, 0x0000000087200000, 0x0000000087300000|  0%| F|  |TAMS 0x0000000087200000, 0x0000000087200000| Untracked 
|  75|0x0000000087300000, 0x0000000087300000, 0x0000000087400000|  0%| F|  |TAMS 0x0000000087300000, 0x0000000087300000| Untracked 
|  76|0x0000000087400000, 0x0000000087400000, 0x0000000087500000|  0%| F|  |TAMS 0x0000000087400000, 0x0000000087400000| Untracked 
|  77|0x0000000087500000, 0x0000000087500000, 0x0000000087600000|  0%| F|  |TAMS 0x0000000087500000, 0x0000000087500000| Untracked 
|  78|0x0000000087600000, 0x0000000087600000, 0x0000000087700000|  0%| F|  |TAMS 0x0000000087600000, 0x0000000087600000| Untracked 
|  79|0x0000000087700000, 0x0000000087700000, 0x0000000087800000|  0%| F|  |TAMS 0x0000000087700000, 0x0000000087700000| Untracked 
|  80|0x0000000087800000, 0x0000000087800000, 0x0000000087900000|  0%| F|  |TAMS 0x0000000087800000, 0x0000000087800000| Untracked 
|  81|0x0000000087900000, 0x0000000087900000, 0x0000000087a00000|  0%| F|  |TAMS 0x0000000087900000, 0x0000000087900000| Untracked 
|  82|0x0000000087a00000, 0x0000000087a00000, 0x0000000087b00000|  0%| F|  |TAMS 0x0000000087a00000, 0x0000000087a00000| Untracked 
|  83|0x0000000087b00000, 0x0000000087b00000, 0x0000000087c00000|  0%| F|  |TAMS 0x0000000087b00000, 0x0000000087b00000| Untracked 
|  84|0x0000000087c00000, 0x0000000087c00000, 0x0000000087d00000|  0%| F|  |TAMS 0x0000000087c00000, 0x0000000087c00000| Untracked 
|  85|0x0000000087d00000, 0x0000000087d00000, 0x0000000087e00000|  0%| F|  |TAMS 0x0000000087d00000, 0x0000000087d00000| Untracked 
|  86|0x0000000087e00000, 0x0000000087e00000, 0x0000000087f00000|  0%| F|  |TAMS 0x0000000087e00000, 0x0000000087e00000| Untracked 
|  87|0x0000000087f00000, 0x0000000087f00000, 0x0000000088000000|  0%| F|  |TAMS 0x0000000087f00000, 0x0000000087f00000| Untracked 
|  88|0x0000000088000000, 0x0000000088000000, 0x0000000088100000|  0%| F|  |TAMS 0x0000000088000000, 0x0000000088000000| Untracked 
|  89|0x0000000088100000, 0x0000000088100000, 0x0000000088200000|  0%| F|  |TAMS 0x0000000088100000, 0x0000000088100000| Untracked 
|  90|0x0000000088200000, 0x0000000088200000, 0x0000000088300000|  0%| F|  |TAMS 0x0000000088200000, 0x0000000088200000| Untracked 
|  91|0x0000000088300000, 0x0000000088300000, 0x0000000088400000|  0%| F|  |TAMS 0x0000000088300000, 0x0000000088300000| Untracked 
|  92|0x0000000088400000, 0x0000000088400000, 0x0000000088500000|  0%| F|  |TAMS 0x0000000088400000, 0x0000000088400000| Untracked 
|  93|0x0000000088500000, 0x00000000885511d0, 0x0000000088600000| 31%| S|CS|TAMS 0x0000000088500000, 0x0000000088500000| Complete 
|  94|0x0000000088600000, 0x0000000088700000, 0x0000000088700000|100%| S|CS|TAMS 0x0000000088600000, 0x0000000088600000| Complete 
|  95|0x0000000088700000, 0x0000000088700000, 0x0000000088800000|  0%| F|  |TAMS 0x0000000088700000, 0x0000000088700000| Untracked 
|  98|0x0000000088a00000, 0x0000000088a00000, 0x0000000088b00000|  0%| F|  |TAMS 0x0000000088a00000, 0x0000000088a00000| Untracked 
| 102|0x0000000088e00000, 0x0000000088e00000, 0x0000000088f00000|  0%| F|  |TAMS 0x0000000088e00000, 0x0000000088e00000| Untracked 
| 103|0x0000000088f00000, 0x0000000088f00000, 0x0000000089000000|  0%| F|  |TAMS 0x0000000088f00000, 0x0000000088f00000| Untracked 
| 104|0x0000000089000000, 0x0000000089000000, 0x0000000089100000|  0%| F|  |TAMS 0x0000000089000000, 0x0000000089000000| Untracked 
| 124|0x000000008a400000, 0x000000008a400000, 0x000000008a500000|  0%| F|  |TAMS 0x000000008a400000, 0x000000008a400000| Untracked 
| 125|0x000000008a500000, 0x000000008a500000, 0x000000008a600000|  0%| F|  |TAMS 0x000000008a500000, 0x000000008a500000| Untracked 

Card table byte_map: [0x000002a7dfca0000,0x000002a7e0090000] _byte_map_base: 0x000002a7df88c000

Marking Bits (Prev, Next): (CMBitMap*) 0x000002a7d800de90, (CMBitMap*) 0x000002a7d800de50
 Prev Bits: [0x000002a7e23e0000, 0x000002a7e4340000)
 Next Bits: [0x000002a7e0480000, 0x000002a7e23e0000)

Polling page: 0x000002a7d8080000

Metaspace:

Usage:
  Non-class:     32.70 MB used.
      Class:      4.72 MB used.
       Both:     37.42 MB used.

Virtual space:
  Non-class space:       40.00 MB reserved,      32.88 MB ( 82%) committed,  5 nodes.
      Class space:        1.00 GB reserved,       4.88 MB ( <1%) committed,  1 nodes.
             Both:        1.04 GB reserved,      37.75 MB (  4%) committed. 

Chunk freelists:
   Non-Class:  3.17 MB
       Class:  3.13 MB
        Both:  6.30 MB

MaxMetaspaceSize: unlimited
CompressedClassSpaceSize: 1.00 GB
Initial GC threshold: 21.00 MB
Current GC threshold: 62.81 MB
CDS: off
MetaspaceReclaimPolicy: balanced
 - commit_granule_bytes: 65536.
 - commit_granule_words: 8192.
 - virtual_space_node_default_size: 1048576.
 - enlarge_chunks_in_place: 1.
 - new_chunks_are_fully_committed: 0.
 - uncommit_free_chunks: 1.
 - use_allocation_guard: 0.
 - handle_deallocations: 1.


Internal statistics:

num_allocs_failed_limit: 8.
num_arena_births: 342.
num_arena_deaths: 0.
num_vsnodes_births: 6.
num_vsnodes_deaths: 0.
num_space_committed: 604.
num_space_uncommitted: 0.
num_chunks_returned_to_freelist: 8.
num_chunks_taken_from_freelist: 1458.
num_chunk_merges: 8.
num_chunk_splits: 1003.
num_chunks_enlarged: 782.
num_purges: 0.
num_inconsistent_stats: 0.

CodeCache: size=49152Kb used=8594Kb max_used=8594Kb free=40557Kb
 bounds [0x000002a7dc410000, 0x000002a7dcc80000, 0x000002a7df410000]
 total_blobs=4355 nmethods=3828 adapters=452
 compilation: enabled
              stopped_count=0, restarted_count=0
 full_count=0

Compilation events (20 events):
Event: 3.314 Thread 0x000002a7e69313f0 3819       1       org.eclipse.jdt.internal.compiler.classfmt.ClassFileStruct::u1At (16 bytes)
Event: 3.314 Thread 0x000002a7e7408120 3820       1       org.eclipse.jdt.internal.compiler.classfmt.ClassFileStruct::u2At (35 bytes)
Event: 3.314 Thread 0x000002a7e69313f0 nmethod 3819 0x000002a7dcc71c90 code [0x000002a7dcc71e20, 0x000002a7dcc71f18]
Event: 3.314 Thread 0x000002a7e7408120 nmethod 3820 0x000002a7dcc72010 code [0x000002a7dcc721a0, 0x000002a7dcc722d8]
Event: 3.319 Thread 0x000002a7e7408120 3821       1       org.eclipse.jdt.internal.compiler.classfmt.ClassFileStruct::utf8At (171 bytes)
Event: 3.319 Thread 0x000002a7e69313f0 3822       1       org.eclipse.jdt.core.compiler.CharOperation::replace (35 bytes)
Event: 3.319 Thread 0x000002a7e69313f0 nmethod 3822 0x000002a7dcc72390 code [0x000002a7dcc72520, 0x000002a7dcc72618]
Event: 3.319 Thread 0x000002a7e7408120 nmethod 3821 0x000002a7dcc72710 code [0x000002a7dcc728c0, 0x000002a7dcc72ca8]
Event: 3.322 Thread 0x000002a7e7408120 3823       1       java.util.ArrayDeque::pop (5 bytes)
Event: 3.322 Thread 0x000002a7e7408120 nmethod 3823 0x000002a7dcc72e90 code [0x000002a7dcc73040, 0x000002a7dcc731b8]
Event: 3.323 Thread 0x000002a7e69313f0 3824       1       org.eclipse.jdt.internal.compiler.classfmt.ModuleInfo$PackageExportInfo::<init> (10 bytes)
Event: 3.324 Thread 0x000002a7e69313f0 nmethod 3824 0x000002a7dcc73290 code [0x000002a7dcc73420, 0x000002a7dcc73538]
Event: 3.325 Thread 0x000002a7e7408120 3825       1       org.eclipse.jdt.core.compiler.CharOperation::equals (6 bytes)
Event: 3.325 Thread 0x000002a7e6930ae0 3826       1       java.util.Arrays::equals (43 bytes)
Event: 3.325 Thread 0x000002a7e7408120 nmethod 3825 0x000002a7dcc73590 code [0x000002a7dcc73720, 0x000002a7dcc737e8]
Event: 3.325 Thread 0x000002a7e6930ae0 nmethod 3826 0x000002a7dcc73890 code [0x000002a7dcc73a40, 0x000002a7dcc73bc8]
Event: 3.326 Thread 0x000002a7e7408120 3827   !   1       java.nio.channels.spi.AbstractInterruptibleChannel::close (37 bytes)
Event: 3.327 Thread 0x000002a7e7408120 nmethod 3827 0x000002a7dcc73c90 code [0x000002a7dcc73e40, 0x000002a7dcc74088]
Event: 3.331 Thread 0x000002a7e7408120 3828   !   1       java.nio.file.Files::isRegularFile (43 bytes)
Event: 3.331 Thread 0x000002a7e7408120 nmethod 3828 0x000002a7dcc74190 code [0x000002a7dcc743a0, 0x000002a7dcc74778]

GC Heap History (20 events):
Event: 2.041 GC heap after
{Heap after GC invocations=7 (full 0):
 garbage-first heap   total 48128K, used 16283K [0x0000000082800000, 0x0000000100000000)
  region size 1024K, 3 young (3072K), 3 survivors (3072K)
 Metaspace       used 28123K, committed 28352K, reserved 1081344K
  class space    used 3512K, committed 3648K, reserved 1048576K
}
Event: 2.335 GC heap before
{Heap before GC invocations=7 (full 0):
 garbage-first heap   total 48128K, used 31643K [0x0000000082800000, 0x0000000100000000)
  region size 1024K, 18 young (18432K), 3 survivors (3072K)
 Metaspace       used 31015K, committed 31360K, reserved 1081344K
  class space    used 3898K, committed 4032K, reserved 1048576K
}
Event: 2.343 GC heap after
{Heap after GC invocations=8 (full 0):
 garbage-first heap   total 58368K, used 17814K [0x0000000082800000, 0x0000000100000000)
  region size 1024K, 2 young (2048K), 2 survivors (2048K)
 Metaspace       used 31015K, committed 31360K, reserved 1081344K
  class space    used 3898K, committed 4032K, reserved 1048576K
}
Event: 2.724 GC heap before
{Heap before GC invocations=8 (full 0):
 garbage-first heap   total 58368K, used 40342K [0x0000000082800000, 0x0000000100000000)
  region size 1024K, 24 young (24576K), 2 survivors (2048K)
 Metaspace       used 34758K, committed 35136K, reserved 1081344K
  class space    used 4491K, committed 4672K, reserved 1048576K
}
Event: 2.730 GC heap after
{Heap after GC invocations=9 (full 0):
 garbage-first heap   total 58368K, used 19806K [0x0000000082800000, 0x0000000100000000)
  region size 1024K, 3 young (3072K), 3 survivors (3072K)
 Metaspace       used 34758K, committed 35136K, reserved 1081344K
  class space    used 4491K, committed 4672K, reserved 1048576K
}
Event: 2.834 GC heap before
{Heap before GC invocations=9 (full 0):
 garbage-first heap   total 58368K, used 41310K [0x0000000082800000, 0x0000000100000000)
  region size 1024K, 25 young (25600K), 3 survivors (3072K)
 Metaspace       used 35030K, committed 35328K, reserved 1081344K
  class space    used 4526K, committed 4672K, reserved 1048576K
}
Event: 2.840 GC heap after
{Heap after GC invocations=10 (full 0):
 garbage-first heap   total 58368K, used 24597K [0x0000000082800000, 0x0000000100000000)
  region size 1024K, 4 young (4096K), 4 survivors (4096K)
 Metaspace       used 35030K, committed 35328K, reserved 1081344K
  class space    used 4526K, committed 4672K, reserved 1048576K
}
Event: 2.911 GC heap before
{Heap before GC invocations=10 (full 0):
 garbage-first heap   total 58368K, used 42005K [0x0000000082800000, 0x0000000100000000)
  region size 1024K, 21 young (21504K), 4 survivors (4096K)
 Metaspace       used 35511K, committed 35840K, reserved 1081344K
  class space    used 4583K, committed 4736K, reserved 1048576K
}
Event: 2.916 GC heap after
{Heap after GC invocations=11 (full 0):
 garbage-first heap   total 58368K, used 28287K [0x0000000082800000, 0x0000000100000000)
  region size 1024K, 3 young (3072K), 3 survivors (3072K)
 Metaspace       used 35511K, committed 35840K, reserved 1081344K
  class space    used 4583K, committed 4736K, reserved 1048576K
}
Event: 2.969 GC heap before
{Heap before GC invocations=11 (full 0):
 garbage-first heap   total 58368K, used 41599K [0x0000000082800000, 0x0000000100000000)
  region size 1024K, 17 young (17408K), 3 survivors (3072K)
 Metaspace       used 35930K, committed 36288K, reserved 1081344K
  class space    used 4619K, committed 4800K, reserved 1048576K
}
Event: 2.973 GC heap after
{Heap after GC invocations=12 (full 0):
 garbage-first heap   total 81920K, used 31252K [0x0000000082800000, 0x0000000100000000)
  region size 1024K, 3 young (3072K), 3 survivors (3072K)
 Metaspace       used 35930K, committed 36288K, reserved 1081344K
  class space    used 4619K, committed 4800K, reserved 1048576K
}
Event: 3.063 GC heap before
{Heap before GC invocations=13 (full 0):
 garbage-first heap   total 81920K, used 56852K [0x0000000082800000, 0x0000000100000000)
  region size 1024K, 29 young (29696K), 3 survivors (3072K)
 Metaspace       used 36682K, committed 37056K, reserved 1081344K
  class space    used 4694K, committed 4864K, reserved 1048576K
}
Event: 3.068 GC heap after
{Heap after GC invocations=14 (full 0):
 garbage-first heap   total 81920K, used 34241K [0x0000000082800000, 0x0000000100000000)
  region size 1024K, 4 young (4096K), 4 survivors (4096K)
 Metaspace       used 36682K, committed 37056K, reserved 1081344K
  class space    used 4694K, committed 4864K, reserved 1048576K
}
Event: 3.119 GC heap before
{Heap before GC invocations=14 (full 0):
 garbage-first heap   total 81920K, used 58817K [0x0000000082800000, 0x0000000100000000)
  region size 1024K, 29 young (29696K), 4 survivors (4096K)
 Metaspace       used 37464K, committed 37760K, reserved 1089536K
  class space    used 4727K, committed 4864K, reserved 1048576K
}
Event: 3.124 GC heap after
{Heap after GC invocations=15 (full 0):
 garbage-first heap   total 81920K, used 38347K [0x0000000082800000, 0x0000000100000000)
  region size 1024K, 4 young (4096K), 4 survivors (4096K)
 Metaspace       used 37464K, committed 37760K, reserved 1089536K
  class space    used 4727K, committed 4864K, reserved 1048576K
}
Event: 3.160 GC heap before
{Heap before GC invocations=15 (full 0):
 garbage-first heap   total 81920K, used 60875K [0x0000000082800000, 0x0000000100000000)
  region size 1024K, 27 young (27648K), 4 survivors (4096K)
 Metaspace       used 37513K, committed 37824K, reserved 1089536K
  class space    used 4736K, committed 4864K, reserved 1048576K
}
Event: 3.168 GC heap after
{Heap after GC invocations=16 (full 0):
 garbage-first heap   total 81920K, used 46083K [0x0000000082800000, 0x0000000100000000)
  region size 1024K, 4 young (4096K), 4 survivors (4096K)
 Metaspace       used 37513K, committed 37824K, reserved 1089536K
  class space    used 4736K, committed 4864K, reserved 1048576K
}
Event: 3.240 GC heap before
{Heap before GC invocations=16 (full 0):
 garbage-first heap   total 81920K, used 60419K [0x0000000082800000, 0x0000000100000000)
  region size 1024K, 19 young (19456K), 4 survivors (4096K)
 Metaspace       used 38149K, committed 38528K, reserved 1089536K
  class space    used 4804K, committed 4992K, reserved 1048576K
}
Event: 3.248 GC heap after
{Heap after GC invocations=17 (full 0):
 garbage-first heap   total 81920K, used 51980K [0x0000000082800000, 0x0000000100000000)
  region size 1024K, 3 young (3072K), 3 survivors (3072K)
 Metaspace       used 38149K, committed 38528K, reserved 1089536K
  class space    used 4804K, committed 4992K, reserved 1048576K
}
Event: 3.333 GC heap before
{Heap before GC invocations=17 (full 0):
 garbage-first heap   total 104448K, used 62220K [0x0000000082800000, 0x0000000100000000)
  region size 1024K, 13 young (13312K), 3 survivors (3072K)
 Metaspace       used 38313K, committed 38656K, reserved 1089536K
  class space    used 4831K, committed 4992K, reserved 1048576K
}

Deoptimization events (12 events):
Event: 1.186 Thread 0x000002a7d7fb4e70 DEOPT PACKING pc=0x000002a7dc8e2099 sp=0x000000e93f0fd4a0
Event: 1.186 Thread 0x000002a7d7fb4e70 DEOPT UNPACKING pc=0x000002a7dc462b43 sp=0x000000e93f0fc980 mode 3
Event: 2.324 Thread 0x000002a7d7fb4e70 DEOPT PACKING pc=0x000002a7dca58a19 sp=0x000000e93f0fc880
Event: 2.324 Thread 0x000002a7d7fb4e70 DEOPT UNPACKING pc=0x000002a7dc462b43 sp=0x000000e93f0fbd60 mode 3
Event: 2.636 Thread 0x000002a7e8fa5330 DEOPT PACKING pc=0x000002a7dcb0cc35 sp=0x000000e940bfd140
Event: 2.637 Thread 0x000002a7e8fa5330 DEOPT UNPACKING pc=0x000002a7dc462b43 sp=0x000000e940bfc668 mode 3
Event: 2.703 Thread 0x000002a7e94a8030 DEOPT PACKING pc=0x000002a7dcb23dab sp=0x000000e940cfe8e0
Event: 2.703 Thread 0x000002a7e94a8030 DEOPT UNPACKING pc=0x000002a7dc462b43 sp=0x000000e940cfde28 mode 3
Event: 2.856 Thread 0x000002a7e9029ba0 DEOPT PACKING pc=0x000002a7dc8dfd01 sp=0x000000e940afda10
Event: 2.856 Thread 0x000002a7e9029ba0 DEOPT UNPACKING pc=0x000002a7dc462b43 sp=0x000000e940afcea0 mode 3
Event: 2.929 Thread 0x000002a7e96253a0 DEOPT PACKING pc=0x000002a7dc8dc717 sp=0x000000e9413ff040
Event: 2.929 Thread 0x000002a7e96253a0 DEOPT UNPACKING pc=0x000002a7dc462b43 sp=0x000000e9413fe498 mode 3

Classes unloaded (0 events):
No events

Classes redefined (0 events):
No events

Internal exceptions (20 events):
Event: 2.739 Thread 0x000002a7e942dac0 Exception <a 'sun/nio/fs/WindowsException'{0x000000008a5ea160}> (0x000000008a5ea160) 
thrown [s\src\hotspot\share\prims\jni.cpp, line 516]
Event: 2.739 Thread 0x000002a7e942dac0 Exception <a 'sun/nio/fs/WindowsException'{0x000000008a5eab88}> (0x000000008a5eab88) 
thrown [s\src\hotspot\share\prims\jni.cpp, line 516]
Event: 2.739 Thread 0x000002a7e942dac0 Exception <a 'sun/nio/fs/WindowsException'{0x000000008a5eaf68}> (0x000000008a5eaf68) 
thrown [s\src\hotspot\share\prims\jni.cpp, line 516]
Event: 2.739 Thread 0x000002a7e942dac0 Exception <a 'sun/nio/fs/WindowsException'{0x000000008a5eb958}> (0x000000008a5eb958) 
thrown [s\src\hotspot\share\prims\jni.cpp, line 516]
Event: 2.739 Thread 0x000002a7e942dac0 Exception <a 'sun/nio/fs/WindowsException'{0x000000008a5ebd00}> (0x000000008a5ebd00) 
thrown [s\src\hotspot\share\prims\jni.cpp, line 516]
Event: 2.739 Thread 0x000002a7e942dac0 Exception <a 'sun/nio/fs/WindowsException'{0x000000008a5ec700}> (0x000000008a5ec700) 
thrown [s\src\hotspot\share\prims\jni.cpp, line 516]
Event: 2.739 Thread 0x000002a7e942dac0 Exception <a 'sun/nio/fs/WindowsException'{0x000000008a5ecac0}> (0x000000008a5ecac0) 
thrown [s\src\hotspot\share\prims\jni.cpp, line 516]
Event: 2.739 Thread 0x000002a7e942dac0 Exception <a 'sun/nio/fs/WindowsException'{0x000000008a5ed4c0}> (0x000000008a5ed4c0) 
thrown [s\src\hotspot\share\prims\jni.cpp, line 516]
Event: 2.739 Thread 0x000002a7e942dac0 Exception <a 'sun/nio/fs/WindowsException'{0x000000008a5ed870}> (0x000000008a5ed870) 
thrown [s\src\hotspot\share\prims\jni.cpp, line 516]
Event: 2.739 Thread 0x000002a7e942dac0 Exception <a 'sun/nio/fs/WindowsException'{0x000000008a5ee270}> (0x000000008a5ee270) 
thrown [s\src\hotspot\share\prims\jni.cpp, line 516]
Event: 2.740 Thread 0x000002a7e942dac0 Exception <a 'sun/nio/fs/WindowsException'{0x000000008a5ee630}> (0x000000008a5ee630) 
thrown [s\src\hotspot\share\prims\jni.cpp, line 516]
Event: 2.740 Thread 0x000002a7e942dac0 Exception <a 'sun/nio/fs/WindowsException'{0x000000008a5ef058}> (0x000000008a5ef058) 
thrown [s\src\hotspot\share\prims\jni.cpp, line 516]
Event: 2.740 Thread 0x000002a7e942dac0 Exception <a 'sun/nio/fs/WindowsException'{0x000000008a5ef438}> (0x000000008a5ef438) 
thrown [s\src\hotspot\share\prims\jni.cpp, line 516]
Event: 2.740 Thread 0x000002a7e942dac0 Exception <a 'sun/nio/fs/WindowsException'{0x000000008a5efe70}> (0x000000008a5efe70) 
thrown [s\src\hotspot\share\prims\jni.cpp, line 516]
Event: 2.740 Thread 0x000002a7e942dac0 Exception <a 'sun/nio/fs/WindowsException'{0x000000008a408e48}> (0x000000008a408e48) 
thrown [s\src\hotspot\share\prims\jni.cpp, line 516]
Event: 2.740 Thread 0x000002a7e942dac0 Exception <a 'sun/nio/fs/WindowsException'{0x000000008a409870}> (0x000000008a409870) 
thrown [s\src\hotspot\share\prims\jni.cpp, line 516]
Event: 2.740 Thread 0x000002a7e942dac0 Exception <a 'sun/nio/fs/WindowsException'{0x000000008a409c60}> (0x000000008a409c60) 
thrown [s\src\hotspot\share\prims\jni.cpp, line 516]
Event: 2.806 Thread 0x000002a7e8fa5330 Exception <a 'java/lang/NoSuchMethodError'{0x0000000084f739e0}: 'int java.lang.invoke.DirectMethodHandle$Holder.invokeStatic(java.lang.Object)'> (0x0000000084f739e0) 
thrown [s\src\hotspot\share\interpreter\linkResolver.cpp, line 759]
Event: 2.806 Thread 0x000002a7e8fa5330 Exception <a 'java/lang/NoSuchMethodError'{0x0000000084f77088}: 'int java.lang.invoke.DirectMethodHandle$Holder.invokeStaticInit(java.lang.Object)'> (0x0000000084f77088) 
thrown [s\src\hotspot\share\interpreter\linkResolver.cpp, line 759]
Event: 3.231 Thread 0x000002a7e8fa5330 Exception <a 'java/lang/NoSuchMethodError'{0x0000000086af9d60}: 'java.lang.Object java.lang.invoke.Invokers$Holder.invoke_MT(java.lang.Object, java.lang.Object, java.lang.Object)'> (0x0000000086af9d60) 
thrown [s\src\hotspot\share\interpreter\linkResolver.cpp, line 759]

VM Operations (20 events):
Event: 3.012 Executing VM operation: G1Concurrent done
Event: 3.028 Executing VM operation: G1Concurrent
Event: 3.028 Executing VM operation: G1Concurrent done
Event: 3.063 Executing VM operation: G1CollectForAllocation
Event: 3.068 Executing VM operation: G1CollectForAllocation done
Event: 3.118 Executing VM operation: G1CollectForAllocation
Event: 3.124 Executing VM operation: G1CollectForAllocation done
Event: 3.152 Executing VM operation: HandshakeAllThreads
Event: 3.152 Executing VM operation: HandshakeAllThreads done
Event: 3.160 Executing VM operation: G1CollectForAllocation
Event: 3.169 Executing VM operation: G1CollectForAllocation done
Event: 3.222 Executing VM operation: HandshakeAllThreads
Event: 3.222 Executing VM operation: HandshakeAllThreads done
Event: 3.240 Executing VM operation: G1CollectForAllocation
Event: 3.248 Executing VM operation: G1CollectForAllocation done
Event: 3.277 Executing VM operation: HandshakeAllThreads
Event: 3.277 Executing VM operation: HandshakeAllThreads done
Event: 3.315 Executing VM operation: G1Concurrent
Event: 3.317 Executing VM operation: G1Concurrent done
Event: 3.333 Executing VM operation: G1CollectForAllocation

Events (20 events):
Event: 3.233 loading class jdk/internal/jrtfs/JrtPath
Event: 3.234 loading class jdk/internal/jrtfs/JrtPath done
Event: 3.235 loading class java/nio/file/FileVisitOption
Event: 3.235 loading class java/nio/file/FileVisitOption done
Event: 3.235 loading class java/nio/file/FileTreeWalker
Event: 3.235 loading class java/nio/file/FileTreeWalker done
Event: 3.277 loading class java/nio/file/FileTreeWalker$DirectoryNode
Event: 3.277 loading class java/nio/file/FileTreeWalker$DirectoryNode done
Event: 3.277 loading class java/nio/file/FileTreeWalker$Event
Event: 3.278 loading class java/nio/file/FileTreeWalker$Event done
Event: 3.278 loading class java/nio/file/FileTreeWalker$EventType
Event: 3.278 loading class java/nio/file/FileTreeWalker$EventType done
Event: 3.278 loading class java/nio/file/Files$3
Event: 3.278 loading class java/nio/file/Files$3 done
Event: 3.278 loading class java/nio/file/FileVisitResult
Event: 3.278 loading class java/nio/file/FileVisitResult done
Event: 3.306 loading class java/nio/channels/Channels$ReadableByteChannelImpl
Event: 3.306 loading class java/nio/channels/Channels$ReadableByteChannelImpl done
Event: 3.306 loading class java/nio/channels/NonWritableChannelException
Event: 3.306 loading class java/nio/channels/NonWritableChannelException done


Dynamic libraries:
0x00007ff7fd6a0000 - 0x00007ff7fd6ae000 	c:\Users\giiio\.vscode\extensions\redhat.java-1.12.0-win32-x64\jre\17.0.4.1-win32-x86_64\bin\java.exe
0x00007ffb3cf70000 - 0x00007ffb3d184000 	C:\WINDOWS\SYSTEM32\ntdll.dll
0x00007ffb3bd30000 - 0x00007ffb3bdf2000 	C:\WINDOWS\System32\KERNEL32.DLL
0x00007ffb3a4c0000 - 0x00007ffb3a85d000 	C:\WINDOWS\System32\KERNELBASE.dll
0x00007ffb3a3a0000 - 0x00007ffb3a4b1000 	C:\WINDOWS\System32\ucrtbase.dll
0x00007ffb30490000 - 0x00007ffb304a8000 	c:\Users\giiio\.vscode\extensions\redhat.java-1.12.0-win32-x64\jre\17.0.4.1-win32-x86_64\bin\jli.dll
0x00007ffb3c070000 - 0x00007ffb3c21a000 	C:\WINDOWS\System32\USER32.dll
0x00007ffb3ab60000 - 0x00007ffb3ab86000 	C:\WINDOWS\System32\win32u.dll
0x00007ffb3b860000 - 0x00007ffb3b889000 	C:\WINDOWS\System32\GDI32.dll
0x00007ffb3ac50000 - 0x00007ffb3ad62000 	C:\WINDOWS\System32\gdi32full.dll
0x00007ffb3aac0000 - 0x00007ffb3ab5a000 	C:\WINDOWS\System32\msvcp_win.dll
0x00007ffb196c0000 - 0x00007ffb1994e000 	C:\WINDOWS\WinSxS\amd64_microsoft.windows.common-controls_6595b64144ccf1df_6.0.22621.608_none_a9444ca7c10bb01d\COMCTL32.dll
0x00007ffb3bf10000 - 0x00007ffb3bfb7000 	C:\WINDOWS\System32\msvcrt.dll
0x00007ffb34890000 - 0x00007ffb348a9000 	c:\Users\giiio\.vscode\extensions\redhat.java-1.12.0-win32-x64\jre\17.0.4.1-win32-x86_64\bin\VCRUNTIME140.dll
0x00007ffb3b2d0000 - 0x00007ffb3b302000 	C:\WINDOWS\System32\IMM32.DLL
0x00007ffb35a90000 - 0x00007ffb35a9c000 	c:\Users\giiio\.vscode\extensions\redhat.java-1.12.0-win32-x64\jre\17.0.4.1-win32-x86_64\bin\vcruntime140_1.dll
0x00007ffae60f0000 - 0x00007ffae6181000 	c:\Users\giiio\.vscode\extensions\redhat.java-1.12.0-win32-x64\jre\17.0.4.1-win32-x86_64\bin\msvcp140.dll
0x00007ffac5e50000 - 0x00007ffac6a96000 	c:\Users\giiio\.vscode\extensions\redhat.java-1.12.0-win32-x64\jre\17.0.4.1-win32-x86_64\bin\server\jvm.dll
0x00007ffb3c430000 - 0x00007ffb3c4de000 	C:\WINDOWS\System32\ADVAPI32.dll
0x00007ffb3bfc0000 - 0x00007ffb3c064000 	C:\WINDOWS\System32\sechost.dll
0x00007ffb3b330000 - 0x00007ffb3b445000 	C:\WINDOWS\System32\RPCRT4.dll
0x00007ffb3bf00000 - 0x00007ffb3bf08000 	C:\WINDOWS\System32\PSAPI.DLL
0x00007ffb35500000 - 0x00007ffb35509000 	C:\WINDOWS\SYSTEM32\WSOCK32.dll
0x00007ffb37a10000 - 0x00007ffb37a44000 	C:\WINDOWS\SYSTEM32\WINMM.dll
0x00007ffb3b890000 - 0x00007ffb3b901000 	C:\WINDOWS\System32\WS2_32.dll
0x00007ffb2b3a0000 - 0x00007ffb2b3aa000 	C:\WINDOWS\SYSTEM32\VERSION.dll
0x00007ffb39500000 - 0x00007ffb39518000 	C:\WINDOWS\SYSTEM32\kernel.appcore.dll
0x00007ffb34910000 - 0x00007ffb3491a000 	c:\Users\giiio\.vscode\extensions\redhat.java-1.12.0-win32-x64\jre\17.0.4.1-win32-x86_64\bin\jimage.dll
0x00007ffb37410000 - 0x00007ffb3763e000 	C:\WINDOWS\SYSTEM32\DBGHELP.DLL
0x00007ffb3b910000 - 0x00007ffb3bc9a000 	C:\WINDOWS\System32\combase.dll
0x00007ffb3ad70000 - 0x00007ffb3ae47000 	C:\WINDOWS\System32\OLEAUT32.dll
0x00007ffb107f0000 - 0x00007ffb10822000 	C:\WINDOWS\SYSTEM32\dbgcore.DLL
0x00007ffb3a860000 - 0x00007ffb3a8db000 	C:\WINDOWS\System32\bcryptPrimitives.dll
0x00007ffb24ab0000 - 0x00007ffb24ad5000 	c:\Users\giiio\.vscode\extensions\redhat.java-1.12.0-win32-x64\jre\17.0.4.1-win32-x86_64\bin\java.dll
0x00007ffb22370000 - 0x00007ffb22388000 	c:\Users\giiio\.vscode\extensions\redhat.java-1.12.0-win32-x64\jre\17.0.4.1-win32-x86_64\bin\zip.dll
0x00007ffb3c750000 - 0x00007ffb3cf30000 	C:\WINDOWS\System32\SHELL32.dll
0x00007ffb383f0000 - 0x00007ffb38cb5000 	C:\WINDOWS\SYSTEM32\windows.storage.dll
0x00007ffb382b0000 - 0x00007ffb383ee000 	C:\WINDOWS\SYSTEM32\wintypes.dll
0x00007ffb3be00000 - 0x00007ffb3bef1000 	C:\WINDOWS\System32\SHCORE.dll
0x00007ffb3c530000 - 0x00007ffb3c58e000 	C:\WINDOWS\System32\shlwapi.dll
0x00007ffb3a2d0000 - 0x00007ffb3a2f1000 	C:\WINDOWS\SYSTEM32\profapi.dll
0x00007ffb20dc0000 - 0x00007ffb20dd9000 	C:\Users\giiio\.vscode\extensions\redhat.java-1.12.0-win32-x64\jre\17.0.4.1-win32-x86_64\bin\net.dll
0x00007ffb33370000 - 0x00007ffb3349f000 	C:\WINDOWS\SYSTEM32\WINHTTP.dll
0x00007ffb39960000 - 0x00007ffb399c9000 	C:\WINDOWS\system32\mswsock.dll
0x00007ffb1dc40000 - 0x00007ffb1dc55000 	C:\Users\giiio\.vscode\extensions\redhat.java-1.12.0-win32-x64\jre\17.0.4.1-win32-x86_64\bin\nio.dll
0x00007ffb33e30000 - 0x00007ffb33e40000 	c:\Users\giiio\.vscode\extensions\redhat.java-1.12.0-win32-x64\jre\17.0.4.1-win32-x86_64\bin\verify.dll
0x00007ffb34710000 - 0x00007ffb34719000 	C:\Users\giiio\.vscode\extensions\redhat.java-1.12.0-win32-x64\jre\17.0.4.1-win32-x86_64\bin\management.dll
0x00007ffb33dc0000 - 0x00007ffb33dcb000 	C:\Users\giiio\.vscode\extensions\redhat.java-1.12.0-win32-x64\jre\17.0.4.1-win32-x86_64\bin\management_ext.dll
0x00007ffb0b640000 - 0x00007ffb0b657000 	C:\WINDOWS\system32\napinsp.dll
0x00007ffb0b680000 - 0x00007ffb0b69b000 	C:\WINDOWS\system32\pnrpnsp.dll
0x00007ffb38f30000 - 0x00007ffb39022000 	C:\WINDOWS\SYSTEM32\DNSAPI.dll
0x00007ffb38f00000 - 0x00007ffb38f2d000 	C:\WINDOWS\SYSTEM32\IPHLPAPI.DLL
0x00007ffb3b750000 - 0x00007ffb3b759000 	C:\WINDOWS\System32\NSI.dll
0x00007ffb0b660000 - 0x00007ffb0b671000 	C:\WINDOWS\System32\winrnr.dll
0x00007ffb14e10000 - 0x00007ffb14e25000 	C:\WINDOWS\system32\wshbth.dll
0x00007ffab9030000 - 0x00007ffab9051000 	C:\WINDOWS\system32\nlansp_c.dll
0x00007ffb28260000 - 0x00007ffb2826a000 	C:\Windows\System32\rasadhlp.dll
0x00007ffb2ff30000 - 0x00007ffb2ffb3000 	C:\WINDOWS\System32\fwpuclnt.dll
0x00007ffb39ba0000 - 0x00007ffb39bbb000 	C:\WINDOWS\SYSTEM32\CRYPTSP.dll
0x00007ffb39470000 - 0x00007ffb394a5000 	C:\WINDOWS\system32\rsaenh.dll
0x00007ffb39a50000 - 0x00007ffb39a78000 	C:\WINDOWS\SYSTEM32\USERENV.dll
0x00007ffb39d60000 - 0x00007ffb39d88000 	C:\WINDOWS\SYSTEM32\bcrypt.dll
0x00007ffb39bc0000 - 0x00007ffb39bcc000 	C:\WINDOWS\SYSTEM32\CRYPTBASE.dll
0x00007ffb33170000 - 0x00007ffb33189000 	C:\WINDOWS\SYSTEM32\dhcpcsvc6.DLL
0x00007ffb32170000 - 0x00007ffb3218f000 	C:\WINDOWS\SYSTEM32\dhcpcsvc.DLL

dbghelp: loaded successfully - version: 4.0.5 - missing functions: none
symbol engine: initialized successfully - sym options: 0x614 - pdb path: .;c:\Users\giiio\.vscode\extensions\redhat.java-1.12.0-win32-x64\jre\17.0.4.1-win32-x86_64\bin;C:\WINDOWS\SYSTEM32;C:\WINDOWS\WinSxS\amd64_microsoft.windows.common-controls_6595b64144ccf1df_6.0.22621.608_none_a9444ca7c10bb01d;c:\Users\giiio\.vscode\extensions\redhat.java-1.12.0-win32-x64\jre\17.0.4.1-win32-x86_64\bin\server

VM Arguments:
jvm_args: -Dsts.lsp.client=vscode -Dsts.log.file=/dev/null -XX:TieredStopAtLevel=1 -Xlog:jni+resolve=off -Dspring.config.location=file:c:\Users\giiio\.vscode\extensions\pivotal.vscode-spring-boot-1.40.0\language-server\BOOT-INF\classes\application.properties 
java_command: org.springframework.ide.vscode.boot.app.BootLanguageServerBootApp
java_class_path (initial): c:\Users\giiio\.vscode\extensions\pivotal.vscode-spring-boot-1.40.0\language-server\BOOT-INF\classes;c:\Users\giiio\.vscode\extensions\pivotal.vscode-spring-boot-1.40.0\language-server\BOOT-INF\lib\annotations-23.0.0.jar;c:\Users\giiio\.vscode\extensions\pivotal.vscode-spring-boot-1.40.0\language-server\BOOT-INF\lib\ant-1.10.12.jar;c:\Users\giiio\.vscode\extensions\pivotal.vscode-spring-boot-1.40.0\language-server\BOOT-INF\lib\ant-launcher-1.10.12.jar;c:\Users\giiio\.vscode\extensions\pivotal.vscode-spring-boot-1.40.0\language-server\BOOT-INF\lib\antlr-runtime-3.5.2.jar;c:\Users\giiio\.vscode\extensions\pivotal.vscode-spring-boot-1.40.0\language-server\BOOT-INF\lib\antlr4-4.9.3.jar;c:\Users\giiio\.vscode\extensions\pivotal.vscode-spring-boot-1.40.0\language-server\BOOT-INF\lib\antlr4-runtime-4.9.3.jar;c:\Users\giiio\.vscode\extensions\pivotal.vscode-spring-boot-1.40.0\language-server\BOOT-INF\lib\asm-9.3.jar;c:\Users\giiio\.vscode\extensions\pivotal.vscode-spring-boot-1.40.0\language-server\BOOT-INF\lib\asm-analysis-9.3.jar;c:\Users\giiio\.vscode\extensions\pivotal.vscode-spring-boot-1.40.0\language-server\BOOT-INF\lib\asm-tree-9.3.jar;c:\Users\giiio\.vscode\extensions\pivotal.vscode-spring-boot-1.40.0\language-server\BOOT-INF\lib\asm-util-9.3.jar;c:\Users\giiio\.vscode\extensions\pivotal.vscode-spring-boot-1.40.0\language-server\BOOT-INF\lib\byte-buddy-1.12.13.jar;c:\Users\giiio\.vscode\extensions\pivotal.vscode-spring-boot-1.40.0\language-server\BOOT-INF\lib\caffeine-2.9.3.jar;c:\Users\giiio\.vscode\extensions\pivotal.vscode-spring-boot-1.40.0\language-server\BOOT-INF\lib\checker-qual-3.12.0.jar;c:\Users\giiio\.vscode\extensions\pivotal.vscode-spring-boot-1.40.0\language-server\BOOT-INF\lib\classgraph-4.8.149.jar;c:\Users\giiio\.vscode\extensions\pivotal.vscode-spring-boot-1.40.0\language-server\BOOT-INF\lib\commons-codec-1.15.jar;c:\Users\giiio\.vscode\extensions\pivotal.vscode-spring-boot-1.40.0\language-server\BOOT-INF\lib\commons-c
Launcher Type: SUN_STANDARD

[Global flags]
     intx CICompilerCount                          = 3                                         {product} {ergonomic}
     uint ConcGCThreads                            = 1                                         {product} {ergonomic}
     uint G1ConcRefinementThreads                  = 4                                         {product} {ergonomic}
   size_t G1HeapRegionSize                         = 1048576                                   {product} {ergonomic}
    uintx GCDrainStackTargetSize                   = 64                                        {product} {ergonomic}
   size_t InitialHeapSize                          = 132120576                                 {product} {ergonomic}
   size_t MarkStackSize                            = 4194304                                   {product} {ergonomic}
   size_t MaxHeapSize                              = 2105540608                                {product} {ergonomic}
   size_t MaxNewSize                               = 1262485504                                {product} {ergonomic}
   size_t MinHeapDeltaBytes                        = 1048576                                   {product} {ergonomic}
   size_t MinHeapSize                              = 8388608                                   {product} {ergonomic}
    uintx NonProfiledCodeHeapSize                  = 0                                      {pd product} {ergonomic}
     bool ProfileInterpreter                       = false                                  {pd product} {command line}
    uintx ProfiledCodeHeapSize                     = 0                                      {pd product} {ergonomic}
   size_t SoftMaxHeapSize                          = 2105540608                             {manageable} {ergonomic}
     intx TieredStopAtLevel                        = 1                                         {product} {command line}
     bool UseCompressedClassPointers               = true                           {product lp64_product} {ergonomic}
     bool UseCompressedOops                        = true                           {product lp64_product} {ergonomic}
     bool UseG1GC                                  = true                                      {product} {ergonomic}
     bool UseLargePagesIndividualAllocation        = false                                  {pd product} {ergonomic}

Logging:
Log output configuration:
 #0: stdout all=warning,jni+resolve=off uptime,level,tags
 #1: stderr all=off uptime,level,tags

Environment Variables:
PATH=C:\Program Files\Common Files\Oracle\Java\javapath;C:\Program Files (x86)\Common Files\Oracle\Java\javapath;C:\WINDOWS\system32;C:\WINDOWS;C:\WINDOWS\System32\Wbem;C:\WINDOWS\System32\WindowsPowerShell\v1.0\;C:\WINDOWS\System32\OpenSSH\;C:\Program Files\nodejs\;C:\Program Files\Git\cmd;C:\Program Files (x86)\Pulse Secure\VC142.CRT\X64\;C:\Program Files (x86)\Pulse Secure\VC142.CRT\X86\;C:\Program Files\Java\javacc-6.0.1\bin;C:\Program Files\Java\jdk-17.0.4.1\bin;C:\Program Files\Java\jdk-11.0.16.1\bin;C:\Program Files\dotnet\;C:\Users\giiio\AppData\Local\Programs\Python\Python310\Scripts\;C:\Users\giiio\AppData\Local\Programs\Python\Python310\;C:\Users\giiio\AppData\Local\Microsoft\WindowsApps;C:\Users\giiio\AppData\Roaming\npm;C:\Users\giiio\AppData\Local\Programs\Microsoft VS Code\bin;C:\Program Files\heroku\bin;C:\Users\giiio\.dotnet\tools;
USERNAME=giiio
OS=Windows_NT
PROCESSOR_IDENTIFIER=Intel64 Family 6 Model 142 Stepping 12, GenuineIntel
TMP=C:\Users\giiio\AppData\Local\Temp
TEMP=C:\Users\giiio\AppData\Local\Temp



---------------  S Y S T E M  ---------------

OS:
 Windows 11 , 64 bit Build 22621 (10.0.22621.755)
OS uptime: 7 days 13:06 hours

CPU: total 4 (initial active 4) (2 cores per cpu, 2 threads per core) family 6 model 142 stepping 12 microcode 0xde, cx8, cmov, fxsr, ht, mmx, 3dnowpref, sse, sse2, sse3, ssse3, sse4.1, sse4.2, popcnt, lzcnt, tsc, tscinvbit, avx, avx2, aes, erms, clmul, bmi1, bmi2, adx, fma, vzeroupper, clflush, clflushopt

Memory: 4k page, system-wide physical 8025M (354M free)
TotalPageFile size 23385M (AvailPageFile size 5M)
current process WorkingSet (physical memory assigned to process): 185M, peak: 185M
current process commit charge ("private bytes"): 233M, peak: 235M

vm_info: OpenJDK 64-Bit Server VM (17.0.4.1+1) for windows-amd64 JRE (17.0.4.1+1), built on Aug 17 2022 07:42:43 by "temurin" with MS VC++ 16.7 (VS2019)

END.
