#
# There is insufficient memory for the Java Runtime Environment to continue.
# Native memory allocation (malloc) failed to allocate 2097152 bytes for AllocateHeap
# Possible reasons:
#   The system is out of physical RAM or swap space
#   The process is running with CompressedOops enabled, and the Java Heap may be blocking the growth of the native heap
# Possible solutions:
#   Reduce memory load on the system
#   Increase physical memory or swap space
#   Check if swap backing store is full
#   Decrease Java heap size (-Xmx/-Xms)
#   Decrease number of Java threads
#   Decrease Java thread stack sizes (-Xss)
#   Set larger code cache with -XX:ReservedCodeCacheSize=
#   JVM is running with Unscaled Compressed Oops mode in which the Java heap is
#     placed in the first 4GB address space. The Java Heap base address is the
#     maximum limit for the native heap growth. Please use -XX:HeapBaseMinAddress
#     to set the Java Heap base and to place the Java Heap above 4GB virtual address.
# This output file may be truncated or incomplete.
#
#  Out of Memory Error (allocation.cpp:44), pid=27804, tid=22768
#
# JRE version: OpenJDK Runtime Environment Temurin-17.0.4.1+1 (17.0.4.1+1) (build 17.0.4.1+1)
# Java VM: OpenJDK 64-Bit Server VM Temurin-17.0.4.1+1 (17.0.4.1+1, mixed mode, emulated-client, tiered, compressed oops, compressed class ptrs, g1 gc, windows-amd64)
# No core dump will be written. Minidumps are not enabled by default on client versions of Windows
#

---------------  S U M M A R Y ------------

Command Line: -Dsts.lsp.client=vscode -Dsts.log.file=/dev/null -XX:TieredStopAtLevel=1 -Xlog:jni+resolve=off -Dspring.config.location=file:c:\Users\giiio\.vscode\extensions\pivotal.vscode-spring-boot-1.40.0\language-server\BOOT-INF\classes\application.properties org.springframework.ide.vscode.boot.app.BootLanguageServerBootApp

Host: Intel(R) Core(TM) i3-10110U CPU @ 2.10GHz, 4 cores, 7G,  Windows 11 , 64 bit Build 22621 (10.0.22621.755)
Time: Tue Nov 22 03:56:12 2022 SA Pacific Standard Time elapsed time: 3055.543196 seconds (0d 0h 50m 55s)

---------------  T H R E A D  ---------------

Current thread (0x00000176d00f4f80):  VMThread "VM Thread" [stack: 0x000000074b500000,0x000000074b600000] [id=22768]

Stack: [0x000000074b500000,0x000000074b600000]
Native frames: (J=compiled Java code, j=interpreted, Vv=VM code, C=native code)
V  [jvm.dll+0x67731a]
V  [jvm.dll+0x832284]
V  [jvm.dll+0x833a2e]
V  [jvm.dll+0x834093]
V  [jvm.dll+0x245775]
V  [jvm.dll+0xa6393]
V  [jvm.dll+0x2f59c1]
V  [jvm.dll+0x2f1640]
V  [jvm.dll+0x2d9d27]
V  [jvm.dll+0x31ce37]
V  [jvm.dll+0x83853b]
V  [jvm.dll+0x839274]
V  [jvm.dll+0x83978c]
V  [jvm.dll+0x839b64]
V  [jvm.dll+0x839c30]
V  [jvm.dll+0x7e240a]
V  [jvm.dll+0x6761a5]
C  [ucrtbase.dll+0x29363]
C  [KERNEL32.DLL+0x1244d]
C  [ntdll.dll+0x5dfb8]

VM_Operation (0x000000074c7fef70): G1CollectFull, mode: safepoint, requested by thread 0x00000176d22fa440


---------------  P R O C E S S  ---------------

Threads class SMR info:
_java_thread_list=0x00000176d2dfb330, length=22, elements={
0x00000176d01183a0, 0x00000176d0119600, 0x00000176d014b130, 0x00000176d014bdf0,
0x00000176d014c6b0, 0x00000176d014d710, 0x00000176d014e770, 0x00000176d0c1e840,
0x00000176d0e22730, 0x00000176d0e36010, 0x00000176d253b090, 0x00000176d22fa440,
0x00000176d276d440, 0x00000176c3616790, 0x00000176d27de930, 0x00000176d2485660,
0x00000176d2755790, 0x00000176d29ec3a0, 0x00000176d29eea20, 0x00000176d29eba00,
0x00000176d29ebed0, 0x00000176d485a060
}

Java Threads: ( => current thread )
  0x00000176d01183a0 JavaThread "Reference Handler" daemon [_thread_blocked, id=28096, stack(0x000000074b600000,0x000000074b700000)]
  0x00000176d0119600 JavaThread "Finalizer" daemon [_thread_blocked, id=12876, stack(0x000000074b700000,0x000000074b800000)]
  0x00000176d014b130 JavaThread "Signal Dispatcher" daemon [_thread_blocked, id=13948, stack(0x000000074b800000,0x000000074b900000)]
  0x00000176d014bdf0 JavaThread "Attach Listener" daemon [_thread_blocked, id=26176, stack(0x000000074b900000,0x000000074ba00000)]
  0x00000176d014c6b0 JavaThread "Service Thread" daemon [_thread_blocked, id=24620, stack(0x000000074ba00000,0x000000074bb00000)]
  0x00000176d014d710 JavaThread "Monitor Deflation Thread" daemon [_thread_blocked, id=21480, stack(0x000000074bb00000,0x000000074bc00000)]
  0x00000176d014e770 JavaThread "C1 CompilerThread0" daemon [_thread_blocked, id=16568, stack(0x000000074bc00000,0x000000074bd00000)]
  0x00000176d0c1e840 JavaThread "Sweeper thread" daemon [_thread_blocked, id=24164, stack(0x000000074bd00000,0x000000074be00000)]
  0x00000176d0e22730 JavaThread "Notification Thread" daemon [_thread_blocked, id=28116, stack(0x000000074c000000,0x000000074c100000)]
  0x00000176d0e36010 JavaThread "Common-Cleaner" daemon [_thread_blocked, id=2516, stack(0x000000074c200000,0x000000074c300000)]
  0x00000176d253b090 JavaThread "boundedElastic-evictor-1" daemon [_thread_blocked, id=3356, stack(0x000000074c600000,0x000000074c700000)]
  0x00000176d22fa440 JavaThread "pool-9-thread-1" [_thread_blocked, id=4560, stack(0x000000074c700000,0x000000074c800000)]
  0x00000176d276d440 JavaThread "LanguageServerApp-lifecycle" [_thread_blocked, id=30256, stack(0x000000074c800000,0x000000074c900000)]
  0x00000176c3616790 JavaThread "DestroyJavaVM" [_thread_blocked, id=28172, stack(0x000000074af00000,0x000000074b000000)]
  0x00000176d27de930 JavaThread "pool-10-thread-1" [_thread_in_native, id=27976, stack(0x000000074c900000,0x000000074ca00000)]
  0x00000176d2485660 JavaThread "Simple-Language-Server main thread" daemon [_thread_blocked, id=26732, stack(0x000000074ca00000,0x000000074cb00000)]
  0x00000176d2755790 JavaThread "parallel-1" daemon [_thread_blocked, id=26016, stack(0x000000074cc00000,0x000000074cd00000)]
  0x00000176d29ec3a0 JavaThread "parallel-2" daemon [_thread_blocked, id=7020, stack(0x000000074d500000,0x000000074d600000)]
  0x00000176d29eea20 JavaThread "Reconciler-1" daemon [_thread_blocked, id=22728, stack(0x000000074d600000,0x000000074d700000)]
  0x00000176d29eba00 JavaThread "pool-5-thread-1" [_thread_blocked, id=16040, stack(0x000000074d800000,0x000000074d900000)]
  0x00000176d29ebed0 JavaThread "parallel-3" daemon [_thread_blocked, id=27480, stack(0x000000074d900000,0x000000074da00000)]
  0x00000176d485a060 JavaThread "parallel-4" daemon [_thread_blocked, id=18132, stack(0x000000074cd00000,0x000000074ce00000)]

Other Threads:
=>0x00000176d00f4f80 VMThread "VM Thread" [stack: 0x000000074b500000,0x000000074b600000] [id=22768]
  0x00000176c3683fb0 WatcherThread [stack: 0x000000074c100000,0x000000074c200000] [id=11636]
  0x00000176c366c740 GCTaskThread "GC Thread#0" [stack: 0x000000074b000000,0x000000074b100000] [id=21188]
  0x00000176d0c081a0 GCTaskThread "GC Thread#1" [stack: 0x000000074c300000,0x000000074c400000] [id=16452]
  0x00000176d164e910 GCTaskThread "GC Thread#2" [stack: 0x000000074c400000,0x000000074c500000] [id=17384]
  0x00000176d1767c40 GCTaskThread "GC Thread#3" [stack: 0x000000074c500000,0x000000074c600000] [id=12404]
  0x00000176c367d090 ConcurrentGCThread "G1 Main Marker" [stack: 0x000000074b100000,0x000000074b200000] [id=15652]
  0x00000176c367db10 ConcurrentGCThread "G1 Conc#0" [stack: 0x000000074b200000,0x000000074b300000] [id=1684]
  0x00000176c36d7cc0 ConcurrentGCThread "G1 Refine#0" [stack: 0x000000074b300000,0x000000074b400000] [id=20584]
  0x00000176d467fbf0 ConcurrentGCThread "G1 Refine#1" [stack: 0x000000074d700000,0x000000074d800000] [id=16260]
  0x00000176d4680770 ConcurrentGCThread "G1 Refine#2" [stack: 0x000000074db00000,0x000000074dc00000] [id=31096]
  0x00000176d467f630 ConcurrentGCThread "G1 Refine#3" [stack: 0x000000074dc00000,0x000000074dd00000] [id=14032]
  0x00000176cff725b0 ConcurrentGCThread "G1 Service" [stack: 0x000000074b400000,0x000000074b500000] [id=24600]

Threads with active compile tasks:

VM state: at safepoint (normal execution)

VM Mutex/Monitor currently owned by a thread:  ([mutex/lock_event])
[0x00000176c143a770] Threads_lock - owner thread: 0x00000176d00f4f80
[0x00000176c360b270] Heap_lock - owner thread: 0x00000176d22fa440

Heap address: 0x0000000082800000, size: 2008 MB, Compressed Oops mode: 32-bit

CDS archive(s) not mapped
Compressed class space mapped at: 0x0000000100000000-0x0000000140000000, reserved size: 1073741824
Narrow klass base: 0x0000000000000000, Narrow klass shift: 3, Narrow klass range: 0x140000000

GC Precious Log:
 CPUs: 4 total, 4 available
 Memory: 8025M
 Large Page Support: Disabled
 NUMA Support: Disabled
 Compressed Oops: Enabled (32-bit)
 Heap Region Size: 1M
 Heap Min Capacity: 8M
 Heap Initial Capacity: 126M
 Heap Max Capacity: 2008M
 Pre-touch: Disabled
 Parallel Workers: 4
 Concurrent Workers: 1
 Concurrent Refinement Workers: 4
 Periodic GC: Disabled

Heap:
 garbage-first heap   total 92160K, used 26748K [0x0000000082800000, 0x0000000100000000)
  region size 1024K, 1 young (1024K), 0 survivors (0K)
 Metaspace       used 46973K, committed 47424K, reserved 1097728K
  class space    used 6395K, committed 6592K, reserved 1048576K

Heap Regions: E=young(eden), S=young(survivor), O=old, HS=humongous(starts), HC=humongous(continues), CS=collection set, F=free, OA=open archive, CA=closed archive, TAMS=top-at-mark-start (previous, next)
|   0|0x0000000082800000, 0x0000000082900000, 0x0000000082900000|100%| O|  |TAMS 0x0000000082900000, 0x0000000082800000| Untracked 
|   1|0x0000000082900000, 0x0000000082a00000, 0x0000000082a00000|100%| O|  |TAMS 0x0000000082a00000, 0x0000000082900000| Untracked 
|   2|0x0000000082a00000, 0x0000000082b00000, 0x0000000082b00000|100%| O|  |TAMS 0x0000000082b00000, 0x0000000082a00000| Untracked 
|   3|0x0000000082b00000, 0x0000000082c00000, 0x0000000082c00000|100%| O|  |TAMS 0x0000000082c00000, 0x0000000082b00000| Untracked 
|   4|0x0000000082c00000, 0x0000000082cffff0, 0x0000000082d00000| 99%| O|  |TAMS 0x0000000082cffff0, 0x0000000082c00000| Untracked 
|   5|0x0000000082d00000, 0x0000000082e00000, 0x0000000082e00000|100%| O|  |TAMS 0x0000000082e00000, 0x0000000082d00000| Untracked 
|   6|0x0000000082e00000, 0x0000000082efff40, 0x0000000082f00000| 99%| O|  |TAMS 0x0000000082efff40, 0x0000000082e00000| Untracked 
|   7|0x0000000082f00000, 0x0000000082fffff0, 0x0000000083000000| 99%| O|  |TAMS 0x0000000082fffff0, 0x0000000082f00000| Untracked 
|   8|0x0000000083000000, 0x00000000830fffe8, 0x0000000083100000| 99%| O|  |TAMS 0x00000000830fffe8, 0x0000000083000000| Untracked 
|   9|0x0000000083100000, 0x00000000831fffb8, 0x0000000083200000| 99%| O|  |TAMS 0x00000000831fffb8, 0x0000000083100000| Untracked 
|  10|0x0000000083200000, 0x00000000832ffd18, 0x0000000083300000| 99%| O|  |TAMS 0x00000000832ffd18, 0x0000000083200000| Untracked 
|  11|0x0000000083300000, 0x00000000833fffd8, 0x0000000083400000| 99%| O|  |TAMS 0x00000000833fffd8, 0x0000000083300000| Untracked 
|  12|0x0000000083400000, 0x00000000834fff40, 0x0000000083500000| 99%| O|  |TAMS 0x00000000834fff40, 0x0000000083400000| Untracked 
|  13|0x0000000083500000, 0x00000000835ffff8, 0x0000000083600000| 99%| O|  |TAMS 0x00000000835ffff8, 0x0000000083500000| Untracked 
|  14|0x0000000083600000, 0x00000000836ffff8, 0x0000000083700000| 99%| O|  |TAMS 0x00000000836ffff8, 0x0000000083600000| Untracked 
|  15|0x0000000083700000, 0x0000000083800000, 0x0000000083800000|100%| O|  |TAMS 0x0000000083800000, 0x0000000083700000| Untracked 
|  16|0x0000000083800000, 0x00000000838fffb8, 0x0000000083900000| 99%| O|  |TAMS 0x00000000838fffb8, 0x0000000083800000| Untracked 
|  17|0x0000000083900000, 0x0000000083a00000, 0x0000000083a00000|100%| O|  |TAMS 0x0000000083a00000, 0x0000000083900000| Untracked 
|  18|0x0000000083a00000, 0x0000000083afffe8, 0x0000000083b00000| 99%| O|  |TAMS 0x0000000083afffe8, 0x0000000083a00000| Untracked 
|  19|0x0000000083b00000, 0x0000000083c00000, 0x0000000083c00000|100%| O|  |TAMS 0x0000000083c00000, 0x0000000083b00000| Untracked 
|  20|0x0000000083c00000, 0x0000000083cfffc8, 0x0000000083d00000| 99%| O|  |TAMS 0x0000000083cfffc8, 0x0000000083c00000| Untracked 
|  21|0x0000000083d00000, 0x0000000083dfffd8, 0x0000000083e00000| 99%| O|  |TAMS 0x0000000083dfffd8, 0x0000000083d00000| Untracked 
|  22|0x0000000083e00000, 0x0000000083efffe8, 0x0000000083f00000| 99%| O|  |TAMS 0x0000000083efffe8, 0x0000000083e00000| Untracked 
|  23|0x0000000083f00000, 0x0000000083f1f600, 0x0000000084000000| 12%| O|  |TAMS 0x0000000083f00000, 0x0000000083f00000| Untracked 
|  24|0x0000000084000000, 0x00000000840ffff8, 0x0000000084100000| 99%| O|  |TAMS 0x00000000840ffff8, 0x0000000084000000| Untracked 
|  25|0x0000000084100000, 0x0000000084100228, 0x0000000084200000|  0%| O|  |TAMS 0x0000000084100000, 0x0000000084100000| Untracked 
|  26|0x0000000084200000, 0x0000000084200000, 0x0000000084300000|  0%| F|  |TAMS 0x0000000084200000, 0x0000000084200000| Untracked 
|  27|0x0000000084300000, 0x0000000084400000, 0x0000000084400000|100%| O|  |TAMS 0x0000000084400000, 0x0000000084300000| Untracked 
|  28|0x0000000084400000, 0x0000000084400000, 0x0000000084500000|  0%| F|  |TAMS 0x0000000084400000, 0x0000000084400000| Untracked 
|  29|0x0000000084500000, 0x0000000084500000, 0x0000000084600000|  0%| F|  |TAMS 0x0000000084500000, 0x0000000084500000| Untracked 
|  30|0x0000000084600000, 0x0000000084600000, 0x0000000084700000|  0%| F|  |TAMS 0x0000000084600000, 0x0000000084600000| Untracked 
|  31|0x0000000084700000, 0x00000000847fffd0, 0x0000000084800000| 99%| O|  |TAMS 0x00000000847fffd0, 0x0000000084700000| Untracked 
|  32|0x0000000084800000, 0x0000000084800000, 0x0000000084900000|  0%| F|  |TAMS 0x0000000084800000, 0x0000000084800000| Untracked 
|  33|0x0000000084900000, 0x0000000084900000, 0x0000000084a00000|  0%| F|  |TAMS 0x0000000084900000, 0x0000000084900000| Untracked 
|  34|0x0000000084a00000, 0x0000000084a00000, 0x0000000084b00000|  0%| F|  |TAMS 0x0000000084a00000, 0x0000000084a00000| Untracked 
|  35|0x0000000084b00000, 0x0000000084b00000, 0x0000000084c00000|  0%| F|  |TAMS 0x0000000084b00000, 0x0000000084b00000| Untracked 
|  36|0x0000000084c00000, 0x0000000084c00000, 0x0000000084d00000|  0%| F|  |TAMS 0x0000000084c00000, 0x0000000084c00000| Untracked 
|  37|0x0000000084d00000, 0x0000000084d00000, 0x0000000084e00000|  0%| F|  |TAMS 0x0000000084d00000, 0x0000000084d00000| Untracked 
|  38|0x0000000084e00000, 0x0000000084e00000, 0x0000000084f00000|  0%| F|  |TAMS 0x0000000084e00000, 0x0000000084e00000| Untracked 
|  39|0x0000000084f00000, 0x0000000084f00000, 0x0000000085000000|  0%| F|  |TAMS 0x0000000084f00000, 0x0000000084f00000| Untracked 
|  40|0x0000000085000000, 0x0000000085000000, 0x0000000085100000|  0%| F|  |TAMS 0x0000000085000000, 0x0000000085000000| Untracked 
|  41|0x0000000085100000, 0x0000000085100000, 0x0000000085200000|  0%| F|  |TAMS 0x0000000085100000, 0x0000000085100000| Untracked 
|  42|0x0000000085200000, 0x0000000085200000, 0x0000000085300000|  0%| F|  |TAMS 0x0000000085200000, 0x0000000085200000| Untracked 
|  43|0x0000000085300000, 0x0000000085300000, 0x0000000085400000|  0%| F|  |TAMS 0x0000000085300000, 0x0000000085300000| Untracked 
|  44|0x0000000085400000, 0x0000000085400000, 0x0000000085500000|  0%| F|  |TAMS 0x0000000085400000, 0x0000000085400000| Untracked 
|  45|0x0000000085500000, 0x0000000085500000, 0x0000000085600000|  0%| F|  |TAMS 0x0000000085500000, 0x0000000085500000| Untracked 
|  46|0x0000000085600000, 0x0000000085600000, 0x0000000085700000|  0%| F|  |TAMS 0x0000000085600000, 0x0000000085600000| Untracked 
|  47|0x0000000085700000, 0x0000000085700000, 0x0000000085800000|  0%| F|  |TAMS 0x0000000085700000, 0x0000000085700000| Untracked 
|  48|0x0000000085800000, 0x0000000085800000, 0x0000000085900000|  0%| F|  |TAMS 0x0000000085800000, 0x0000000085800000| Untracked 
|  49|0x0000000085900000, 0x0000000085900000, 0x0000000085a00000|  0%| F|  |TAMS 0x0000000085900000, 0x0000000085900000| Untracked 
|  50|0x0000000085a00000, 0x0000000085a00000, 0x0000000085b00000|  0%| F|  |TAMS 0x0000000085a00000, 0x0000000085a00000| Untracked 
|  51|0x0000000085b00000, 0x0000000085b00000, 0x0000000085c00000|  0%| F|  |TAMS 0x0000000085b00000, 0x0000000085b00000| Untracked 
|  52|0x0000000085c00000, 0x0000000085c00000, 0x0000000085d00000|  0%| F|  |TAMS 0x0000000085c00000, 0x0000000085c00000| Untracked 
|  53|0x0000000085d00000, 0x0000000085d00000, 0x0000000085e00000|  0%| F|  |TAMS 0x0000000085d00000, 0x0000000085d00000| Untracked 
|  54|0x0000000085e00000, 0x0000000085e00000, 0x0000000085f00000|  0%| F|  |TAMS 0x0000000085e00000, 0x0000000085e00000| Untracked 
|  55|0x0000000085f00000, 0x0000000085f00000, 0x0000000086000000|  0%| F|  |TAMS 0x0000000085f00000, 0x0000000085f00000| Untracked 
|  56|0x0000000086000000, 0x0000000086000000, 0x0000000086100000|  0%| F|  |TAMS 0x0000000086000000, 0x0000000086000000| Untracked 
|  57|0x0000000086100000, 0x0000000086100000, 0x0000000086200000|  0%| F|  |TAMS 0x0000000086100000, 0x0000000086100000| Untracked 
|  58|0x0000000086200000, 0x0000000086200000, 0x0000000086300000|  0%| F|  |TAMS 0x0000000086200000, 0x0000000086200000| Untracked 
|  59|0x0000000086300000, 0x0000000086300000, 0x0000000086400000|  0%| F|  |TAMS 0x0000000086300000, 0x0000000086300000| Untracked 
|  60|0x0000000086400000, 0x0000000086400000, 0x0000000086500000|  0%| F|  |TAMS 0x0000000086400000, 0x0000000086400000| Untracked 
|  61|0x0000000086500000, 0x0000000086500000, 0x0000000086600000|  0%| F|  |TAMS 0x0000000086500000, 0x0000000086500000| Untracked 
|  62|0x0000000086600000, 0x0000000086600000, 0x0000000086700000|  0%| F|  |TAMS 0x0000000086600000, 0x0000000086600000| Untracked 
|  63|0x0000000086700000, 0x0000000086700000, 0x0000000086800000|  0%| F|  |TAMS 0x0000000086700000, 0x0000000086700000| Untracked 
|  64|0x0000000086800000, 0x0000000086800000, 0x0000000086900000|  0%| F|  |TAMS 0x0000000086800000, 0x0000000086800000| Untracked 
|  65|0x0000000086900000, 0x0000000086900000, 0x0000000086a00000|  0%| F|  |TAMS 0x0000000086900000, 0x0000000086900000| Untracked 
|  66|0x0000000086a00000, 0x0000000086a00000, 0x0000000086b00000|  0%| F|  |TAMS 0x0000000086a00000, 0x0000000086a00000| Untracked 
|  67|0x0000000086b00000, 0x0000000086b00000, 0x0000000086c00000|  0%| F|  |TAMS 0x0000000086b00000, 0x0000000086b00000| Untracked 
|  68|0x0000000086c00000, 0x0000000086c00000, 0x0000000086d00000|  0%| F|  |TAMS 0x0000000086c00000, 0x0000000086c00000| Untracked 
|  69|0x0000000086d00000, 0x0000000086d00000, 0x0000000086e00000|  0%| F|  |TAMS 0x0000000086d00000, 0x0000000086d00000| Untracked 
|  70|0x0000000086e00000, 0x0000000086e00000, 0x0000000086f00000|  0%| F|  |TAMS 0x0000000086e00000, 0x0000000086e00000| Untracked 
|  71|0x0000000086f00000, 0x0000000086f00000, 0x0000000087000000|  0%| F|  |TAMS 0x0000000086f00000, 0x0000000086f00000| Untracked 
|  72|0x0000000087000000, 0x0000000087000000, 0x0000000087100000|  0%| F|  |TAMS 0x0000000087000000, 0x0000000087000000| Untracked 
|  73|0x0000000087100000, 0x0000000087100000, 0x0000000087200000|  0%| F|  |TAMS 0x0000000087100000, 0x0000000087100000| Untracked 
|  74|0x0000000087200000, 0x0000000087200000, 0x0000000087300000|  0%| F|  |TAMS 0x0000000087200000, 0x0000000087200000| Untracked 
|  75|0x0000000087300000, 0x0000000087300000, 0x0000000087400000|  0%| F|  |TAMS 0x0000000087300000, 0x0000000087300000| Untracked 
|  76|0x0000000087400000, 0x0000000087400000, 0x0000000087500000|  0%| F|  |TAMS 0x0000000087400000, 0x0000000087400000| Untracked 
|  77|0x0000000087500000, 0x0000000087500000, 0x0000000087600000|  0%| F|  |TAMS 0x0000000087500000, 0x0000000087500000| Untracked 
|  78|0x0000000087600000, 0x0000000087600000, 0x0000000087700000|  0%| F|  |TAMS 0x0000000087600000, 0x0000000087600000| Untracked 
|  79|0x0000000087700000, 0x0000000087700000, 0x0000000087800000|  0%| F|  |TAMS 0x0000000087700000, 0x0000000087700000| Untracked 
|  80|0x0000000087800000, 0x0000000087800000, 0x0000000087900000|  0%| F|  |TAMS 0x0000000087800000, 0x0000000087800000| Untracked 
|  81|0x0000000087900000, 0x0000000087900000, 0x0000000087a00000|  0%| F|  |TAMS 0x0000000087900000, 0x0000000087900000| Untracked 
|  82|0x0000000087a00000, 0x0000000087a00000, 0x0000000087b00000|  0%| F|  |TAMS 0x0000000087a00000, 0x0000000087a00000| Untracked 
|  83|0x0000000087b00000, 0x0000000087b00000, 0x0000000087c00000|  0%| F|  |TAMS 0x0000000087b00000, 0x0000000087b00000| Untracked 
|  84|0x0000000087c00000, 0x0000000087c00000, 0x0000000087d00000|  0%| F|  |TAMS 0x0000000087c00000, 0x0000000087c00000| Untracked 
|  85|0x0000000087d00000, 0x0000000087d00000, 0x0000000087e00000|  0%| F|  |TAMS 0x0000000087d00000, 0x0000000087d00000| Untracked 
|  86|0x0000000087e00000, 0x0000000087e00000, 0x0000000087f00000|  0%| F|  |TAMS 0x0000000087e00000, 0x0000000087e00000| Untracked 
|  87|0x0000000087f00000, 0x0000000087f00000, 0x0000000088000000|  0%| F|  |TAMS 0x0000000087f00000, 0x0000000087f00000| Untracked 
|  88|0x0000000088000000, 0x0000000088000000, 0x0000000088100000|  0%| F|  |TAMS 0x0000000088000000, 0x0000000088000000| Untracked 
|  89|0x0000000088100000, 0x0000000088144b48, 0x0000000088200000| 26%| E|  |TAMS 0x0000000088100000, 0x0000000088100000| Complete 

Card table byte_map: [0x00000176c9690000,0x00000176c9a80000] _byte_map_base: 0x00000176c927c000

Marking Bits (Prev, Next): (CMBitMap*) 0x00000176c366cc60, (CMBitMap*) 0x00000176c366cca0
 Prev Bits: [0x00000176c9e70000, 0x00000176cbdd0000)
 Next Bits: [0x00000176cbdd0000, 0x00000176cdd30000)

Polling page: 0x00000176c2de0000

Metaspace:

Usage:
  Non-class:     39.63 MB used.
      Class:      6.25 MB used.
       Both:     45.87 MB used.

Virtual space:
  Non-class space:       48.00 MB reserved,      39.88 MB ( 83%) committed,  6 nodes.
      Class space:        1.00 GB reserved,       6.44 MB ( <1%) committed,  1 nodes.
             Both:        1.05 GB reserved,      46.31 MB (  4%) committed. 

Chunk freelists:
   Non-Class:  4.01 MB
       Class:  1.65 MB
        Both:  5.66 MB

MaxMetaspaceSize: unlimited
CompressedClassSpaceSize: 1.00 GB
Initial GC threshold: 21.00 MB
Current GC threshold: 77.12 MB
CDS: off
MetaspaceReclaimPolicy: balanced
 - commit_granule_bytes: 65536.
 - commit_granule_words: 8192.
 - virtual_space_node_default_size: 1048576.
 - enlarge_chunks_in_place: 1.
 - new_chunks_are_fully_committed: 0.
 - uncommit_free_chunks: 1.
 - use_allocation_guard: 0.
 - handle_deallocations: 1.


Internal statistics:

num_allocs_failed_limit: 6.
num_arena_births: 456.
num_arena_deaths: 124.
num_vsnodes_births: 7.
num_vsnodes_deaths: 0.
num_space_committed: 741.
num_space_uncommitted: 0.
num_chunks_returned_to_freelist: 153.
num_chunks_taken_from_freelist: 1931.
num_chunk_merges: 51.
num_chunk_splits: 1334.
num_chunks_enlarged: 1052.
num_purges: 6.
num_inconsistent_stats: 0.

CodeCache: size=49152Kb used=11544Kb max_used=12317Kb free=37607Kb
 bounds [0x00000176c62a0000, 0x00000176c6eb0000, 0x00000176c92a0000]
 total_blobs=6731 nmethods=6166 adapters=492
 compilation: enabled
              stopped_count=0, restarted_count=0
 full_count=0

Compilation events (20 events):
Event: 2771.329 Thread 0x00000176d014e770 6156   !   1       java.lang.ProcessImpl::<init> (327 bytes)
Event: 2771.333 Thread 0x00000176d014e770 nmethod 6156 0x00000176c6475310 code [0x00000176c6475720, 0x00000176c64769a8]
Event: 2771.333 Thread 0x00000176d014e770 6157       1       java.lang.Process::<init> (5 bytes)
Event: 2771.333 Thread 0x00000176d014e770 nmethod 6157 0x00000176c6475010 code [0x00000176c64751a0, 0x00000176c6475258]
Event: 2771.333 Thread 0x00000176d014e770 6159       1       java.lang.invoke.LambdaForm$DMH/0x0000000100660400::newInvokeSpecial (23 bytes)
Event: 2771.333 Thread 0x00000176d014e770 nmethod 6159 0x00000176c6474b90 code [0x00000176c6474d40, 0x00000176c6474ec8]
Event: 2771.333 Thread 0x00000176d014e770 6160       1       java.lang.ProcessImpl$$Lambda$661/0x000000010047ac20::<init> (10 bytes)
Event: 2771.333 Thread 0x00000176d014e770 nmethod 6160 0x00000176c6474890 code [0x00000176c6474a20, 0x00000176c6474af8]
Event: 2771.418 Thread 0x00000176d014e770 6161   !   1       java.io.FilterOutputStream::close (183 bytes)
Event: 2771.445 Thread 0x00000176d014e770 nmethod 6161 0x00000176c6473b10 code [0x00000176c6473d20, 0x00000176c64741f8]
Event: 2771.445 Thread 0x00000176d014e770 6166       1       java.lang.ProcessImpl$$Lambda$661/0x000000010047ac20::run (8 bytes)
Event: 2771.445 Thread 0x00000176d014e770 nmethod 6166 0x00000176c6473810 code [0x00000176c64739a0, 0x00000176c6473a88]
Event: 2771.445 Thread 0x00000176d014e770 6167       1       java.lang.ProcessImpl::lambda$new$0 (6 bytes)
Event: 2771.445 Thread 0x00000176d014e770 nmethod 6167 0x00000176c6473510 code [0x00000176c64736a0, 0x00000176c6473768]
Event: 2771.445 Thread 0x00000176d014e770 6162   !   1       java.io.FileOutputStream::close (69 bytes)
Event: 2771.445 Thread 0x00000176d014e770 nmethod 6162 0x00000176c6472e90 code [0x00000176c6473060, 0x00000176c64733d8]
Event: 2771.445 Thread 0x00000176d014e770 6163       1       java.io.FileOutputStream$1::<init> (10 bytes)
Event: 2771.445 Thread 0x00000176d014e770 nmethod 6163 0x00000176c6472b90 code [0x00000176c6472d20, 0x00000176c6472e38]
Event: 2771.445 Thread 0x00000176d014e770 6164       1       java.io.FileOutputStream$1::close (11 bytes)
Event: 2771.446 Thread 0x00000176d014e770 nmethod 6164 0x00000176c6472510 code [0x00000176c64726c0, 0x00000176c64729d8]

GC Heap History (20 events):
Event: 2954.176 GC heap before
{Heap before GC invocations=308 (full 273):
 garbage-first heap   total 92160K, used 26748K [0x0000000082800000, 0x0000000100000000)
  region size 1024K, 1 young (1024K), 0 survivors (0K)
 Metaspace       used 46973K, committed 47424K, reserved 1097728K
  class space    used 6395K, committed 6592K, reserved 1048576K
}
Event: 2954.211 GC heap after
{Heap after GC invocations=309 (full 274):
 garbage-first heap   total 92160K, used 26748K [0x0000000082800000, 0x0000000100000000)
  region size 1024K, 0 young (0K), 0 survivors (0K)
 Metaspace       used 46973K, committed 47424K, reserved 1097728K
  class space    used 6395K, committed 6592K, reserved 1048576K
}
Event: 2964.316 GC heap before
{Heap before GC invocations=309 (full 274):
 garbage-first heap   total 92160K, used 26748K [0x0000000082800000, 0x0000000100000000)
  region size 1024K, 1 young (1024K), 0 survivors (0K)
 Metaspace       used 46973K, committed 47424K, reserved 1097728K
  class space    used 6395K, committed 6592K, reserved 1048576K
}
Event: 2964.346 GC heap after
{Heap after GC invocations=310 (full 275):
 garbage-first heap   total 92160K, used 26748K [0x0000000082800000, 0x0000000100000000)
  region size 1024K, 0 young (0K), 0 survivors (0K)
 Metaspace       used 46973K, committed 47424K, reserved 1097728K
  class space    used 6395K, committed 6592K, reserved 1048576K
}
Event: 2974.458 GC heap before
{Heap before GC invocations=310 (full 275):
 garbage-first heap   total 92160K, used 26748K [0x0000000082800000, 0x0000000100000000)
  region size 1024K, 1 young (1024K), 0 survivors (0K)
 Metaspace       used 46973K, committed 47424K, reserved 1097728K
  class space    used 6395K, committed 6592K, reserved 1048576K
}
Event: 2974.489 GC heap after
{Heap after GC invocations=311 (full 276):
 garbage-first heap   total 92160K, used 26748K [0x0000000082800000, 0x0000000100000000)
  region size 1024K, 0 young (0K), 0 survivors (0K)
 Metaspace       used 46973K, committed 47424K, reserved 1097728K
  class space    used 6395K, committed 6592K, reserved 1048576K
}
Event: 2984.599 GC heap before
{Heap before GC invocations=311 (full 276):
 garbage-first heap   total 92160K, used 26748K [0x0000000082800000, 0x0000000100000000)
  region size 1024K, 1 young (1024K), 0 survivors (0K)
 Metaspace       used 46973K, committed 47424K, reserved 1097728K
  class space    used 6395K, committed 6592K, reserved 1048576K
}
Event: 2984.628 GC heap after
{Heap after GC invocations=312 (full 277):
 garbage-first heap   total 92160K, used 26748K [0x0000000082800000, 0x0000000100000000)
  region size 1024K, 0 young (0K), 0 survivors (0K)
 Metaspace       used 46973K, committed 47424K, reserved 1097728K
  class space    used 6395K, committed 6592K, reserved 1048576K
}
Event: 2994.728 GC heap before
{Heap before GC invocations=312 (full 277):
 garbage-first heap   total 92160K, used 26748K [0x0000000082800000, 0x0000000100000000)
  region size 1024K, 1 young (1024K), 0 survivors (0K)
 Metaspace       used 46973K, committed 47424K, reserved 1097728K
  class space    used 6395K, committed 6592K, reserved 1048576K
}
Event: 2994.756 GC heap after
{Heap after GC invocations=313 (full 278):
 garbage-first heap   total 92160K, used 26748K [0x0000000082800000, 0x0000000100000000)
  region size 1024K, 0 young (0K), 0 survivors (0K)
 Metaspace       used 46973K, committed 47424K, reserved 1097728K
  class space    used 6395K, committed 6592K, reserved 1048576K
}
Event: 3004.912 GC heap before
{Heap before GC invocations=313 (full 278):
 garbage-first heap   total 92160K, used 26748K [0x0000000082800000, 0x0000000100000000)
  region size 1024K, 1 young (1024K), 0 survivors (0K)
 Metaspace       used 46973K, committed 47424K, reserved 1097728K
  class space    used 6395K, committed 6592K, reserved 1048576K
}
Event: 3004.947 GC heap after
{Heap after GC invocations=314 (full 279):
 garbage-first heap   total 92160K, used 26748K [0x0000000082800000, 0x0000000100000000)
  region size 1024K, 0 young (0K), 0 survivors (0K)
 Metaspace       used 46973K, committed 47424K, reserved 1097728K
  class space    used 6395K, committed 6592K, reserved 1048576K
}
Event: 3015.056 GC heap before
{Heap before GC invocations=314 (full 279):
 garbage-first heap   total 92160K, used 26748K [0x0000000082800000, 0x0000000100000000)
  region size 1024K, 1 young (1024K), 0 survivors (0K)
 Metaspace       used 46973K, committed 47424K, reserved 1097728K
  class space    used 6395K, committed 6592K, reserved 1048576K
}
Event: 3015.087 GC heap after
{Heap after GC invocations=315 (full 280):
 garbage-first heap   total 92160K, used 26748K [0x0000000082800000, 0x0000000100000000)
  region size 1024K, 0 young (0K), 0 survivors (0K)
 Metaspace       used 46973K, committed 47424K, reserved 1097728K
  class space    used 6395K, committed 6592K, reserved 1048576K
}
Event: 3025.216 GC heap before
{Heap before GC invocations=315 (full 280):
 garbage-first heap   total 92160K, used 26748K [0x0000000082800000, 0x0000000100000000)
  region size 1024K, 1 young (1024K), 0 survivors (0K)
 Metaspace       used 46973K, committed 47424K, reserved 1097728K
  class space    used 6395K, committed 6592K, reserved 1048576K
}
Event: 3025.250 GC heap after
{Heap after GC invocations=316 (full 281):
 garbage-first heap   total 92160K, used 26748K [0x0000000082800000, 0x0000000100000000)
  region size 1024K, 0 young (0K), 0 survivors (0K)
 Metaspace       used 46973K, committed 47424K, reserved 1097728K
  class space    used 6395K, committed 6592K, reserved 1048576K
}
Event: 3035.349 GC heap before
{Heap before GC invocations=316 (full 281):
 garbage-first heap   total 92160K, used 26748K [0x0000000082800000, 0x0000000100000000)
  region size 1024K, 1 young (1024K), 0 survivors (0K)
 Metaspace       used 46973K, committed 47424K, reserved 1097728K
  class space    used 6395K, committed 6592K, reserved 1048576K
}
Event: 3035.374 GC heap after
{Heap after GC invocations=317 (full 282):
 garbage-first heap   total 92160K, used 26748K [0x0000000082800000, 0x0000000100000000)
  region size 1024K, 0 young (0K), 0 survivors (0K)
 Metaspace       used 46973K, committed 47424K, reserved 1097728K
  class space    used 6395K, committed 6592K, reserved 1048576K
}
Event: 3045.480 GC heap before
{Heap before GC invocations=317 (full 282):
 garbage-first heap   total 92160K, used 26748K [0x0000000082800000, 0x0000000100000000)
  region size 1024K, 1 young (1024K), 0 survivors (0K)
 Metaspace       used 46973K, committed 47424K, reserved 1097728K
  class space    used 6395K, committed 6592K, reserved 1048576K
}
Event: 3045.506 GC heap after
{Heap after GC invocations=318 (full 283):
 garbage-first heap   total 92160K, used 26748K [0x0000000082800000, 0x0000000100000000)
  region size 1024K, 0 young (0K), 0 survivors (0K)
 Metaspace       used 46973K, committed 47424K, reserved 1097728K
  class space    used 6395K, committed 6592K, reserved 1048576K
}

Deoptimization events (20 events):
Event: 7.884 Thread 0x00000176d2485b30 DEOPT PACKING pc=0x00000176c69b05ab sp=0x000000074cbfe420
Event: 7.884 Thread 0x00000176d2485b30 DEOPT UNPACKING pc=0x00000176c62f2b43 sp=0x000000074cbfd968 mode 3
Event: 8.062 Thread 0x00000176d29ee550 DEOPT PACKING pc=0x00000176c676ae01 sp=0x000000074d4fef70
Event: 8.062 Thread 0x00000176d29ee550 DEOPT UNPACKING pc=0x00000176c62f2b43 sp=0x000000074d4fe400 mode 3
Event: 8.469 Thread 0x00000176d29ed6e0 DEOPT PACKING pc=0x00000176c6767b17 sp=0x000000074d3fef30
Event: 8.469 Thread 0x00000176d29ed6e0 DEOPT UNPACKING pc=0x00000176c62f2b43 sp=0x000000074d3fe388 mode 3
Event: 14.437 Thread 0x00000176d2485b30 DEOPT PACKING pc=0x00000176c6777dd2 sp=0x000000074cbfd570
Event: 14.437 Thread 0x00000176d2485b30 DEOPT UNPACKING pc=0x00000176c62f2b43 sp=0x000000074cbfca78 mode 3
Event: 15.231 Thread 0x00000176d2485b30 DEOPT PACKING pc=0x00000176c6e1dd74 sp=0x000000074cbfddd0
Event: 15.231 Thread 0x00000176d2485b30 DEOPT UNPACKING pc=0x00000176c62f2b43 sp=0x000000074cbfd2c8 mode 0
Event: 15.232 Thread 0x00000176d2485b30 DEOPT PACKING pc=0x00000176c6dfb874 sp=0x000000074cbfdea0
Event: 15.232 Thread 0x00000176d2485b30 DEOPT UNPACKING pc=0x00000176c62f2b43 sp=0x000000074cbfd378 mode 0
Event: 15.232 Thread 0x00000176d2485b30 DEOPT PACKING pc=0x00000176c6df6da4 sp=0x000000074cbfdf50
Event: 15.232 Thread 0x00000176d2485b30 DEOPT UNPACKING pc=0x00000176c62f2b43 sp=0x000000074cbfd4d0 mode 0
Event: 15.232 Thread 0x00000176d2485b30 DEOPT PACKING pc=0x00000176c6e4932c sp=0x000000074cbfe250
Event: 15.232 Thread 0x00000176d2485b30 DEOPT UNPACKING pc=0x00000176c62f2b43 sp=0x000000074cbfd6e0 mode 0
Event: 15.439 Thread 0x00000176d2485b30 DEOPT PACKING pc=0x00000176c6ea1355 sp=0x000000074cbfecf0
Event: 15.439 Thread 0x00000176d2485b30 DEOPT UNPACKING pc=0x00000176c62f2b43 sp=0x000000074cbfe198 mode 3
Event: 164.560 Thread 0x00000176d27de930 DEOPT PACKING pc=0x00000176c68b3154 sp=0x000000074c9ff350
Event: 164.560 Thread 0x00000176d27de930 DEOPT UNPACKING pc=0x00000176c62f2b43 sp=0x000000074c9fe7f8 mode 0

Classes unloaded (20 events):
Event: 98.839 Thread 0x00000176d00f4f80 Unloading class 0x000000010034c000 'java/lang/invoke/LambdaForm$DMH+0x000000010034c000'
Event: 98.839 Thread 0x00000176d00f4f80 Unloading class 0x000000010020f800 'java/lang/invoke/LambdaForm$MH+0x000000010020f800'
Event: 98.839 Thread 0x00000176d00f4f80 Unloading class 0x000000010020ec00 'java/lang/invoke/LambdaForm$MH+0x000000010020ec00'
Event: 98.839 Thread 0x00000176d00f4f80 Unloading class 0x0000000100207000 'java/lang/invoke/LambdaForm$MH+0x0000000100207000'
Event: 98.839 Thread 0x00000176d00f4f80 Unloading class 0x0000000100206c00 'java/lang/invoke/LambdaForm$MH+0x0000000100206c00'
Event: 98.839 Thread 0x00000176d00f4f80 Unloading class 0x0000000100206800 'java/lang/invoke/LambdaForm$MH+0x0000000100206800'
Event: 98.839 Thread 0x00000176d00f4f80 Unloading class 0x0000000100206400 'java/lang/invoke/LambdaForm$MH+0x0000000100206400'
Event: 98.839 Thread 0x00000176d00f4f80 Unloading class 0x0000000100206000 'java/lang/invoke/LambdaForm$MH+0x0000000100206000'
Event: 98.839 Thread 0x00000176d00f4f80 Unloading class 0x0000000100205800 'java/lang/invoke/LambdaForm$MH+0x0000000100205800'
Event: 98.839 Thread 0x00000176d00f4f80 Unloading class 0x00000001000d2800 'java/lang/invoke/LambdaForm$MH+0x00000001000d2800'
Event: 98.839 Thread 0x00000176d00f4f80 Unloading class 0x00000001000d2000 'java/lang/invoke/LambdaForm$MH+0x00000001000d2000'
Event: 98.839 Thread 0x00000176d00f4f80 Unloading class 0x00000001000d1c00 'java/lang/invoke/LambdaForm$MH+0x00000001000d1c00'
Event: 98.839 Thread 0x00000176d00f4f80 Unloading class 0x00000001000d1800 'java/lang/invoke/LambdaForm$MH+0x00000001000d1800'
Event: 98.839 Thread 0x00000176d00f4f80 Unloading class 0x00000001000d1000 'java/lang/invoke/LambdaForm$MH+0x00000001000d1000'
Event: 98.839 Thread 0x00000176d00f4f80 Unloading class 0x00000001000d0c00 'java/lang/invoke/LambdaForm$MH+0x00000001000d0c00'
Event: 98.839 Thread 0x00000176d00f4f80 Unloading class 0x00000001000d0800 'java/lang/invoke/LambdaForm$MH+0x00000001000d0800'
Event: 98.839 Thread 0x00000176d00f4f80 Unloading class 0x00000001000d0000 'java/lang/invoke/LambdaForm$MH+0x00000001000d0000'
Event: 935.407 Thread 0x00000176d00f4f80 Unloading class 0x0000000100654400 'java/lang/invoke/LambdaForm$MH+0x0000000100654400'
Event: 935.407 Thread 0x00000176d00f4f80 Unloading class 0x0000000100658800 'java/lang/invoke/LambdaForm$MH+0x0000000100658800'
Event: 935.407 Thread 0x00000176d00f4f80 Unloading class 0x0000000100660800 'java/lang/invoke/LambdaForm$MH+0x0000000100660800'

Classes redefined (0 events):
No events

Internal exceptions (20 events):
Event: 14.205 Thread 0x00000176d485c6e0 Exception <a 'sun/nio/fs/WindowsException'{0x000000009f4064c0}> (0x000000009f4064c0) 
thrown [s\src\hotspot\share\prims\jni.cpp, line 516]
Event: 14.205 Thread 0x00000176d485c6e0 Exception <a 'sun/nio/fs/WindowsException'{0x000000009f406eb0}> (0x000000009f406eb0) 
thrown [s\src\hotspot\share\prims\jni.cpp, line 516]
Event: 14.205 Thread 0x00000176d485c6e0 Exception <a 'sun/nio/fs/WindowsException'{0x000000009f407258}> (0x000000009f407258) 
thrown [s\src\hotspot\share\prims\jni.cpp, line 516]
Event: 14.205 Thread 0x00000176d485c6e0 Exception <a 'sun/nio/fs/WindowsException'{0x000000009f407c58}> (0x000000009f407c58) 
thrown [s\src\hotspot\share\prims\jni.cpp, line 516]
Event: 14.205 Thread 0x00000176d485c6e0 Exception <a 'sun/nio/fs/WindowsException'{0x000000009f408018}> (0x000000009f408018) 
thrown [s\src\hotspot\share\prims\jni.cpp, line 516]
Event: 14.205 Thread 0x00000176d485c6e0 Exception <a 'sun/nio/fs/WindowsException'{0x000000009f408a18}> (0x000000009f408a18) 
thrown [s\src\hotspot\share\prims\jni.cpp, line 516]
Event: 14.205 Thread 0x00000176d485c6e0 Exception <a 'sun/nio/fs/WindowsException'{0x000000009f408dc8}> (0x000000009f408dc8) 
thrown [s\src\hotspot\share\prims\jni.cpp, line 516]
Event: 14.205 Thread 0x00000176d485c6e0 Exception <a 'sun/nio/fs/WindowsException'{0x000000009f4097c8}> (0x000000009f4097c8) 
thrown [s\src\hotspot\share\prims\jni.cpp, line 516]
Event: 14.205 Thread 0x00000176d485c6e0 Exception <a 'sun/nio/fs/WindowsException'{0x000000009f409b88}> (0x000000009f409b88) 
thrown [s\src\hotspot\share\prims\jni.cpp, line 516]
Event: 14.205 Thread 0x00000176d485c6e0 Exception <a 'sun/nio/fs/WindowsException'{0x000000009f40a5b0}> (0x000000009f40a5b0) 
thrown [s\src\hotspot\share\prims\jni.cpp, line 516]
Event: 14.205 Thread 0x00000176d485c6e0 Exception <a 'sun/nio/fs/WindowsException'{0x000000009f40a990}> (0x000000009f40a990) 
thrown [s\src\hotspot\share\prims\jni.cpp, line 516]
Event: 14.205 Thread 0x00000176d485c6e0 Exception <a 'sun/nio/fs/WindowsException'{0x000000009f40b3c8}> (0x000000009f40b3c8) 
thrown [s\src\hotspot\share\prims\jni.cpp, line 516]
Event: 14.205 Thread 0x00000176d485c6e0 Exception <a 'sun/nio/fs/WindowsException'{0x000000009f40b7b8}> (0x000000009f40b7b8) 
thrown [s\src\hotspot\share\prims\jni.cpp, line 516]
Event: 14.205 Thread 0x00000176d485c6e0 Exception <a 'sun/nio/fs/WindowsException'{0x000000009f40c1e0}> (0x000000009f40c1e0) 
thrown [s\src\hotspot\share\prims\jni.cpp, line 516]
Event: 14.205 Thread 0x00000176d485c6e0 Exception <a 'sun/nio/fs/WindowsException'{0x000000009f40c5d0}> (0x000000009f40c5d0) 
thrown [s\src\hotspot\share\prims\jni.cpp, line 516]
Event: 47.579 Thread 0x00000176d22fa440 Exception <a 'java/lang/NoSuchMethodError'{0x00000000a8e93ed8}: 'void java.lang.invoke.DirectMethodHandle$Holder.invokeStatic(java.lang.Object, long)'> (0x00000000a8e93ed8) 
thrown [s\src\hotspot\share\interpreter\linkResolver.cpp, line 759]
Event: 47.579 Thread 0x00000176d22fa440 Exception <a 'java/lang/NoSuchMethodError'{0x00000000a8e99280}: 'java.lang.Object java.lang.invoke.DirectMethodHandle$Holder.newInvokeSpecial(java.lang.Object, long)'> (0x00000000a8e99280) 
thrown [s\src\hotspot\share\interpreter\linkResolver.cpp, line 759]
Event: 47.582 Thread 0x00000176d22fa440 Exception <a 'java/lang/NoSuchMethodError'{0x00000000a8e9fd78}: 'java.lang.Object java.lang.invoke.DirectMethodHandle$Holder.invokeStatic(java.lang.Object, java.lang.Object, long, java.lang.Object)'> (0x00000000a8e9fd78) 
thrown [s\src\hotspot\share\interpreter\linkResolver.cpp, line 759]
Event: 47.582 Thread 0x00000176d22fa440 Exception <a 'java/lang/NoSuchMethodError'{0x00000000a8ea3810}: 'java.lang.Object java.lang.invoke.DirectMethodHandle$Holder.invokeStaticInit(java.lang.Object, java.lang.Object, long, java.lang.Object)'> (0x00000000a8ea3810) 
thrown [s\src\hotspot\share\interpreter\linkResolver.cpp, line 759]
Event: 47.583 Thread 0x00000176d22fa440 Exception <a 'java/lang/NoSuchMethodError'{0x00000000a8ea9b40}: 'java.lang.Object java.lang.invoke.DirectMethodHandle$Holder.newInvokeSpecial(java.lang.Object, java.lang.Object, long)'> (0x00000000a8ea9b40) 
thrown [s\src\hotspot\share\interpreter\linkResolver.cpp, line 759]

VM Operations (20 events):
Event: 2954.211 Executing VM operation: G1CollectFull done
Event: 2964.316 Executing VM operation: G1CollectFull
Event: 2964.346 Executing VM operation: G1CollectFull done
Event: 2974.458 Executing VM operation: G1CollectFull
Event: 2974.489 Executing VM operation: G1CollectFull done
Event: 2984.599 Executing VM operation: G1CollectFull
Event: 2984.628 Executing VM operation: G1CollectFull done
Event: 2994.728 Executing VM operation: G1CollectFull
Event: 2994.756 Executing VM operation: G1CollectFull done
Event: 3004.912 Executing VM operation: G1CollectFull
Event: 3004.948 Executing VM operation: G1CollectFull done
Event: 3015.056 Executing VM operation: G1CollectFull
Event: 3015.087 Executing VM operation: G1CollectFull done
Event: 3025.216 Executing VM operation: G1CollectFull
Event: 3025.250 Executing VM operation: G1CollectFull done
Event: 3035.349 Executing VM operation: G1CollectFull
Event: 3035.374 Executing VM operation: G1CollectFull done
Event: 3045.480 Executing VM operation: G1CollectFull
Event: 3045.506 Executing VM operation: G1CollectFull done
Event: 3055.539 Executing VM operation: G1CollectFull

Events (20 events):
Event: 867.321 loading class java/util/logging/LogRecord done
Event: 871.228 loading class java/util/concurrent/CompletionException
Event: 871.228 loading class java/util/concurrent/CompletionException done
Event: 875.500 Thread 0x00000176d485def0 Thread added: 0x00000176d485def0
Event: 875.501 Thread 0x00000176d485aa00 Thread added: 0x00000176d485aa00
Event: 935.508 Thread 0x00000176d485da20 Thread exited: 0x00000176d485da20
Event: 935.509 Thread 0x00000176d485def0 Thread exited: 0x00000176d485def0
Event: 936.785 Thread 0x00000176d485aa00 Thread exited: 0x00000176d485aa00
Event: 939.659 Thread 0x00000176d485d550 Thread exited: 0x00000176d485d550
Event: 946.255 Thread 0x00000176d485cbb0 Thread exited: 0x00000176d485cbb0
Event: 1137.674 Thread 0x00000176d485e3c0 Thread added: 0x00000176d485e3c0
Event: 1137.675 Thread 0x00000176d48600a0 Thread added: 0x00000176d48600a0
Event: 1137.679 Thread 0x00000176d4860570 Thread added: 0x00000176d4860570
Event: 1142.896 Thread 0x00000176d485e890 Thread added: 0x00000176d485e890
Event: 1142.896 Thread 0x00000176d485a530 Thread added: 0x00000176d485a530
Event: 1202.909 Thread 0x00000176d485e890 Thread exited: 0x00000176d485e890
Event: 1207.410 Thread 0x00000176d48600a0 Thread exited: 0x00000176d48600a0
Event: 1208.329 Thread 0x00000176d485a530 Thread exited: 0x00000176d485a530
Event: 1212.819 Thread 0x00000176d485e3c0 Thread exited: 0x00000176d485e3c0
Event: 1217.293 Thread 0x00000176d4860570 Thread exited: 0x00000176d4860570


Dynamic libraries:
0x00007ff7fd6a0000 - 0x00007ff7fd6ae000 	c:\Users\giiio\.vscode\extensions\redhat.java-1.12.0-win32-x64\jre\17.0.4.1-win32-x86_64\bin\java.exe
0x00007ffb3cf70000 - 0x00007ffb3d184000 	C:\WINDOWS\SYSTEM32\ntdll.dll
0x00007ffb3bd30000 - 0x00007ffb3bdf2000 	C:\WINDOWS\System32\KERNEL32.DLL
0x00007ffb3a4c0000 - 0x00007ffb3a85d000 	C:\WINDOWS\System32\KERNELBASE.dll
0x00007ffb3a3a0000 - 0x00007ffb3a4b1000 	C:\WINDOWS\System32\ucrtbase.dll
0x00007ffb30490000 - 0x00007ffb304a8000 	c:\Users\giiio\.vscode\extensions\redhat.java-1.12.0-win32-x64\jre\17.0.4.1-win32-x86_64\bin\jli.dll
0x00007ffb34890000 - 0x00007ffb348a9000 	c:\Users\giiio\.vscode\extensions\redhat.java-1.12.0-win32-x64\jre\17.0.4.1-win32-x86_64\bin\VCRUNTIME140.dll
0x00007ffb3c070000 - 0x00007ffb3c21a000 	C:\WINDOWS\System32\USER32.dll
0x00007ffb3ab60000 - 0x00007ffb3ab86000 	C:\WINDOWS\System32\win32u.dll
0x00007ffb196c0000 - 0x00007ffb1994e000 	C:\WINDOWS\WinSxS\amd64_microsoft.windows.common-controls_6595b64144ccf1df_6.0.22621.608_none_a9444ca7c10bb01d\COMCTL32.dll
0x00007ffb3bf10000 - 0x00007ffb3bfb7000 	C:\WINDOWS\System32\msvcrt.dll
0x00007ffb3b860000 - 0x00007ffb3b889000 	C:\WINDOWS\System32\GDI32.dll
0x00007ffb3ac50000 - 0x00007ffb3ad62000 	C:\WINDOWS\System32\gdi32full.dll
0x00007ffb3aac0000 - 0x00007ffb3ab5a000 	C:\WINDOWS\System32\msvcp_win.dll
0x00007ffb3b2d0000 - 0x00007ffb3b302000 	C:\WINDOWS\System32\IMM32.DLL
0x00007ffb35a90000 - 0x00007ffb35a9c000 	c:\Users\giiio\.vscode\extensions\redhat.java-1.12.0-win32-x64\jre\17.0.4.1-win32-x86_64\bin\vcruntime140_1.dll
0x00007ffae60f0000 - 0x00007ffae6181000 	c:\Users\giiio\.vscode\extensions\redhat.java-1.12.0-win32-x64\jre\17.0.4.1-win32-x86_64\bin\msvcp140.dll
0x00007ffac5e50000 - 0x00007ffac6a96000 	c:\Users\giiio\.vscode\extensions\redhat.java-1.12.0-win32-x64\jre\17.0.4.1-win32-x86_64\bin\server\jvm.dll
0x00007ffb3c430000 - 0x00007ffb3c4de000 	C:\WINDOWS\System32\ADVAPI32.dll
0x00007ffb3bfc0000 - 0x00007ffb3c064000 	C:\WINDOWS\System32\sechost.dll
0x00007ffb3b330000 - 0x00007ffb3b445000 	C:\WINDOWS\System32\RPCRT4.dll
0x00007ffb3bf00000 - 0x00007ffb3bf08000 	C:\WINDOWS\System32\PSAPI.DLL
0x00007ffb35500000 - 0x00007ffb35509000 	C:\WINDOWS\SYSTEM32\WSOCK32.dll
0x00007ffb37a10000 - 0x00007ffb37a44000 	C:\WINDOWS\SYSTEM32\WINMM.dll
0x00007ffb3b890000 - 0x00007ffb3b901000 	C:\WINDOWS\System32\WS2_32.dll
0x00007ffb2b3a0000 - 0x00007ffb2b3aa000 	C:\WINDOWS\SYSTEM32\VERSION.dll
0x00007ffb39500000 - 0x00007ffb39518000 	C:\WINDOWS\SYSTEM32\kernel.appcore.dll
0x00007ffb34910000 - 0x00007ffb3491a000 	c:\Users\giiio\.vscode\extensions\redhat.java-1.12.0-win32-x64\jre\17.0.4.1-win32-x86_64\bin\jimage.dll
0x00007ffb37410000 - 0x00007ffb3763e000 	C:\WINDOWS\SYSTEM32\DBGHELP.DLL
0x00007ffb3b910000 - 0x00007ffb3bc9a000 	C:\WINDOWS\System32\combase.dll
0x00007ffb3ad70000 - 0x00007ffb3ae47000 	C:\WINDOWS\System32\OLEAUT32.dll
0x00007ffb107f0000 - 0x00007ffb10822000 	C:\WINDOWS\SYSTEM32\dbgcore.DLL
0x00007ffb3a860000 - 0x00007ffb3a8db000 	C:\WINDOWS\System32\bcryptPrimitives.dll
0x00007ffb24ab0000 - 0x00007ffb24ad5000 	c:\Users\giiio\.vscode\extensions\redhat.java-1.12.0-win32-x64\jre\17.0.4.1-win32-x86_64\bin\java.dll
0x00007ffb22370000 - 0x00007ffb22388000 	c:\Users\giiio\.vscode\extensions\redhat.java-1.12.0-win32-x64\jre\17.0.4.1-win32-x86_64\bin\zip.dll
0x00007ffb3c750000 - 0x00007ffb3cf30000 	C:\WINDOWS\System32\SHELL32.dll
0x00007ffb383f0000 - 0x00007ffb38cb5000 	C:\WINDOWS\SYSTEM32\windows.storage.dll
0x00007ffb382b0000 - 0x00007ffb383ee000 	C:\WINDOWS\SYSTEM32\wintypes.dll
0x00007ffb3be00000 - 0x00007ffb3bef1000 	C:\WINDOWS\System32\SHCORE.dll
0x00007ffb3c530000 - 0x00007ffb3c58e000 	C:\WINDOWS\System32\shlwapi.dll
0x00007ffb3a2d0000 - 0x00007ffb3a2f1000 	C:\WINDOWS\SYSTEM32\profapi.dll
0x00007ffb20dc0000 - 0x00007ffb20dd9000 	C:\Users\giiio\.vscode\extensions\redhat.java-1.12.0-win32-x64\jre\17.0.4.1-win32-x86_64\bin\net.dll
0x00007ffb33370000 - 0x00007ffb3349f000 	C:\WINDOWS\SYSTEM32\WINHTTP.dll
0x00007ffb39960000 - 0x00007ffb399c9000 	C:\WINDOWS\system32\mswsock.dll
0x00007ffb1dc40000 - 0x00007ffb1dc55000 	C:\Users\giiio\.vscode\extensions\redhat.java-1.12.0-win32-x64\jre\17.0.4.1-win32-x86_64\bin\nio.dll
0x00007ffb33e30000 - 0x00007ffb33e40000 	c:\Users\giiio\.vscode\extensions\redhat.java-1.12.0-win32-x64\jre\17.0.4.1-win32-x86_64\bin\verify.dll
0x00007ffb33d90000 - 0x00007ffb33d99000 	C:\Users\giiio\.vscode\extensions\redhat.java-1.12.0-win32-x64\jre\17.0.4.1-win32-x86_64\bin\management.dll
0x00007ffb33ce0000 - 0x00007ffb33ceb000 	C:\Users\giiio\.vscode\extensions\redhat.java-1.12.0-win32-x64\jre\17.0.4.1-win32-x86_64\bin\management_ext.dll
0x00007ffb0b640000 - 0x00007ffb0b657000 	C:\WINDOWS\system32\napinsp.dll
0x00007ffb0b680000 - 0x00007ffb0b69b000 	C:\WINDOWS\system32\pnrpnsp.dll
0x00007ffb38f30000 - 0x00007ffb39022000 	C:\WINDOWS\SYSTEM32\DNSAPI.dll
0x00007ffb38f00000 - 0x00007ffb38f2d000 	C:\WINDOWS\SYSTEM32\IPHLPAPI.DLL
0x00007ffb3b750000 - 0x00007ffb3b759000 	C:\WINDOWS\System32\NSI.dll
0x00007ffb0b660000 - 0x00007ffb0b671000 	C:\WINDOWS\System32\winrnr.dll
0x00007ffb14e10000 - 0x00007ffb14e25000 	C:\WINDOWS\system32\wshbth.dll
0x00007ffab9030000 - 0x00007ffab9051000 	C:\WINDOWS\system32\nlansp_c.dll
0x00007ffb28260000 - 0x00007ffb2826a000 	C:\Windows\System32\rasadhlp.dll
0x00007ffb2ff30000 - 0x00007ffb2ffb3000 	C:\WINDOWS\System32\fwpuclnt.dll
0x00007ffb39ba0000 - 0x00007ffb39bbb000 	C:\WINDOWS\SYSTEM32\CRYPTSP.dll
0x00007ffb39470000 - 0x00007ffb394a5000 	C:\WINDOWS\system32\rsaenh.dll
0x00007ffb39a50000 - 0x00007ffb39a78000 	C:\WINDOWS\SYSTEM32\USERENV.dll
0x00007ffb39d60000 - 0x00007ffb39d88000 	C:\WINDOWS\SYSTEM32\bcrypt.dll
0x00007ffb39bc0000 - 0x00007ffb39bcc000 	C:\WINDOWS\SYSTEM32\CRYPTBASE.dll
0x00007ffb33170000 - 0x00007ffb33189000 	C:\WINDOWS\SYSTEM32\dhcpcsvc6.DLL
0x00007ffb32170000 - 0x00007ffb3218f000 	C:\WINDOWS\SYSTEM32\dhcpcsvc.DLL

dbghelp: loaded successfully - version: 4.0.5 - missing functions: none
symbol engine: initialized successfully - sym options: 0x614 - pdb path: .;c:\Users\giiio\.vscode\extensions\redhat.java-1.12.0-win32-x64\jre\17.0.4.1-win32-x86_64\bin;C:\WINDOWS\SYSTEM32;C:\WINDOWS\WinSxS\amd64_microsoft.windows.common-controls_6595b64144ccf1df_6.0.22621.608_none_a9444ca7c10bb01d;c:\Users\giiio\.vscode\extensions\redhat.java-1.12.0-win32-x64\jre\17.0.4.1-win32-x86_64\bin\server

VM Arguments:
jvm_args: -Dsts.lsp.client=vscode -Dsts.log.file=/dev/null -XX:TieredStopAtLevel=1 -Xlog:jni+resolve=off -Dspring.config.location=file:c:\Users\giiio\.vscode\extensions\pivotal.vscode-spring-boot-1.40.0\language-server\BOOT-INF\classes\application.properties 
java_command: org.springframework.ide.vscode.boot.app.BootLanguageServerBootApp
java_class_path (initial): c:\Users\giiio\.vscode\extensions\pivotal.vscode-spring-boot-1.40.0\language-server\BOOT-INF\classes;c:\Users\giiio\.vscode\extensions\pivotal.vscode-spring-boot-1.40.0\language-server\BOOT-INF\lib\annotations-23.0.0.jar;c:\Users\giiio\.vscode\extensions\pivotal.vscode-spring-boot-1.40.0\language-server\BOOT-INF\lib\ant-1.10.12.jar;c:\Users\giiio\.vscode\extensions\pivotal.vscode-spring-boot-1.40.0\language-server\BOOT-INF\lib\ant-launcher-1.10.12.jar;c:\Users\giiio\.vscode\extensions\pivotal.vscode-spring-boot-1.40.0\language-server\BOOT-INF\lib\antlr-runtime-3.5.2.jar;c:\Users\giiio\.vscode\extensions\pivotal.vscode-spring-boot-1.40.0\language-server\BOOT-INF\lib\antlr4-4.9.3.jar;c:\Users\giiio\.vscode\extensions\pivotal.vscode-spring-boot-1.40.0\language-server\BOOT-INF\lib\antlr4-runtime-4.9.3.jar;c:\Users\giiio\.vscode\extensions\pivotal.vscode-spring-boot-1.40.0\language-server\BOOT-INF\lib\asm-9.3.jar;c:\Users\giiio\.vscode\extensions\pivotal.vscode-spring-boot-1.40.0\language-server\BOOT-INF\lib\asm-analysis-9.3.jar;c:\Users\giiio\.vscode\extensions\pivotal.vscode-spring-boot-1.40.0\language-server\BOOT-INF\lib\asm-tree-9.3.jar;c:\Users\giiio\.vscode\extensions\pivotal.vscode-spring-boot-1.40.0\language-server\BOOT-INF\lib\asm-util-9.3.jar;c:\Users\giiio\.vscode\extensions\pivotal.vscode-spring-boot-1.40.0\language-server\BOOT-INF\lib\byte-buddy-1.12.13.jar;c:\Users\giiio\.vscode\extensions\pivotal.vscode-spring-boot-1.40.0\language-server\BOOT-INF\lib\caffeine-2.9.3.jar;c:\Users\giiio\.vscode\extensions\pivotal.vscode-spring-boot-1.40.0\language-server\BOOT-INF\lib\checker-qual-3.12.0.jar;c:\Users\giiio\.vscode\extensions\pivotal.vscode-spring-boot-1.40.0\language-server\BOOT-INF\lib\classgraph-4.8.149.jar;c:\Users\giiio\.vscode\extensions\pivotal.vscode-spring-boot-1.40.0\language-server\BOOT-INF\lib\commons-codec-1.15.jar;c:\Users\giiio\.vscode\extensions\pivotal.vscode-spring-boot-1.40.0\language-server\BOOT-INF\lib\commons-c
Launcher Type: SUN_STANDARD

[Global flags]
     intx CICompilerCount                          = 3                                         {product} {ergonomic}
     uint ConcGCThreads                            = 1                                         {product} {ergonomic}
     uint G1ConcRefinementThreads                  = 4                                         {product} {ergonomic}
   size_t G1HeapRegionSize                         = 1048576                                   {product} {ergonomic}
    uintx GCDrainStackTargetSize                   = 64                                        {product} {ergonomic}
   size_t InitialHeapSize                          = 132120576                                 {product} {ergonomic}
   size_t MarkStackSize                            = 4194304                                   {product} {ergonomic}
   size_t MaxHeapSize                              = 2105540608                                {product} {ergonomic}
   size_t MaxNewSize                               = 1262485504                                {product} {ergonomic}
   size_t MinHeapDeltaBytes                        = 1048576                                   {product} {ergonomic}
   size_t MinHeapSize                              = 8388608                                   {product} {ergonomic}
    uintx NonProfiledCodeHeapSize                  = 0                                      {pd product} {ergonomic}
     bool ProfileInterpreter                       = false                                  {pd product} {command line}
    uintx ProfiledCodeHeapSize                     = 0                                      {pd product} {ergonomic}
   size_t SoftMaxHeapSize                          = 2105540608                             {manageable} {ergonomic}
     intx TieredStopAtLevel                        = 1                                         {product} {command line}
     bool UseCompressedClassPointers               = true                           {product lp64_product} {ergonomic}
     bool UseCompressedOops                        = true                           {product lp64_product} {ergonomic}
     bool UseG1GC                                  = true                                      {product} {ergonomic}
     bool UseLargePagesIndividualAllocation        = false                                  {pd product} {ergonomic}

Logging:
Log output configuration:
 #0: stdout all=warning,jni+resolve=off uptime,level,tags
 #1: stderr all=off uptime,level,tags

Environment Variables:
PATH=C:\Program Files\Common Files\Oracle\Java\javapath;C:\Program Files (x86)\Common Files\Oracle\Java\javapath;C:\WINDOWS\system32;C:\WINDOWS;C:\WINDOWS\System32\Wbem;C:\WINDOWS\System32\WindowsPowerShell\v1.0\;C:\WINDOWS\System32\OpenSSH\;C:\Program Files\nodejs\;C:\Program Files\Git\cmd;C:\Program Files (x86)\Pulse Secure\VC142.CRT\X64\;C:\Program Files (x86)\Pulse Secure\VC142.CRT\X86\;C:\Program Files\Java\javacc-6.0.1\bin;C:\Program Files\Java\jdk-17.0.4.1\bin;C:\Program Files\Java\jdk-11.0.16.1\bin;C:\Program Files\dotnet\;C:\Users\giiio\AppData\Local\Programs\Python\Python310\Scripts\;C:\Users\giiio\AppData\Local\Programs\Python\Python310\;C:\Users\giiio\AppData\Local\Microsoft\WindowsApps;C:\Users\giiio\AppData\Roaming\npm;C:\Users\giiio\AppData\Local\Programs\Microsoft VS Code\bin;C:\Program Files\heroku\bin;C:\Users\giiio\.dotnet\tools;
USERNAME=giiio
OS=Windows_NT
PROCESSOR_IDENTIFIER=Intel64 Family 6 Model 142 Stepping 12, GenuineIntel
TMP=C:\Users\giiio\AppData\Local\Temp
TEMP=C:\Users\giiio\AppData\Local\Temp



---------------  S Y S T E M  ---------------

OS:
 Windows 11 , 64 bit Build 22621 (10.0.22621.755)
OS uptime: 7 days 13:06 hours

CPU: total 4 (initial active 4) (2 cores per cpu, 2 threads per core) family 6 model 142 stepping 12 microcode 0xde, cx8, cmov, fxsr, ht, mmx, 3dnowpref, sse, sse2, sse3, ssse3, sse4.1, sse4.2, popcnt, lzcnt, tsc, tscinvbit, avx, avx2, aes, erms, clmul, bmi1, bmi2, adx, fma, vzeroupper, clflush, clflushopt

Memory: 4k page, system-wide physical 8025M (370M free)
TotalPageFile size 23385M (AvailPageFile size 5M)
current process WorkingSet (physical memory assigned to process): 66M, peak: 648M
current process commit charge ("private bytes"): 234M, peak: 846M

vm_info: OpenJDK 64-Bit Server VM (17.0.4.1+1) for windows-amd64 JRE (17.0.4.1+1), built on Aug 17 2022 07:42:43 by "temurin" with MS VC++ 16.7 (VS2019)

END.
